31/05/2017 09:26:03(00:00:00.000) #1845, **********************************************************************************
31/05/2017 09:26:03(00:00:00.000) #1845, Rotina: Requisitado pelo ERP: Início do Envio
31/05/2017 09:26:03(00:00:00.000) #1845, Log: Tipo de envio: Sincronização de Promoções
31/05/2017 09:26:06(00:02:53.986) #1846, **********************************************************************************
31/05/2017 09:26:06(00:02:53.986) #1846, Rotina: Produtos
31/05/2017 09:26:06(00:02:53.986) #1846, Log: Envio de Produtos(Loja matriz: 1)
31/05/2017 09:26:06(00:02:53.986) #1846, Concluído com Sucesso? N, Status: (Sucesso = 507/ Falha = 0/ Total = 72638)
31/05/2017 09:26:03(00:00:00.000) #1847, **********************************************************************************
31/05/2017 09:26:03(00:00:00.000) #1847, Rotina: Processo abortado
31/05/2017 09:26:03(00:00:00.000) #1847, Log: Cancelado envio requisitado pelo ERP: Sincronização de Promoções
31/05/2017 09:26:03(00:00:00.000) #1847, Concluído com Sucesso? N, Status: (Sucesso = 0/ Falha = 0/ Total = 0)
31/05/2017 09:26:03(00:02:56.485) #1848, **********************************************************************************
31/05/2017 09:26:03(00:02:56.485) #1848, Rotina: Requisitado pelo ERP: Fim do Envio
31/05/2017 09:26:03(00:02:56.485) #1848, Log: Tipo de envio: Sincronização de Promoções
31/05/2017 09:29:19(00:00:00.000) #1849, **********************************************************************************
31/05/2017 09:29:19(00:00:00.000) #1849, Rotina: Execução
31/05/2017 09:29:19(00:00:00.000) #1849, Log: Envio pendente de vendas anteriores: 05/06/2014, 14/10/2016, 15/10/2016, 16/10/2016.
31/05/2017 09:29:19(00:00:00.000) #1849, Data de Envio: 17/11/2016
31/05/2017 09:29:19(00:00:00.000) #1849, Concluído com Sucesso? N, Status: (Sucesso = 0/ Falha = 0/ Total = 0)
31/05/2017 09:29:19(00:00:00.000) #1850, **********************************************************************************
31/05/2017 09:29:19(00:00:00.000) #1850, Rotina: Manual: Início do Envio
31/05/2017 09:29:19(00:00:00.000) #1850, Log: Tipo de envio: Vendas
31/05/2017 09:29:19(00:00:00.000) #1850, Data de Envio: 17/11/2016
31/05/2017 09:29:20(06:37:35.795) #1851, **********************************************************************************
31/05/2017 09:29:20(06:37:35.795) #1851, Rotina: Produtos
31/05/2017 09:29:20(06:37:35.795) #1851, Log: Envio de Produtos(Loja matriz: 1)
31/05/2017 09:29:20(06:37:35.795) #1851, Concluído com Sucesso? N, Status: (Sucesso = 72092/ Falha = 39/ Total = 72131)
31/05/2017 16:06:57(00:00:00.000) #1852, **********************************************************************************
31/05/2017 16:06:57(00:00:00.000) #1852, Rotina: Execução
31/05/2017 16:06:57(00:00:00.000) #1852, Log: Rotina executado com alguns erros(2), verifique o arquivo de logs.

Erro(s) ocorrido(s) durante a execução da rotina:

THREAD = 0
ITEM = 2584
TENTATIVA = 0
URL = http://test.parceiro.scanntech.com/products.apibackend.rest.server/api/minoristas/31206/articulos
Response.StatusCode = 400
RequestStr = {"codigoArticulo":"00000321","descipcion":"PADARIA CHOCOTTONE REDE KG TESTE","tipoPeso":"P","codigoGTIN":"7896006726395","precioVenta":15,"locales":[{"codigoLocal":1}]}
ResponseStr = {"appErrorCode":"CODIGO_BARRAS_ASOCIADO_A_OTRO_ARTICULO","url":null,"message":null}
----------------------------------------------------------------------------------
THREAD = 0
ITEM = 4410
TENTATIVA = 0
URL = http://test.parceiro.scanntech.com/products.apibackend.rest.server/api/minoristas/31206/articulos
Response.StatusCode = 400
RequestStr = {"codigoArticulo":"00326841","descipcion":"SALG YOKITOS 108G CEBOLA","tipoPeso":"U","codigoGTIN":"7896341101970","precioVenta":3.49,"locales":[{"codigoLocal":1}]}
ResponseStr = {"appErrorCode":"CODIGO_BARRAS_ASOCIADO_A_OTRO_ARTICULO","url":null,"message":null}
----------------------------------------------------------------------------------
 
THREAD = 1
ITEM = 28248
TENTATIVA = 0
URL = http://test.parceiro.scanntech.com/products.apibackend.rest.server/api/minoristas/31206/articulos
Response.StatusCode = 400
RequestStr = {"codigoArticulo":"00059916","descipcion":"SALG TORCIDA 80G PIMENTA MEXICANA","tipoPeso":"U","codigoGTIN":"7891095017331","precioVenta":1.49,"locales":[{"codigoLocal":1}]}
ResponseStr = {"appErrorCode":"CODIGO_BARRAS_ASOCIADO_A_OTRO_ARTICULO","url":null,"message":null}
----------------------------------------------------------------------------------
 
THREAD = 4
ITEM = 72075
TENTATIVA = 0
URL = http://test.parceiro.scanntech.com/products.apibackend.rest.server/api/minoristas/31206/articulos
Response.StatusCode = 400
RequestStr = {"codigoArticulo":"00503747","descipcion":"ESCOVA D JADE FROG 730 LIMP LIN MAX CLEAN","tipoPeso":"P","codigoGTIN":"7897217400470","precioVenta":0,"locales":[{"codigoLocal":1}]}
ResponseStr = {"appErrorCode":"CODIGO_BARRAS_ASOCIADO_A_OTRO_ARTICULO","url":null,"message":"codigoArticulo:000000000503181"}
----------------------------------------------------------------------------------
THREAD = 4
ITEM = 72076
TENTATIVA = 0
URL = http://test.parceiro.scanntech.com/products.apibackend.rest.server/api/minoristas/31206/articulos
Response.StatusCode = 400
RequestStr = {"codigoArticulo":"00503617","descipcion":"TEMPERO KODILAR 30G SALSA CEBOLA TOMATE","tipoPeso":"P","codigoGTIN":"7896256080483","precioVenta":0,"locales":[{"codigoLocal":1}]}
ResponseStr = {"appErrorCode":"CODIGO_BARRAS_ASOCIADO_A_OTRO_ARTICULO","url":null,"message":"codigoArticulo:000000000500845"}
----------------------------------------------------------------------------------
THREAD = 4
ITEM = 72077
TENTATIVA = 0
URL = http://test.parceiro.scanntech.com/products.apibackend.rest.server/api/minoristas/31206/articulos
Response.StatusCode = 400
RequestStr = {"codigoArticulo":"00500876","descipcion":"TEMPERO KODILAR 40G FRANGO","tipoPeso":"P","codigoGTIN":"7896256080674","precioVenta":0,"locales":[{"codigoLocal":1}]}
ResponseStr = {"appErrorCode":"CODIGO_BARRAS_ASOCIADO_A_OTRO_ARTICULO","url":null,"message":"codigoArticulo:000000000503624"}
----------------------------------------------------------------------------------
THREAD = 4
ITEM = 72078
TENTATIVA = 0
URL = http://test.parceiro.scanntech.com/products.apibackend.rest.server/api/minoristas/31206/articulos
Response.StatusCode = 400
RequestStr = {"codigoArticulo":"00503167","descipcion":"PROT CERDAS JADE FROG 440 PROTEC","tipoPeso":"P","codigoGTIN":"7897217400463","precioVenta":0,"locales":[{"codigoLocal":1}]}
ResponseStr = {"appErrorCode":"CODIGO_BARRAS_ASOCIADO_A_OTRO_ARTICULO","url":null,"message":"codigoArticulo:000000000503730"}
----------------------------------------------------------------------------------
THREAD = 4
ITEM = 72081
TENTATIVA = 0
URL = http://test.parceiro.scanntech.com/products.apibackend.rest.server/api/minoristas/31206/articulos
Response.StatusCode = 400
RequestStr = {"codigoArticulo":"00503686","descipcion":"COPO NADIR LIGTHS ROCKS","tipoPeso":"P","codigoGTIN":"7891155008903","precioVenta":0,"locales":[{"codigoLocal":1}]}
ResponseStr = {"appErrorCode":"CODIGO_BARRAS_ASOCIADO_A_OTRO_ARTICULO","url":null,"message":"codigoArticulo:000000000502726"}
----------------------------------------------------------------------------------
THREAD = 4
ITEM = 72082
TENTATIVA = 0
URL = http://test.parceiro.scanntech.com/products.apibackend.rest.server/api/minoristas/31206/articulos
Response.StatusCode = 400
RequestStr = {"codigoArticulo":"00503150","descipcion":"FIO D JADE FROG 50M PREMIUM","tipoPeso":"P","codigoGTIN":"7897217400302","precioVenta":0,"locales":[{"codigoLocal":1}]}
ResponseStr = {"appErrorCode":"CODIGO_BARRAS_ASOCIADO_A_OTRO_ARTICULO","url":null,"message":"codigoArticulo:000000000503143"}
----------------------------------------------------------------------------------
THREAD = 4
ITEM = 72083
TENTATIVA = 0
URL = http://test.parceiro.scanntech.com/products.apibackend.rest.server/api/minoristas/31206/articulos
Response.StatusCode = 400
RequestStr = {"codigoArticulo":"00503204","descipcion":"ESCOVA D JADE FROG 3UN 405 INTERD CONICA","tipoPeso":"P","codigoGTIN":"7897217400425","precioVenta":0,"locales":[{"codigoLocal":1}]}
ResponseStr = {"appErrorCode":"CODIGO_BARRAS_ASOCIADO_A_OTRO_ARTICULO","url":null,"message":"codigoArticulo:000000000503211"}
----------------------------------------------------------------------------------
THREAD = 4
ITEM = 72086
TENTATIVA = 0
URL = http://test.parceiro.scanntech.com/products.apibackend.rest.server/api/minoristas/31206/articulos
Response.StatusCode = 400
RequestStr = {"codigoArticulo":"00503136","descipcion":"FIO D JADE FROG 50M PREMIUM","tipoPeso":"P","codigoGTIN":"7897217400302","precioVenta":0,"locales":[{"codigoLocal":1}]}
ResponseStr = {"appErrorCode":"CODIGO_BARRAS_ASOCIADO_A_OTRO_ARTICULO","url":null,"message":"codigoArticulo:000000000503143"}
----------------------------------------------------------------------------------
THREAD = 4
ITEM = 72087
TENTATIVA = 0
URL = http://test.parceiro.scanntech.com/products.apibackend.rest.server/api/minoristas/31206/articulos
Response.StatusCode = 400
RequestStr = {"codigoArticulo":"00503662","descipcion":"PIRULITO TOFFANO 600G LOLLY GUM SORTIDOS","tipoPeso":"P","codigoGTIN":"7897190305496","precioVenta":0,"locales":[{"codigoLocal":1}]}
ResponseStr = {"appErrorCode":"CODIGO_BARRAS_ASOCIADO_A_OTRO_ARTICULO","url":null,"message":"codigoArticulo:000000000501910"}
----------------------------------------------------------------------------------
THREAD = 4
ITEM = 72088
TENTATIVA = 0
URL = http://test.parceiro.scanntech.com/products.apibackend.rest.server/api/minoristas/31206/articulos
Response.StatusCode = 400
RequestStr = {"codigoArticulo":"00500913","descipcion":"TEMP KODILAR 40G PARA PEIXE","tipoPeso":"P","codigoGTIN":"7896256080681","precioVenta":0,"locales":[{"codigoLocal":1}]}
ResponseStr = {"appErrorCode":"CODIGO_BARRAS_ASOCIADO_A_OTRO_ARTICULO","url":null,"message":"codigoArticulo:000000000500906"}
----------------------------------------------------------------------------------
THREAD = 4
ITEM = 72089
TENTATIVA = 0
URL = http://test.parceiro.scanntech.com/products.apibackend.rest.server/api/minoristas/31206/articulos
Response.StatusCode = 400
RequestStr = {"codigoArticulo":"00500777","descipcion":"TEMPERO KODILAR 50G SALSA CEBOLA","tipoPeso":"P","codigoGTIN":"7896256080407","precioVenta":0,"locales":[{"codigoLocal":1}]}
ResponseStr = {"appErrorCode":"CODIGO_BARRAS_ASOCIADO_A_OTRO_ARTICULO","url":null,"message":"codigoArticulo:000000000503594"}
----------------------------------------------------------------------------------
THREAD = 4
ITEM = 72091
TENTATIVA = 0
URL = http://test.parceiro.scanntech.com/products.apibackend.rest.server/api/minoristas/31206/articulos
Response.StatusCode = 400
RequestStr = {"codigoArticulo":"00503754","descipcion":"ESCOVA D JADE FROG 3UN 405 INTERD CONICA","tipoPeso":"P","codigoGTIN":"7897217400425","precioVenta":0,"locales":[{"codigoLocal":1}]}
ResponseStr = {"appErrorCode":"CODIGO_BARRAS_ASOCIADO_A_OTRO_ARTICULO","url":null,"message":"codigoArticulo:000000000503211"}
----------------------------------------------------------------------------------
THREAD = 4
ITEM = 72092
TENTATIVA = 0
URL = http://test.parceiro.scanntech.com/products.apibackend.rest.server/api/minoristas/31206/articulos
Response.StatusCode = 400
RequestStr = {"codigoArticulo":"00503655","descipcion":"PIRULITO LOLLY 210G GUM FRUTAS","tipoPeso":"P","codigoGTIN":"7897190304628","precioVenta":0,"locales":[{"codigoLocal":1}]}
ResponseStr = {"appErrorCode":"CODIGO_BARRAS_ASOCIADO_A_OTRO_ARTICULO","url":null,"message":"codigoArticulo:000000000501903"}
----------------------------------------------------------------------------------
THREAD = 4
ITEM = 72093
TENTATIVA = 0
URL = http://test.parceiro.scanntech.com/products.apibackend.rest.server/api/minoristas/31206/articulos
Response.StatusCode = 400
RequestStr = {"codigoArticulo":"00500890","descipcion":"TEMP KODILAR 40G PARA PEIXE","tipoPeso":"P","codigoGTIN":"7896256080681","precioVenta":0,"locales":[{"codigoLocal":1}]}
ResponseStr = {"appErrorCode":"CODIGO_BARRAS_ASOCIADO_A_OTRO_ARTICULO","url":null,"message":"codigoArticulo:000000000500906"}
----------------------------------------------------------------------------------
THREAD = 4
ITEM = 72094
TENTATIVA = 0
URL = http://test.parceiro.scanntech.com/products.apibackend.rest.server/api/minoristas/31206/articulos
Response.StatusCode = 400
RequestStr = {"codigoArticulo":"00500159","descipcion":"CHESTER INTEIRO CONG PERDIGAO 3 500KG","tipoPeso":"P","codigoGTIN":"5900273008947","precioVenta":0,"locales":[{"codigoLocal":1}]}
ResponseStr = {"appErrorCode":"CODIGO_BARRAS_ASOCIADO_A_OTRO_ARTICULO","url":null,"message":"codigoArticulo:000000000503518"}
----------------------------------------------------------------------------------
THREAD = 4
ITEM = 72095
TENTATIVA = 0
URL = http://test.parceiro.scanntech.com/products.apibackend.rest.server/api/minoristas/31206/articulos
Response.StatusCode = 400
RequestStr = {"codigoArticulo":"00500852","descipcion":"TEMPERO KODILAR 40G FRANGO","tipoPeso":"P","codigoGTIN":"7896256080674","precioVenta":0,"locales":[{"codigoLocal":1}]}
ResponseStr = {"appErrorCode":"CODIGO_BARRAS_ASOCIADO_A_OTRO_ARTICULO","url":null,"message":"codigoArticulo:000000000503624"}
----------------------------------------------------------------------------------
THREAD = 4
ITEM = 72096
TENTATIVA = 0
URL = http://test.parceiro.scanntech.com/products.apibackend.rest.server/api/minoristas/31206/articulos
Response.StatusCode = 400
RequestStr = {"codigoArticulo":"00500838","descipcion":"TEMPERO KODILAR 30G SALSA CEBOLA TOMATE","tipoPeso":"P","codigoGTIN":"7896256080483","precioVenta":0,"locales":[{"codigoLocal":1}]}
ResponseStr = {"appErrorCode":"CODIGO_BARRAS_ASOCIADO_A_OTRO_ARTICULO","url":null,"message":"codigoArticulo:000000000500845"}
----------------------------------------------------------------------------------
THREAD = 4
ITEM = 72098
TENTATIVA = 0
URL = http://test.parceiro.scanntech.com/products.apibackend.rest.server/api/minoristas/31206/articulos
Response.StatusCode = 400
RequestStr = {"codigoArticulo":"00503679","descipcion":"AGUA M LEVITY 1 5L SEM GAS","tipoPeso":"P","codigoGTIN":"7896263501407","precioVenta":0,"locales":[{"codigoLocal":1}]}
ResponseStr = {"appErrorCode":"CODIGO_BARRAS_ASOCIADO_A_OTRO_ARTICULO","url":null,"message":"codigoArticulo:000000000501934"}
----------------------------------------------------------------------------------
THREAD = 4
ITEM = 72101
TENTATIVA = 0
URL = http://test.parceiro.scanntech.com/products.apibackend.rest.server/api/minoristas/31206/articulos
Response.StatusCode = 400
RequestStr = {"codigoArticulo":"00503587","descipcion":"CRAVO DA INDIA KODILAR 40G PO","tipoPeso":"P","codigoGTIN":"7896256080346","precioVenta":0,"locales":[{"codigoLocal":1}]}
ResponseStr = {"appErrorCode":"CODIGO_BARRAS_ASOCIADO_A_OTRO_ARTICULO","url":null,"message":"codigoArticulo:000000000500760"}
----------------------------------------------------------------------------------
THREAD = 4
ITEM = 72102
TENTATIVA = 0
URL = http://test.parceiro.scanntech.com/products.apibackend.rest.server/api/minoristas/31206/articulos
Response.StatusCode = 400
RequestStr = {"codigoArticulo":"00503600","descipcion":"TEMPERO KODILAR 30G SALSA CEBOLA BACON","tipoPeso":"P","codigoGTIN":"7896256080421","precioVenta":0,"locales":[{"codigoLocal":1}]}
ResponseStr = {"appErrorCode":"CODIGO_BARRAS_ASOCIADO_A_OTRO_ARTICULO","url":null,"message":"codigoArticulo:000000000500807"}
----------------------------------------------------------------------------------
THREAD = 4
ITEM = 72103
TENTATIVA = 0
URL = http://test.parceiro.scanntech.com/products.apibackend.rest.server/api/minoristas/31206/articulos
Response.StatusCode = 400
RequestStr = {"codigoArticulo":"00503228","descipcion":"ESCOVA D JADE FROG 1UN 420 INTERD CONICA","tipoPeso":"P","codigoGTIN":"7897217400487","precioVenta":0,"locales":[{"codigoLocal":1}]}
ResponseStr = {"appErrorCode":"CODIGO_BARRAS_ASOCIADO_A_OTRO_ARTICULO","url":null,"message":"codigoArticulo:000000000503235"}
----------------------------------------------------------------------------------
THREAD = 4
ITEM = 72105
TENTATIVA = 0
URL = http://test.parceiro.scanntech.com/products.apibackend.rest.server/api/minoristas/31206/articulos
Response.StatusCode = 400
RequestStr = {"codigoArticulo":"00500821","descipcion":"TEMPERO KODILAR 30G SALSA CEBOLA TOMATE","tipoPeso":"P","codigoGTIN":"7896256080483","precioVenta":0,"locales":[{"codigoLocal":1}]}
ResponseStr = {"appErrorCode":"CODIGO_BARRAS_ASOCIADO_A_OTRO_ARTICULO","url":null,"message":"codigoArticulo:000000000500845"}
----------------------------------------------------------------------------------
THREAD = 4
ITEM = 72106
TENTATIVA = 0
URL = http://test.parceiro.scanntech.com/products.apibackend.rest.server/api/minoristas/31206/articulos
Response.StatusCode = 400
RequestStr = {"codigoArticulo":"00500203","descipcion":"MAC RENATA 500G NINHO 01","tipoPeso":"P","codigoGTIN":"7896022205393","precioVenta":0,"locales":[{"codigoLocal":1}]}
ResponseStr = {"appErrorCode":"CODIGO_BARRAS_ASOCIADO_A_OTRO_ARTICULO","url":null,"message":"codigoArticulo:000000000500210"}
----------------------------------------------------------------------------------
THREAD = 4
ITEM = 72108
TENTATIVA = 0
URL = http://test.parceiro.scanntech.com/products.apibackend.rest.server/api/minoristas/31206/articulos
Response.StatusCode = 400
RequestStr = {"codigoArticulo":"00500784","descipcion":"TEMPERO KODILAR 30G SALSA CEBOLA BACON","tipoPeso":"P","codigoGTIN":"7896256080421","precioVenta":0,"locales":[{"codigoLocal":1}]}
ResponseStr = {"appErrorCode":"CODIGO_BARRAS_ASOCIADO_A_OTRO_ARTICULO","url":null,"message":"codigoArticulo:000000000500807"}
----------------------------------------------------------------------------------
THREAD = 4
ITEM = 72110
TENTATIVA = 0
URL = http://test.parceiro.scanntech.com/products.apibackend.rest.server/api/minoristas/31206/articulos
Response.StatusCode = 400
RequestStr = {"codigoArticulo":"00503129","descipcion":"FIO D JADE FROG 50M SUPERMAN","tipoPeso":"P","codigoGTIN":"7897217402801","precioVenta":0,"locales":[{"codigoLocal":1}]}
ResponseStr = {"appErrorCode":"CODIGO_BARRAS_ASOCIADO_A_OTRO_ARTICULO","url":null,"message":"codigoArticulo:000000000503709"}
----------------------------------------------------------------------------------
THREAD = 4
ITEM = 72112
TENTATIVA = 0
URL = http://test.parceiro.scanntech.com/products.apibackend.rest.server/api/minoristas/31206/articulos
Response.StatusCode = 400
RequestStr = {"codigoArticulo":"00500791","descipcion":"TEMPERO KODILAR 30G SALSA CEBOLA BACON","tipoPeso":"P","codigoGTIN":"7896256080421","precioVenta":0,"locales":[{"codigoLocal":1}]}
ResponseStr = {"appErrorCode":"CODIGO_BARRAS_ASOCIADO_A_OTRO_ARTICULO","url":null,"message":"codigoArticulo:000000000500807"}
----------------------------------------------------------------------------------
THREAD = 4
ITEM = 72113
TENTATIVA = 0
URL = http://test.parceiro.scanntech.com/products.apibackend.rest.server/api/minoristas/31206/articulos
Response.StatusCode = 400
RequestStr = {"codigoArticulo":"00503631","descipcion":"TEMP KODILAR 40G PARA PEIXE","tipoPeso":"P","codigoGTIN":"7896256080681","precioVenta":0,"locales":[{"codigoLocal":1}]}
ResponseStr = {"appErrorCode":"CODIGO_BARRAS_ASOCIADO_A_OTRO_ARTICULO","url":null,"message":"codigoArticulo:000000000500906"}
----------------------------------------------------------------------------------
THREAD = 4
ITEM = 72114
TENTATIVA = 0
URL = http://test.parceiro.scanntech.com/products.apibackend.rest.server/api/minoristas/31206/articulos
Response.StatusCode = 400
RequestStr = {"codigoArticulo":"00503563","descipcion":"MAC RENATA 500G NINHO 01","tipoPeso":"P","codigoGTIN":"7896022205393","precioVenta":0,"locales":[{"codigoLocal":1}]}
ResponseStr = {"appErrorCode":"CODIGO_BARRAS_ASOCIADO_A_OTRO_ARTICULO","url":null,"message":"codigoArticulo:000000000500210"}
----------------------------------------------------------------------------------
THREAD = 4
ITEM = 72116
TENTATIVA = 0
URL = http://test.parceiro.scanntech.com/products.apibackend.rest.server/api/minoristas/31206/articulos
Response.StatusCode = 400
RequestStr = {"codigoArticulo":"00503198","descipcion":"ESCOVA D JADE FROG 730 LIMP LIN MAX CLEAN","tipoPeso":"P","codigoGTIN":"7897217400470","precioVenta":0,"locales":[{"codigoLocal":1}]}
ResponseStr = {"appErrorCode":"CODIGO_BARRAS_ASOCIADO_A_OTRO_ARTICULO","url":null,"message":"codigoArticulo:000000000503181"}
----------------------------------------------------------------------------------
THREAD = 4
ITEM = 72121
TENTATIVA = 0
URL = http://test.parceiro.scanntech.com/products.apibackend.rest.server/api/minoristas/31206/articulos
Response.StatusCode = 400
RequestStr = {"codigoArticulo":"00500883","descipcion":"TEMPERO KODILAR 40G FRANGO","tipoPeso":"P","codigoGTIN":"7896256080674","precioVenta":0,"locales":[{"codigoLocal":1}]}
ResponseStr = {"appErrorCode":"CODIGO_BARRAS_ASOCIADO_A_OTRO_ARTICULO","url":null,"message":"codigoArticulo:000000000503624"}
----------------------------------------------------------------------------------
THREAD = 4
ITEM = 72122
TENTATIVA = 0
URL = http://test.parceiro.scanntech.com/products.apibackend.rest.server/api/minoristas/31206/articulos
Response.StatusCode = 400
RequestStr = {"codigoArticulo":"00503761","descipcion":"ESCOVA D JADE FROG 1UN 420 INTERD CONICA","tipoPeso":"P","codigoGTIN":"7897217400487","precioVenta":0,"locales":[{"codigoLocal":1}]}
ResponseStr = {"appErrorCode":"CODIGO_BARRAS_ASOCIADO_A_OTRO_ARTICULO","url":null,"message":"codigoArticulo:000000000503235"}
----------------------------------------------------------------------------------
THREAD = 4
ITEM = 72123
TENTATIVA = 0
URL = http://test.parceiro.scanntech.com/products.apibackend.rest.server/api/minoristas/31206/articulos
Response.StatusCode = 400
RequestStr = {"codigoArticulo":"00500869","descipcion":"TEMPERO KODILAR 40G FRANGO","tipoPeso":"P","codigoGTIN":"7896256080674","precioVenta":0,"locales":[{"codigoLocal":1}]}
ResponseStr = {"appErrorCode":"CODIGO_BARRAS_ASOCIADO_A_OTRO_ARTICULO","url":null,"message":"codigoArticulo:000000000503624"}
----------------------------------------------------------------------------------
THREAD = 4
ITEM = 72124
TENTATIVA = 0
URL = http://test.parceiro.scanntech.com/products.apibackend.rest.server/api/minoristas/31206/articulos
Response.StatusCode = 400
RequestStr = {"codigoArticulo":"00503174","descipcion":"PROT CERDAS JADE FROG 440 PROTEC","tipoPeso":"P","codigoGTIN":"7897217400463","precioVenta":0,"locales":[{"codigoLocal":1}]}
ResponseStr = {"appErrorCode":"CODIGO_BARRAS_ASOCIADO_A_OTRO_ARTICULO","url":null,"message":"codigoArticulo:000000000503730"}
----------------------------------------------------------------------------------
THREAD = 4
ITEM = 72126
TENTATIVA = 0
URL = http://test.parceiro.scanntech.com/products.apibackend.rest.server/api/minoristas/31206/articulos
Response.StatusCode = 400
RequestStr = {"codigoArticulo":"00501927","descipcion":"PIRULITO TOFFANO 600G LOLLY GUM SORTIDOS","tipoPeso":"P","codigoGTIN":"7897190305496","precioVenta":0,"locales":[{"codigoLocal":1}]}
ResponseStr = {"appErrorCode":"CODIGO_BARRAS_ASOCIADO_A_OTRO_ARTICULO","url":null,"message":"codigoArticulo:000000000501910"}
----------------------------------------------------------------------------------
THREAD = 4
ITEM = 72127
TENTATIVA = 0
URL = http://test.parceiro.scanntech.com/products.apibackend.rest.server/api/minoristas/31206/articulos
Response.StatusCode = 400
RequestStr = {"codigoArticulo":"00503693","descipcion":"JUNDIA POTE 2L COCO QUEIMADO","tipoPeso":"P","codigoGTIN":"7898036492257","precioVenta":0,"locales":[{"codigoLocal":1}]}
ResponseStr = {"appErrorCode":"CODIGO_BARRAS_ASOCIADO_A_OTRO_ARTICULO","url":null,"message":"codigoArticulo:000000000503112"}
----------------------------------------------------------------------------------
THREAD = 4
ITEM = 72129
TENTATIVA = 0
URL = http://test.parceiro.scanntech.com/products.apibackend.rest.server/api/minoristas/31206/articulos
Response.StatusCode = 400
RequestStr = {"codigoArticulo":"00503723","descipcion":"FIO D JADE FROG 50M PREMIUM","tipoPeso":"P","codigoGTIN":"7897217400302","precioVenta":0,"locales":[{"codigoLocal":1}]}
ResponseStr = {"appErrorCode":"CODIGO_BARRAS_ASOCIADO_A_OTRO_ARTICULO","url":null,"message":"codigoArticulo:000000000503143"}
----------------------------------------------------------------------------------
 
31/05/2017 16:07:02(00:00:33.704) #1853, **********************************************************************************
31/05/2017 16:07:02(00:00:33.704) #1853, Rotina: Preços
31/05/2017 16:07:02(00:00:33.704) #1853, Log: Envio de Preços(Loja: 1)
31/05/2017 16:07:02(00:00:33.704) #1853, Concluído com Sucesso? N, Status: (Sucesso = 83/ Falha = 14/ Total = 97)
THREAD = 3
ITEM = 72
TENTATIVA = 0
URL = http://test.parceiro.scanntech.com/products.apibackend.rest.server/api/minoristas/31206/articulos/00503563/precios
Response.StatusCode = 400
RequestStr = {"descuento":false,"precioVenta":0,"truncamiento":false,"locales":[{"codigoLocal":1}]}
ResponseStr = {"appErrorCode":"ARTICULO_NO_ENCONTRADO","url":null,"message":"No se encontro el articulo de codigo 000000000503563"}
----------------------------------------------------------------------------------
THREAD = 3
ITEM = 73
TENTATIVA = 0
URL = http://test.parceiro.scanntech.com/products.apibackend.rest.server/api/minoristas/31206/articulos/00503587/precios
Response.StatusCode = 400
RequestStr = {"descuento":false,"precioVenta":0,"truncamiento":false,"locales":[{"codigoLocal":1}]}
ResponseStr = {"appErrorCode":"ARTICULO_NO_ENCONTRADO","url":null,"message":"No se encontro el articulo de codigo 000000000503587"}
----------------------------------------------------------------------------------
THREAD = 3
ITEM = 74
TENTATIVA = 0
URL = http://test.parceiro.scanntech.com/products.apibackend.rest.server/api/minoristas/31206/articulos/00503600/precios
Response.StatusCode = 400
RequestStr = {"descuento":false,"precioVenta":0,"truncamiento":false,"locales":[{"codigoLocal":1}]}
ResponseStr = {"appErrorCode":"ARTICULO_NO_ENCONTRADO","url":null,"message":"No se encontro el articulo de codigo 000000000503600"}
----------------------------------------------------------------------------------
THREAD = 3
ITEM = 75
TENTATIVA = 0
URL = http://test.parceiro.scanntech.com/products.apibackend.rest.server/api/minoristas/31206/articulos/00503617/precios
Response.StatusCode = 400
RequestStr = {"descuento":false,"precioVenta":0,"truncamiento":false,"locales":[{"codigoLocal":1}]}
ResponseStr = {"appErrorCode":"ARTICULO_NO_ENCONTRADO","url":null,"message":"No se encontro el articulo de codigo 000000000503617"}
----------------------------------------------------------------------------------
 
THREAD = 4
ITEM = 76
TENTATIVA = 0
URL = http://test.parceiro.scanntech.com/products.apibackend.rest.server/api/minoristas/31206/articulos/00503631/precios
Response.StatusCode = 400
RequestStr = {"descuento":false,"precioVenta":0,"truncamiento":false,"locales":[{"codigoLocal":1}]}
ResponseStr = {"appErrorCode":"ARTICULO_NO_ENCONTRADO","url":null,"message":"No se encontro el articulo de codigo 000000000503631"}
----------------------------------------------------------------------------------
THREAD = 4
ITEM = 77
TENTATIVA = 0
URL = http://test.parceiro.scanntech.com/products.apibackend.rest.server/api/minoristas/31206/articulos/00503655/precios
Response.StatusCode = 400
RequestStr = {"descuento":false,"precioVenta":0,"truncamiento":false,"locales":[{"codigoLocal":1}]}
ResponseStr = {"appErrorCode":"ARTICULO_NO_ENCONTRADO","url":null,"message":"No se encontro el articulo de codigo 000000000503655"}
----------------------------------------------------------------------------------
THREAD = 4
ITEM = 78
TENTATIVA = 0
URL = http://test.parceiro.scanntech.com/products.apibackend.rest.server/api/minoristas/31206/articulos/00503662/precios
Response.StatusCode = 400
RequestStr = {"descuento":false,"precioVenta":0,"truncamiento":false,"locales":[{"codigoLocal":1}]}
ResponseStr = {"appErrorCode":"ARTICULO_NO_ENCONTRADO","url":null,"message":"No se encontro el articulo de codigo 000000000503662"}
----------------------------------------------------------------------------------
THREAD = 4
ITEM = 79
TENTATIVA = 0
URL = http://test.parceiro.scanntech.com/products.apibackend.rest.server/api/minoristas/31206/articulos/00503679/precios
Response.StatusCode = 400
RequestStr = {"descuento":false,"precioVenta":0,"truncamiento":false,"locales":[{"codigoLocal":1}]}
ResponseStr = {"appErrorCode":"ARTICULO_NO_ENCONTRADO","url":null,"message":"No se encontro el articulo de codigo 000000000503679"}
----------------------------------------------------------------------------------
THREAD = 4
ITEM = 80
TENTATIVA = 0
URL = http://test.parceiro.scanntech.com/products.apibackend.rest.server/api/minoristas/31206/articulos/00503686/precios
Response.StatusCode = 400
RequestStr = {"descuento":false,"precioVenta":0,"truncamiento":false,"locales":[{"codigoLocal":1}]}
ResponseStr = {"appErrorCode":"ARTICULO_NO_ENCONTRADO","url":null,"message":"No se encontro el articulo de codigo 000000000503686"}
----------------------------------------------------------------------------------
THREAD = 4
ITEM = 81
TENTATIVA = 0
URL = http://test.parceiro.scanntech.com/products.apibackend.rest.server/api/minoristas/31206/articulos/00503693/precios
Response.StatusCode = 400
RequestStr = {"descuento":false,"precioVenta":0,"truncamiento":false,"locales":[{"codigoLocal":1}]}
ResponseStr = {"appErrorCode":"ARTICULO_NO_ENCONTRADO","url":null,"message":"No se encontro el articulo de codigo 000000000503693"}
----------------------------------------------------------------------------------
THREAD = 4
ITEM = 82
TENTATIVA = 0
URL = http://test.parceiro.scanntech.com/products.apibackend.rest.server/api/minoristas/31206/articulos/00503723/precios
Response.StatusCode = 400
RequestStr = {"descuento":false,"precioVenta":0,"truncamiento":false,"locales":[{"codigoLocal":1}]}
ResponseStr = {"appErrorCode":"ARTICULO_NO_ENCONTRADO","url":null,"message":"No se encontro el articulo de codigo 000000000503723"}
----------------------------------------------------------------------------------
THREAD = 4
ITEM = 83
TENTATIVA = 0
URL = http://test.parceiro.scanntech.com/products.apibackend.rest.server/api/minoristas/31206/articulos/00503747/precios
Response.StatusCode = 400
RequestStr = {"descuento":false,"precioVenta":0,"truncamiento":false,"locales":[{"codigoLocal":1}]}
ResponseStr = {"appErrorCode":"ARTICULO_NO_ENCONTRADO","url":null,"message":"No se encontro el articulo de codigo 000000000503747"}
----------------------------------------------------------------------------------
THREAD = 4
ITEM = 84
TENTATIVA = 0
URL = http://test.parceiro.scanntech.com/products.apibackend.rest.server/api/minoristas/31206/articulos/00503754/precios
Response.StatusCode = 400
RequestStr = {"descuento":false,"precioVenta":0,"truncamiento":false,"locales":[{"codigoLocal":1}]}
ResponseStr = {"appErrorCode":"ARTICULO_NO_ENCONTRADO","url":null,"message":"No se encontro el articulo de codigo 000000000503754"}
----------------------------------------------------------------------------------
THREAD = 4
ITEM = 85
TENTATIVA = 0
URL = http://test.parceiro.scanntech.com/products.apibackend.rest.server/api/minoristas/31206/articulos/00503761/precios
Response.StatusCode = 400
RequestStr = {"descuento":false,"precioVenta":0,"truncamiento":false,"locales":[{"codigoLocal":1}]}
ResponseStr = {"appErrorCode":"ARTICULO_NO_ENCONTRADO","url":null,"message":"No se encontro el articulo de codigo 000000000503761"}
----------------------------------------------------------------------------------
 
31/05/2017 16:07:37(01:20:22.772) #1854, **********************************************************************************
31/05/2017 16:07:37(01:20:22.772) #1854, Rotina: Código de barras
31/05/2017 16:07:37(01:20:22.772) #1854, Log: Envio de Código de barras(Loja matriz: 1)
31/05/2017 16:07:37(01:20:22.772) #1854, Concluído com Sucesso? N, Status: (Sucesso = 77789/ Falha = 24/ Total = 77813)
31/05/2017 17:28:00(00:00:00.000) #1855, **********************************************************************************
31/05/2017 17:28:00(00:00:00.000) #1855, Rotina: Execução
31/05/2017 17:28:00(00:00:00.000) #1855, Log: Rotina executado com alguns erros(8), verifique o arquivo de logs.

Erro(s) ocorrido(s) durante a execução da rotina:

THREAD = 0
ITEM = 2946
TENTATIVA = 0
URL = http://test.parceiro.scanntech.com/products.apibackend.rest.server/api/minoristas/31206/articulos/00000123/barras
Response.StatusCode = 400
RequestStr = {"codigoGtin":"7896864400130","codigoArticulo":"00000123"}
ResponseStr = {"appErrorCode":"CODIGO_BARRAS_ASOCIADO_A_OTRO_ARTICULO","url":null,"message":null}
----------------------------------------------------------------------------------
THREAD = 0
ITEM = 2947
TENTATIVA = 0
URL = http://test.parceiro.scanntech.com/products.apibackend.rest.server/api/minoristas/31206/articulos/00000123/barras
Response.StatusCode = 400
RequestStr = {"codigoGtin":"7896205744251","codigoArticulo":"00000123"}
ResponseStr = {"appErrorCode":"CODIGO_BARRAS_ASOCIADO_A_OTRO_ARTICULO","url":null,"message":null}
----------------------------------------------------------------------------------
THREAD = 0
ITEM = 2948
TENTATIVA = 0
URL = http://test.parceiro.scanntech.com/products.apibackend.rest.server/api/minoristas/31206/articulos/00000123/barras
Response.StatusCode = 400
RequestStr = {"codigoGtin":"7896062699947","codigoArticulo":"00000123"}
ResponseStr = {"appErrorCode":"CODIGO_BARRAS_ASOCIADO_A_OTRO_ARTICULO","url":null,"message":null}
----------------------------------------------------------------------------------
THREAD = 0
ITEM = 3011
TENTATIVA = 0
URL = http://test.parceiro.scanntech.com/products.apibackend.rest.server/api/minoristas/31206/articulos/00000321/barras
Response.StatusCode = 400
RequestStr = {"codigoGtin":"7896006726395","codigoArticulo":"00000321"}
ResponseStr = {"appErrorCode":"CODIGO_BARRAS_ASOCIADO_A_OTRO_ARTICULO","url":null,"message":null}
----------------------------------------------------------------------------------
THREAD = 0
ITEM = 4606
TENTATIVA = 0
URL = http://test.parceiro.scanntech.com/products.apibackend.rest.server/api/minoristas/31206/articulos/00433556/barras
Response.StatusCode = 400
RequestStr = {"codigoGtin":"7897001040028","codigoArticulo":"00433556"}
ResponseStr = {"appErrorCode":"CODIGO_BARRAS_ASOCIADO_A_OTRO_ARTICULO","url":null,"message":null}
----------------------------------------------------------------------------------
THREAD = 0
ITEM = 4625
TENTATIVA = 0
URL = http://test.parceiro.scanntech.com/products.apibackend.rest.server/api/minoristas/31206/articulos/00433556/barras
Response.StatusCode = 400
RequestStr = {"codigoGtin":"7891266680128","codigoArticulo":"00433556"}
ResponseStr = {"appErrorCode":"CODIGO_BARRAS_ASOCIADO_A_OTRO_ARTICULO","url":null,"message":null}
----------------------------------------------------------------------------------
THREAD = 0
ITEM = 4959
TENTATIVA = 0
URL = http://test.parceiro.scanntech.com/products.apibackend.rest.server/api/minoristas/31206/articulos/00326841/barras
Response.StatusCode = 400
RequestStr = {"codigoGtin":"7896341101970","codigoArticulo":"00326841"}
ResponseStr = {"appErrorCode":"CODIGO_BARRAS_ASOCIADO_A_OTRO_ARTICULO","url":null,"message":null}
----------------------------------------------------------------------------------
THREAD = 0
ITEM = 9673
TENTATIVA = 0
RequestStr = {"codigoGtin":"7899471623831","codigoArticulo":"01602197"}
Erro = 
----------------------------------------------------------------------------------
 
THREAD = 1
ITEM = 19213
TENTATIVA = 0
RequestStr = {"codigoGtin":"7894650130070","codigoArticulo":"01196726"}
Erro = 
----------------------------------------------------------------------------------
THREAD = 1
ITEM = 19631
TENTATIVA = 0
RequestStr = {"codigoGtin":"7898951850149","codigoArticulo":"00367806"}
Erro = 
----------------------------------------------------------------------------------
THREAD = 1
ITEM = 30309
TENTATIVA = 0
URL = http://test.parceiro.scanntech.com/products.apibackend.rest.server/api/minoristas/31206/articulos/00059916/barras
Response.StatusCode = 400
RequestStr = {"codigoGtin":"7891095017331","codigoArticulo":"00059916"}
ResponseStr = {"appErrorCode":"CODIGO_BARRAS_ASOCIADO_A_OTRO_ARTICULO","url":null,"message":null}
----------------------------------------------------------------------------------
 
THREAD = 2
ITEM = 39863
TENTATIVA = 0
RequestStr = {"codigoGtin":"7891022854077","codigoArticulo":"00092999"}
Erro = 
----------------------------------------------------------------------------------
THREAD = 2
ITEM = 43211
TENTATIVA = 0
URL = http://test.parceiro.scanntech.com/products.apibackend.rest.server/api/minoristas/31206/articulos/00440561/barras
Response.StatusCode = 400
RequestStr = {"codigoGtin":"00140454","codigoArticulo":"00440561"}
ResponseStr = {"appErrorCode":"CODIGO_BARRAS_ASOCIADO_A_OTRO_ARTICULO","url":null,"message":null}
----------------------------------------------------------------------------------
 
THREAD = 3
ITEM = 50955
TENTATIVA = 0
RequestStr = {"codigoGtin":"45756368","codigoArticulo":"45756368"}
Erro = 
----------------------------------------------------------------------------------
 
THREAD = 4
ITEM = 75486
TENTATIVA = 0
RequestStr = {"codigoGtin":"00451451","codigoArticulo":"00451451"}
Erro = 
----------------------------------------------------------------------------------
THREAD = 4
ITEM = 77778
TENTATIVA = 0
URL = http://test.parceiro.scanntech.com/products.apibackend.rest.server/api/minoristas/31206/articulos/00503747/barras
Response.StatusCode = 400
RequestStr = {"codigoGtin":"7897217400470","codigoArticulo":"00503747"}
ResponseStr = {"appErrorCode":"ARTICULO_NO_ENCONTRADO","url":null,"message":"No se encontro el articulo de codigo 000000000503747"}
----------------------------------------------------------------------------------
THREAD = 4
ITEM = 77795
TENTATIVA = 0
URL = http://test.parceiro.scanntech.com/products.apibackend.rest.server/api/minoristas/31206/articulos/00504003/barras
Response.StatusCode = 400
RequestStr = {"codigoGtin":"7896037514824","codigoArticulo":"00504003"}
ResponseStr = {"appErrorCode":"CODIGO_BARRAS_ASOCIADO_A_OTRO_ARTICULO","url":null,"message":null}
----------------------------------------------------------------------------------
THREAD = 4
ITEM = 77800
TENTATIVA = 0
URL = http://test.parceiro.scanntech.com/products.apibackend.rest.server/api/minoristas/31206/articulos/00503617/barras
Response.StatusCode = 400
RequestStr = {"codigoGtin":"7896256080483","codigoArticulo":"00503617"}
ResponseStr = {"appErrorCode":"ARTICULO_NO_ENCONTRADO","url":null,"message":"No se encontro el articulo de codigo 000000000503617"}
----------------------------------------------------------------------------------
THREAD = 4
ITEM = 77801
TENTATIVA = 0
URL = http://test.parceiro.scanntech.com/products.apibackend.rest.server/api/minoristas/31206/articulos/00503686/barras
Response.StatusCode = 400
RequestStr = {"codigoGtin":"7891155008903","codigoArticulo":"00503686"}
ResponseStr = {"appErrorCode":"ARTICULO_NO_ENCONTRADO","url":null,"message":"No se encontro el articulo de codigo 000000000503686"}
----------------------------------------------------------------------------------
THREAD = 4
ITEM = 77802
TENTATIVA = 0
URL = http://test.parceiro.scanntech.com/products.apibackend.rest.server/api/minoristas/31206/articulos/00503662/barras
Response.StatusCode = 400
RequestStr = {"codigoGtin":"7897190305496","codigoArticulo":"00503662"}
ResponseStr = {"appErrorCode":"ARTICULO_NO_ENCONTRADO","url":null,"message":"No se encontro el articulo de codigo 000000000503662"}
----------------------------------------------------------------------------------
THREAD = 4
ITEM = 77803
TENTATIVA = 0
URL = http://test.parceiro.scanntech.com/products.apibackend.rest.server/api/minoristas/31206/articulos/00503754/barras
Response.StatusCode = 400
RequestStr = {"codigoGtin":"7897217400425","codigoArticulo":"00503754"}
ResponseStr = {"appErrorCode":"ARTICULO_NO_ENCONTRADO","url":null,"message":"No se encontro el articulo de codigo 000000000503754"}
----------------------------------------------------------------------------------
THREAD = 4
ITEM = 77804
TENTATIVA = 0
URL = http://test.parceiro.scanntech.com/products.apibackend.rest.server/api/minoristas/31206/articulos/00503655/barras
Response.StatusCode = 400
RequestStr = {"codigoGtin":"7897190304628","codigoArticulo":"00503655"}
ResponseStr = {"appErrorCode":"ARTICULO_NO_ENCONTRADO","url":null,"message":"No se encontro el articulo de codigo 000000000503655"}
----------------------------------------------------------------------------------
THREAD = 4
ITEM = 77805
TENTATIVA = 0
URL = http://test.parceiro.scanntech.com/products.apibackend.rest.server/api/minoristas/31206/articulos/00503679/barras
Response.StatusCode = 400
RequestStr = {"codigoGtin":"7896263501407","codigoArticulo":"00503679"}
ResponseStr = {"appErrorCode":"ARTICULO_NO_ENCONTRADO","url":null,"message":"No se encontro el articulo de codigo 000000000503679"}
----------------------------------------------------------------------------------
THREAD = 4
ITEM = 77806
TENTATIVA = 0
URL = http://test.parceiro.scanntech.com/products.apibackend.rest.server/api/minoristas/31206/articulos/00503587/barras
Response.StatusCode = 400
RequestStr = {"codigoGtin":"7896256080346","codigoArticulo":"00503587"}
ResponseStr = {"appErrorCode":"ARTICULO_NO_ENCONTRADO","url":null,"message":"No se encontro el articulo de codigo 000000000503587"}
----------------------------------------------------------------------------------
THREAD = 4
ITEM = 77807
TENTATIVA = 0
URL = http://test.parceiro.scanntech.com/products.apibackend.rest.server/api/minoristas/31206/articulos/00503600/barras
Response.StatusCode = 400
RequestStr = {"codigoGtin":"7896256080421","codigoArticulo":"00503600"}
ResponseStr = {"appErrorCode":"ARTICULO_NO_ENCONTRADO","url":null,"message":"No se encontro el articulo de codigo 000000000503600"}
----------------------------------------------------------------------------------
THREAD = 4
ITEM = 77808
TENTATIVA = 0
URL = http://test.parceiro.scanntech.com/products.apibackend.rest.server/api/minoristas/31206/articulos/00503631/barras
Response.StatusCode = 400
RequestStr = {"codigoGtin":"7896256080681","codigoArticulo":"00503631"}
ResponseStr = {"appErrorCode":"ARTICULO_NO_ENCONTRADO","url":null,"message":"No se encontro el articulo de codigo 000000000503631"}
----------------------------------------------------------------------------------
THREAD = 4
ITEM = 77809
TENTATIVA = 0
URL = http://test.parceiro.scanntech.com/products.apibackend.rest.server/api/minoristas/31206/articulos/00503563/barras
Response.StatusCode = 400
RequestStr = {"codigoGtin":"7896022205393","codigoArticulo":"00503563"}
ResponseStr = {"appErrorCode":"ARTICULO_NO_ENCONTRADO","url":null,"message":"No se encontro el articulo de codigo 000000000503563"}
----------------------------------------------------------------------------------
THREAD = 4
ITEM = 77810
TENTATIVA = 0
URL = http://test.parceiro.scanntech.com/products.apibackend.rest.server/api/minoristas/31206/articulos/00503761/barras
Response.StatusCode = 400
RequestStr = {"codigoGtin":"7897217400487","codigoArticulo":"00503761"}
ResponseStr = {"appErrorCode":"ARTICULO_NO_ENCONTRADO","url":null,"message":"No se encontro el articulo de codigo 000000000503761"}
----------------------------------------------------------------------------------
THREAD = 4
ITEM = 77811
TENTATIVA = 0
URL = http://test.parceiro.scanntech.com/products.apibackend.rest.server/api/minoristas/31206/articulos/00503693/barras
Response.StatusCode = 400
RequestStr = {"codigoGtin":"7898036492257","codigoArticulo":"00503693"}
ResponseStr = {"appErrorCode":"ARTICULO_NO_ENCONTRADO","url":null,"message":"No se encontro el articulo de codigo 000000000503693"}
----------------------------------------------------------------------------------
THREAD = 4
ITEM = 77812
TENTATIVA = 0
URL = http://test.parceiro.scanntech.com/products.apibackend.rest.server/api/minoristas/31206/articulos/00503723/barras
Response.StatusCode = 400
RequestStr = {"codigoGtin":"7897217400302","codigoArticulo":"00503723"}
ResponseStr = {"appErrorCode":"ARTICULO_NO_ENCONTRADO","url":null,"message":"No se encontro el articulo de codigo 000000000503723"}
----------------------------------------------------------------------------------
 
31/05/2017 17:28:00(00:00:02.343) #1856, **********************************************************************************
31/05/2017 17:28:00(00:00:02.343) #1856, Rotina: Promoções
31/05/2017 17:28:00(00:00:02.343) #1856, Log: Sincronização de Promoções(Loja: 1)
31/05/2017 17:28:00(00:00:02.343) #1856, Concluído com Sucesso? S, Status: (Sucesso = 2/ Falha = 0/ Total = 2)
31/05/2017 17:28:02(00:00:00.000) #1857, **********************************************************************************
31/05/2017 17:28:02(00:00:00.000) #1857, Rotina: Execução
31/05/2017 17:28:02(00:00:00.000) #1857, Log: Rotina executado com alguns avisos(1), verifique o arquivo de logs.

Avisos(s) ocorrido(s) durante a execução da rotina:

Log ocorrido ao executar o processo: 
THREAD = 0
ITEM = 3
MÉTODO = ATUALIZAÇÃO DA PROGRAMAÇÃO
Programação(Scanntech) = 5741
Programação = 1247
Loja = 1
Código de barras = 7898515600272
Aviso = Código de barras não encontrado, o produto não foi adicionado a oferta.
----------------------------------------------------------------------------------
 
31/05/2017 09:29:19(07:58:43.456) #1858, **********************************************************************************
31/05/2017 09:29:19(07:58:43.456) #1858, Rotina: Manual: Fim do Envio
31/05/2017 09:29:19(07:58:43.456) #1858, Log: Tipo de envio: Vendas
31/05/2017 09:29:19(07:58:43.456) #1858, Data de Envio: 17/11/2016
01/06/2017 11:11:34(00:00:00.000) #1859, **********************************************************************************
01/06/2017 11:11:34(00:00:00.000) #1859, Rotina: Execução
01/06/2017 11:11:34(00:00:00.000) #1859, Log: Envio pendente de vendas anteriores: 05/06/2014, 14/10/2016, 15/10/2016, 16/10/2016.
01/06/2017 11:11:34(00:00:00.000) #1859, Data de Envio: 17/11/2016
01/06/2017 11:11:34(00:00:00.000) #1859, Concluído com Sucesso? N, Status: (Sucesso = 0/ Falha = 0/ Total = 0)
01/06/2017 11:11:34(00:00:00.000) #1860, **********************************************************************************
01/06/2017 11:11:34(00:00:00.000) #1860, Rotina: Manual: Início do Envio
01/06/2017 11:11:34(00:00:00.000) #1860, Log: Tipo de envio: Vendas
01/06/2017 11:11:34(00:00:00.000) #1860, Data de Envio: 17/11/2016
01/06/2017 11:11:35(00:00:04.851) #1861, **********************************************************************************
01/06/2017 11:11:35(00:00:04.851) #1861, Rotina: Produtos
01/06/2017 11:11:35(00:00:04.851) #1861, Log: Envio de Produtos(Loja matriz: 1)
01/06/2017 11:11:35(00:00:04.851) #1861, Concluído com Sucesso? N, Status: (Sucesso = 0/ Falha = 39/ Total = 39)
01/06/2017 11:11:40(00:00:00.000) #1862, **********************************************************************************
01/06/2017 11:11:40(00:00:00.000) #1862, Rotina: Execução
01/06/2017 11:11:40(00:00:00.000) #1862, Log: Rotina executado com alguns erros(7), verifique o arquivo de logs.

Erro(s) ocorrido(s) durante a execução da rotina:

THREAD = 0
ITEM = 0
TENTATIVA = 0
URL = http://test.parceiro.scanntech.com/products.apibackend.rest.server/api/minoristas/31206/articulos
Response.StatusCode = 400
RequestStr = {"codigoArticulo":"00503747","descipcion":"ESCOVA D JADE FROG 730 LIMP LIN MAX CLEAN","tipoPeso":"P","codigoGTIN":"7897217400470","precioVenta":0,"locales":[{"codigoLocal":1}]}
ResponseStr = {"appErrorCode":"CODIGO_BARRAS_ASOCIADO_A_OTRO_ARTICULO","url":null,"message":"codigoArticulo:000000000503181"}
----------------------------------------------------------------------------------
THREAD = 0
ITEM = 1
TENTATIVA = 0
URL = http://test.parceiro.scanntech.com/products.apibackend.rest.server/api/minoristas/31206/articulos
Response.StatusCode = 400
RequestStr = {"codigoArticulo":"00503617","descipcion":"TEMPERO KODILAR 30G SALSA CEBOLA TOMATE","tipoPeso":"P","codigoGTIN":"7896256080483","precioVenta":0,"locales":[{"codigoLocal":1}]}
ResponseStr = {"appErrorCode":"CODIGO_BARRAS_ASOCIADO_A_OTRO_ARTICULO","url":null,"message":"codigoArticulo:000000000500845"}
----------------------------------------------------------------------------------
THREAD = 0
ITEM = 2
TENTATIVA = 0
URL = http://test.parceiro.scanntech.com/products.apibackend.rest.server/api/minoristas/31206/articulos
Response.StatusCode = 400
RequestStr = {"codigoArticulo":"00500876","descipcion":"TEMPERO KODILAR 40G FRANGO","tipoPeso":"P","codigoGTIN":"7896256080674","precioVenta":0,"locales":[{"codigoLocal":1}]}
ResponseStr = {"appErrorCode":"CODIGO_BARRAS_ASOCIADO_A_OTRO_ARTICULO","url":null,"message":"codigoArticulo:000000000503624"}
----------------------------------------------------------------------------------
THREAD = 0
ITEM = 3
TENTATIVA = 0
URL = http://test.parceiro.scanntech.com/products.apibackend.rest.server/api/minoristas/31206/articulos
Response.StatusCode = 400
RequestStr = {"codigoArticulo":"00503167","descipcion":"PROT CERDAS JADE FROG 440 PROTEC","tipoPeso":"P","codigoGTIN":"7897217400463","precioVenta":0,"locales":[{"codigoLocal":1}]}
ResponseStr = {"appErrorCode":"CODIGO_BARRAS_ASOCIADO_A_OTRO_ARTICULO","url":null,"message":"codigoArticulo:000000000503730"}
----------------------------------------------------------------------------------
THREAD = 0
ITEM = 4
TENTATIVA = 0
URL = http://test.parceiro.scanntech.com/products.apibackend.rest.server/api/minoristas/31206/articulos
Response.StatusCode = 400
RequestStr = {"codigoArticulo":"00503686","descipcion":"COPO NADIR LIGTHS ROCKS","tipoPeso":"P","codigoGTIN":"7891155008903","precioVenta":0,"locales":[{"codigoLocal":1}]}
ResponseStr = {"appErrorCode":"CODIGO_BARRAS_ASOCIADO_A_OTRO_ARTICULO","url":null,"message":"codigoArticulo:000000000502726"}
----------------------------------------------------------------------------------
THREAD = 0
ITEM = 5
TENTATIVA = 0
URL = http://test.parceiro.scanntech.com/products.apibackend.rest.server/api/minoristas/31206/articulos
Response.StatusCode = 400
RequestStr = {"codigoArticulo":"00503150","descipcion":"FIO D JADE FROG 50M PREMIUM","tipoPeso":"P","codigoGTIN":"7897217400302","precioVenta":0,"locales":[{"codigoLocal":1}]}
ResponseStr = {"appErrorCode":"CODIGO_BARRAS_ASOCIADO_A_OTRO_ARTICULO","url":null,"message":"codigoArticulo:000000000503143"}
----------------------------------------------------------------------------------
THREAD = 0
ITEM = 6
TENTATIVA = 0
URL = http://test.parceiro.scanntech.com/products.apibackend.rest.server/api/minoristas/31206/articulos
Response.StatusCode = 400
RequestStr = {"codigoArticulo":"00503204","descipcion":"ESCOVA D JADE FROG 3UN 405 INTERD CONICA","tipoPeso":"P","codigoGTIN":"7897217400425","precioVenta":0,"locales":[{"codigoLocal":1}]}
ResponseStr = {"appErrorCode":"CODIGO_BARRAS_ASOCIADO_A_OTRO_ARTICULO","url":null,"message":"codigoArticulo:000000000503211"}
----------------------------------------------------------------------------------
 
THREAD = 1
ITEM = 7
TENTATIVA = 0
URL = http://test.parceiro.scanntech.com/products.apibackend.rest.server/api/minoristas/31206/articulos
Response.StatusCode = 400
RequestStr = {"codigoArticulo":"00503136","descipcion":"FIO D JADE FROG 50M PREMIUM","tipoPeso":"P","codigoGTIN":"7897217400302","precioVenta":0,"locales":[{"codigoLocal":1}]}
ResponseStr = {"appErrorCode":"CODIGO_BARRAS_ASOCIADO_A_OTRO_ARTICULO","url":null,"message":"codigoArticulo:000000000503143"}
----------------------------------------------------------------------------------
THREAD = 1
ITEM = 8
TENTATIVA = 0
URL = http://test.parceiro.scanntech.com/products.apibackend.rest.server/api/minoristas/31206/articulos
Response.StatusCode = 400
RequestStr = {"codigoArticulo":"00503662","descipcion":"PIRULITO TOFFANO 600G LOLLY GUM SORTIDOS","tipoPeso":"P","codigoGTIN":"7897190305496","precioVenta":0,"locales":[{"codigoLocal":1}]}
ResponseStr = {"appErrorCode":"CODIGO_BARRAS_ASOCIADO_A_OTRO_ARTICULO","url":null,"message":"codigoArticulo:000000000501910"}
----------------------------------------------------------------------------------
THREAD = 1
ITEM = 9
TENTATIVA = 0
URL = http://test.parceiro.scanntech.com/products.apibackend.rest.server/api/minoristas/31206/articulos
Response.StatusCode = 400
RequestStr = {"codigoArticulo":"00500913","descipcion":"TEMP KODILAR 40G PARA PEIXE","tipoPeso":"P","codigoGTIN":"7896256080681","precioVenta":0,"locales":[{"codigoLocal":1}]}
ResponseStr = {"appErrorCode":"CODIGO_BARRAS_ASOCIADO_A_OTRO_ARTICULO","url":null,"message":"codigoArticulo:000000000500906"}
----------------------------------------------------------------------------------
THREAD = 1
ITEM = 10
TENTATIVA = 0
URL = http://test.parceiro.scanntech.com/products.apibackend.rest.server/api/minoristas/31206/articulos
Response.StatusCode = 400
RequestStr = {"codigoArticulo":"00500777","descipcion":"TEMPERO KODILAR 50G SALSA CEBOLA","tipoPeso":"P","codigoGTIN":"7896256080407","precioVenta":0,"locales":[{"codigoLocal":1}]}
ResponseStr = {"appErrorCode":"CODIGO_BARRAS_ASOCIADO_A_OTRO_ARTICULO","url":null,"message":"codigoArticulo:000000000503594"}
----------------------------------------------------------------------------------
THREAD = 1
ITEM = 11
TENTATIVA = 0
URL = http://test.parceiro.scanntech.com/products.apibackend.rest.server/api/minoristas/31206/articulos
Response.StatusCode = 400
RequestStr = {"codigoArticulo":"00503754","descipcion":"ESCOVA D JADE FROG 3UN 405 INTERD CONICA","tipoPeso":"P","codigoGTIN":"7897217400425","precioVenta":0,"locales":[{"codigoLocal":1}]}
ResponseStr = {"appErrorCode":"CODIGO_BARRAS_ASOCIADO_A_OTRO_ARTICULO","url":null,"message":"codigoArticulo:000000000503211"}
----------------------------------------------------------------------------------
THREAD = 1
ITEM = 12
TENTATIVA = 0
URL = http://test.parceiro.scanntech.com/products.apibackend.rest.server/api/minoristas/31206/articulos
Response.StatusCode = 400
RequestStr = {"codigoArticulo":"00503655","descipcion":"PIRULITO LOLLY 210G GUM FRUTAS","tipoPeso":"P","codigoGTIN":"7897190304628","precioVenta":0,"locales":[{"codigoLocal":1}]}
ResponseStr = {"appErrorCode":"CODIGO_BARRAS_ASOCIADO_A_OTRO_ARTICULO","url":null,"message":"codigoArticulo:000000000501903"}
----------------------------------------------------------------------------------
THREAD = 1
ITEM = 13
TENTATIVA = 0
URL = http://test.parceiro.scanntech.com/products.apibackend.rest.server/api/minoristas/31206/articulos
Response.StatusCode = 400
RequestStr = {"codigoArticulo":"00500890","descipcion":"TEMP KODILAR 40G PARA PEIXE","tipoPeso":"P","codigoGTIN":"7896256080681","precioVenta":0,"locales":[{"codigoLocal":1}]}
ResponseStr = {"appErrorCode":"CODIGO_BARRAS_ASOCIADO_A_OTRO_ARTICULO","url":null,"message":"codigoArticulo:000000000500906"}
----------------------------------------------------------------------------------
 
THREAD = 2
ITEM = 14
TENTATIVA = 0
URL = http://test.parceiro.scanntech.com/products.apibackend.rest.server/api/minoristas/31206/articulos
Response.StatusCode = 400
RequestStr = {"codigoArticulo":"00500159","descipcion":"CHESTER INTEIRO CONG PERDIGAO 3 500KG","tipoPeso":"P","codigoGTIN":"5900273008947","precioVenta":0,"locales":[{"codigoLocal":1}]}
ResponseStr = {"appErrorCode":"CODIGO_BARRAS_ASOCIADO_A_OTRO_ARTICULO","url":null,"message":"codigoArticulo:000000000503518"}
----------------------------------------------------------------------------------
THREAD = 2
ITEM = 15
TENTATIVA = 0
URL = http://test.parceiro.scanntech.com/products.apibackend.rest.server/api/minoristas/31206/articulos
Response.StatusCode = 400
RequestStr = {"codigoArticulo":"00500852","descipcion":"TEMPERO KODILAR 40G FRANGO","tipoPeso":"P","codigoGTIN":"7896256080674","precioVenta":0,"locales":[{"codigoLocal":1}]}
ResponseStr = {"appErrorCode":"CODIGO_BARRAS_ASOCIADO_A_OTRO_ARTICULO","url":null,"message":"codigoArticulo:000000000503624"}
----------------------------------------------------------------------------------
THREAD = 2
ITEM = 16
TENTATIVA = 0
URL = http://test.parceiro.scanntech.com/products.apibackend.rest.server/api/minoristas/31206/articulos
Response.StatusCode = 400
RequestStr = {"codigoArticulo":"00500838","descipcion":"TEMPERO KODILAR 30G SALSA CEBOLA TOMATE","tipoPeso":"P","codigoGTIN":"7896256080483","precioVenta":0,"locales":[{"codigoLocal":1}]}
ResponseStr = {"appErrorCode":"CODIGO_BARRAS_ASOCIADO_A_OTRO_ARTICULO","url":null,"message":"codigoArticulo:000000000500845"}
----------------------------------------------------------------------------------
THREAD = 2
ITEM = 17
TENTATIVA = 0
URL = http://test.parceiro.scanntech.com/products.apibackend.rest.server/api/minoristas/31206/articulos
Response.StatusCode = 400
RequestStr = {"codigoArticulo":"00503679","descipcion":"AGUA M LEVITY 1 5L SEM GAS","tipoPeso":"P","codigoGTIN":"7896263501407","precioVenta":0,"locales":[{"codigoLocal":1}]}
ResponseStr = {"appErrorCode":"CODIGO_BARRAS_ASOCIADO_A_OTRO_ARTICULO","url":null,"message":"codigoArticulo:000000000501934"}
----------------------------------------------------------------------------------
THREAD = 2
ITEM = 18
TENTATIVA = 0
URL = http://test.parceiro.scanntech.com/products.apibackend.rest.server/api/minoristas/31206/articulos
Response.StatusCode = 400
RequestStr = {"codigoArticulo":"00503587","descipcion":"CRAVO DA INDIA KODILAR 40G PO","tipoPeso":"P","codigoGTIN":"7896256080346","precioVenta":0,"locales":[{"codigoLocal":1}]}
ResponseStr = {"appErrorCode":"CODIGO_BARRAS_ASOCIADO_A_OTRO_ARTICULO","url":null,"message":"codigoArticulo:000000000500760"}
----------------------------------------------------------------------------------
THREAD = 2
ITEM = 19
TENTATIVA = 0
URL = http://test.parceiro.scanntech.com/products.apibackend.rest.server/api/minoristas/31206/articulos
Response.StatusCode = 400
RequestStr = {"codigoArticulo":"00503600","descipcion":"TEMPERO KODILAR 30G SALSA CEBOLA BACON","tipoPeso":"P","codigoGTIN":"7896256080421","precioVenta":0,"locales":[{"codigoLocal":1}]}
ResponseStr = {"appErrorCode":"CODIGO_BARRAS_ASOCIADO_A_OTRO_ARTICULO","url":null,"message":"codigoArticulo:000000000500807"}
----------------------------------------------------------------------------------
THREAD = 2
ITEM = 20
TENTATIVA = 0
URL = http://test.parceiro.scanntech.com/products.apibackend.rest.server/api/minoristas/31206/articulos
Response.StatusCode = 400
RequestStr = {"codigoArticulo":"00503228","descipcion":"ESCOVA D JADE FROG 1UN 420 INTERD CONICA","tipoPeso":"P","codigoGTIN":"7897217400487","precioVenta":0,"locales":[{"codigoLocal":1}]}
ResponseStr = {"appErrorCode":"CODIGO_BARRAS_ASOCIADO_A_OTRO_ARTICULO","url":null,"message":"codigoArticulo:000000000503235"}
----------------------------------------------------------------------------------
 
THREAD = 3
ITEM = 21
TENTATIVA = 0
URL = http://test.parceiro.scanntech.com/products.apibackend.rest.server/api/minoristas/31206/articulos
Response.StatusCode = 400
RequestStr = {"codigoArticulo":"00500821","descipcion":"TEMPERO KODILAR 30G SALSA CEBOLA TOMATE","tipoPeso":"P","codigoGTIN":"7896256080483","precioVenta":0,"locales":[{"codigoLocal":1}]}
ResponseStr = {"appErrorCode":"CODIGO_BARRAS_ASOCIADO_A_OTRO_ARTICULO","url":null,"message":"codigoArticulo:000000000500845"}
----------------------------------------------------------------------------------
THREAD = 3
ITEM = 22
TENTATIVA = 0
URL = http://test.parceiro.scanntech.com/products.apibackend.rest.server/api/minoristas/31206/articulos
Response.StatusCode = 400
RequestStr = {"codigoArticulo":"00500203","descipcion":"MAC RENATA 500G NINHO 01","tipoPeso":"P","codigoGTIN":"7896022205393","precioVenta":0,"locales":[{"codigoLocal":1}]}
ResponseStr = {"appErrorCode":"CODIGO_BARRAS_ASOCIADO_A_OTRO_ARTICULO","url":null,"message":"codigoArticulo:000000000500210"}
----------------------------------------------------------------------------------
THREAD = 3
ITEM = 23
TENTATIVA = 0
URL = http://test.parceiro.scanntech.com/products.apibackend.rest.server/api/minoristas/31206/articulos
Response.StatusCode = 400
RequestStr = {"codigoArticulo":"00500784","descipcion":"TEMPERO KODILAR 30G SALSA CEBOLA BACON","tipoPeso":"P","codigoGTIN":"7896256080421","precioVenta":0,"locales":[{"codigoLocal":1}]}
ResponseStr = {"appErrorCode":"CODIGO_BARRAS_ASOCIADO_A_OTRO_ARTICULO","url":null,"message":"codigoArticulo:000000000500807"}
----------------------------------------------------------------------------------
THREAD = 3
ITEM = 24
TENTATIVA = 0
URL = http://test.parceiro.scanntech.com/products.apibackend.rest.server/api/minoristas/31206/articulos
Response.StatusCode = 400
RequestStr = {"codigoArticulo":"00503129","descipcion":"FIO D JADE FROG 50M SUPERMAN","tipoPeso":"P","codigoGTIN":"7897217402801","precioVenta":0,"locales":[{"codigoLocal":1}]}
ResponseStr = {"appErrorCode":"CODIGO_BARRAS_ASOCIADO_A_OTRO_ARTICULO","url":null,"message":"codigoArticulo:000000000503709"}
----------------------------------------------------------------------------------
THREAD = 3
ITEM = 25
TENTATIVA = 0
URL = http://test.parceiro.scanntech.com/products.apibackend.rest.server/api/minoristas/31206/articulos
Response.StatusCode = 400
RequestStr = {"codigoArticulo":"00500791","descipcion":"TEMPERO KODILAR 30G SALSA CEBOLA BACON","tipoPeso":"P","codigoGTIN":"7896256080421","precioVenta":0,"locales":[{"codigoLocal":1}]}
ResponseStr = {"appErrorCode":"CODIGO_BARRAS_ASOCIADO_A_OTRO_ARTICULO","url":null,"message":"codigoArticulo:000000000500807"}
----------------------------------------------------------------------------------
THREAD = 3
ITEM = 26
TENTATIVA = 0
URL = http://test.parceiro.scanntech.com/products.apibackend.rest.server/api/minoristas/31206/articulos
Response.StatusCode = 400
RequestStr = {"codigoArticulo":"00503631","descipcion":"TEMP KODILAR 40G PARA PEIXE","tipoPeso":"P","codigoGTIN":"7896256080681","precioVenta":0,"locales":[{"codigoLocal":1}]}
ResponseStr = {"appErrorCode":"CODIGO_BARRAS_ASOCIADO_A_OTRO_ARTICULO","url":null,"message":"codigoArticulo:000000000500906"}
----------------------------------------------------------------------------------
THREAD = 3
ITEM = 27
TENTATIVA = 0
URL = http://test.parceiro.scanntech.com/products.apibackend.rest.server/api/minoristas/31206/articulos
Response.StatusCode = 400
RequestStr = {"codigoArticulo":"00503563","descipcion":"MAC RENATA 500G NINHO 01","tipoPeso":"P","codigoGTIN":"7896022205393","precioVenta":0,"locales":[{"codigoLocal":1}]}
ResponseStr = {"appErrorCode":"CODIGO_BARRAS_ASOCIADO_A_OTRO_ARTICULO","url":null,"message":"codigoArticulo:000000000500210"}
----------------------------------------------------------------------------------
 
THREAD = 4
ITEM = 28
TENTATIVA = 0
URL = http://test.parceiro.scanntech.com/products.apibackend.rest.server/api/minoristas/31206/articulos
Response.StatusCode = 400
RequestStr = {"codigoArticulo":"00503198","descipcion":"ESCOVA D JADE FROG 730 LIMP LIN MAX CLEAN","tipoPeso":"P","codigoGTIN":"7897217400470","precioVenta":0,"locales":[{"codigoLocal":1}]}
ResponseStr = {"appErrorCode":"CODIGO_BARRAS_ASOCIADO_A_OTRO_ARTICULO","url":null,"message":"codigoArticulo:000000000503181"}
----------------------------------------------------------------------------------
THREAD = 4
ITEM = 29
TENTATIVA = 0
URL = http://test.parceiro.scanntech.com/products.apibackend.rest.server/api/minoristas/31206/articulos
Response.StatusCode = 400
RequestStr = {"codigoArticulo":"00500883","descipcion":"TEMPERO KODILAR 40G FRANGO","tipoPeso":"P","codigoGTIN":"7896256080674","precioVenta":0,"locales":[{"codigoLocal":1}]}
ResponseStr = {"appErrorCode":"CODIGO_BARRAS_ASOCIADO_A_OTRO_ARTICULO","url":null,"message":"codigoArticulo:000000000503624"}
----------------------------------------------------------------------------------
THREAD = 4
ITEM = 30
TENTATIVA = 0
URL = http://test.parceiro.scanntech.com/products.apibackend.rest.server/api/minoristas/31206/articulos
Response.StatusCode = 400
RequestStr = {"codigoArticulo":"00503761","descipcion":"ESCOVA D JADE FROG 1UN 420 INTERD CONICA","tipoPeso":"P","codigoGTIN":"7897217400487","precioVenta":0,"locales":[{"codigoLocal":1}]}
ResponseStr = {"appErrorCode":"CODIGO_BARRAS_ASOCIADO_A_OTRO_ARTICULO","url":null,"message":"codigoArticulo:000000000503235"}
----------------------------------------------------------------------------------
THREAD = 4
ITEM = 31
TENTATIVA = 0
URL = http://test.parceiro.scanntech.com/products.apibackend.rest.server/api/minoristas/31206/articulos
Response.StatusCode = 400
RequestStr = {"codigoArticulo":"00500869","descipcion":"TEMPERO KODILAR 40G FRANGO","tipoPeso":"P","codigoGTIN":"7896256080674","precioVenta":0,"locales":[{"codigoLocal":1}]}
ResponseStr = {"appErrorCode":"CODIGO_BARRAS_ASOCIADO_A_OTRO_ARTICULO","url":null,"message":"codigoArticulo:000000000503624"}
----------------------------------------------------------------------------------
THREAD = 4
ITEM = 32
TENTATIVA = 0
URL = http://test.parceiro.scanntech.com/products.apibackend.rest.server/api/minoristas/31206/articulos
Response.StatusCode = 400
RequestStr = {"codigoArticulo":"00503174","descipcion":"PROT CERDAS JADE FROG 440 PROTEC","tipoPeso":"P","codigoGTIN":"7897217400463","precioVenta":0,"locales":[{"codigoLocal":1}]}
ResponseStr = {"appErrorCode":"CODIGO_BARRAS_ASOCIADO_A_OTRO_ARTICULO","url":null,"message":"codigoArticulo:000000000503730"}
----------------------------------------------------------------------------------
THREAD = 4
ITEM = 33
TENTATIVA = 0
URL = http://test.parceiro.scanntech.com/products.apibackend.rest.server/api/minoristas/31206/articulos
Response.StatusCode = 400
RequestStr = {"codigoArticulo":"00501927","descipcion":"PIRULITO TOFFANO 600G LOLLY GUM SORTIDOS","tipoPeso":"P","codigoGTIN":"7897190305496","precioVenta":0,"locales":[{"codigoLocal":1}]}
ResponseStr = {"appErrorCode":"CODIGO_BARRAS_ASOCIADO_A_OTRO_ARTICULO","url":null,"message":"codigoArticulo:000000000501910"}
----------------------------------------------------------------------------------
THREAD = 4
ITEM = 34
TENTATIVA = 0
URL = http://test.parceiro.scanntech.com/products.apibackend.rest.server/api/minoristas/31206/articulos
Response.StatusCode = 400
RequestStr = {"codigoArticulo":"00503693","descipcion":"JUNDIA POTE 2L COCO QUEIMADO","tipoPeso":"P","codigoGTIN":"7898036492257","precioVenta":0,"locales":[{"codigoLocal":1}]}
ResponseStr = {"appErrorCode":"CODIGO_BARRAS_ASOCIADO_A_OTRO_ARTICULO","url":null,"message":"codigoArticulo:000000000503112"}
----------------------------------------------------------------------------------
THREAD = 4
ITEM = 35
TENTATIVA = 0
URL = http://test.parceiro.scanntech.com/products.apibackend.rest.server/api/minoristas/31206/articulos
Response.StatusCode = 400
RequestStr = {"codigoArticulo":"00503723","descipcion":"FIO D JADE FROG 50M PREMIUM","tipoPeso":"P","codigoGTIN":"7897217400302","precioVenta":0,"locales":[{"codigoLocal":1}]}
ResponseStr = {"appErrorCode":"CODIGO_BARRAS_ASOCIADO_A_OTRO_ARTICULO","url":null,"message":"codigoArticulo:000000000503143"}
----------------------------------------------------------------------------------
THREAD = 4
ITEM = 36
TENTATIVA = 0
URL = http://test.parceiro.scanntech.com/products.apibackend.rest.server/api/minoristas/31206/articulos
Response.StatusCode = 400
RequestStr = {"codigoArticulo":"00000321","descipcion":"PADARIA CHOCOTTONE REDE KG TESTE","tipoPeso":"P","codigoGTIN":"7896006726395","precioVenta":15,"locales":[{"codigoLocal":1}]}
ResponseStr = {"appErrorCode":"CODIGO_BARRAS_ASOCIADO_A_OTRO_ARTICULO","url":null,"message":null}
----------------------------------------------------------------------------------
THREAD = 4
ITEM = 37
TENTATIVA = 0
URL = http://test.parceiro.scanntech.com/products.apibackend.rest.server/api/minoristas/31206/articulos
Response.StatusCode = 400
RequestStr = {"codigoArticulo":"00326841","descipcion":"SALG YOKITOS 108G CEBOLA","tipoPeso":"U","codigoGTIN":"7896341101970","precioVenta":3.49,"locales":[{"codigoLocal":1}]}
ResponseStr = {"appErrorCode":"CODIGO_BARRAS_ASOCIADO_A_OTRO_ARTICULO","url":null,"message":null}
----------------------------------------------------------------------------------
THREAD = 4
ITEM = 38
TENTATIVA = 0
URL = http://test.parceiro.scanntech.com/products.apibackend.rest.server/api/minoristas/31206/articulos
Response.StatusCode = 400
RequestStr = {"codigoArticulo":"00059916","descipcion":"SALG TORCIDA 80G PIMENTA MEXICANA","tipoPeso":"U","codigoGTIN":"7891095017331","precioVenta":1.49,"locales":[{"codigoLocal":1}]}
ResponseStr = {"appErrorCode":"CODIGO_BARRAS_ASOCIADO_A_OTRO_ARTICULO","url":null,"message":null}
----------------------------------------------------------------------------------
 
01/06/2017 11:11:40(00:00:01.689) #1863, **********************************************************************************
01/06/2017 11:11:40(00:00:01.689) #1863, Rotina: Preços
01/06/2017 11:11:40(00:00:01.689) #1863, Log: Envio de Preços(Loja: 1)
01/06/2017 11:11:40(00:00:01.689) #1863, Concluído com Sucesso? N, Status: (Sucesso = 0/ Falha = 14/ Total = 14)
01/06/2017 11:11:42(00:00:00.000) #1864, **********************************************************************************
01/06/2017 11:11:42(00:00:00.000) #1864, Rotina: Execução
01/06/2017 11:11:42(00:00:00.000) #1864, Log: Rotina executado com alguns erros(2), verifique o arquivo de logs.

Erro(s) ocorrido(s) durante a execução da rotina:

THREAD = 0
ITEM = 0
TENTATIVA = 0
URL = http://test.parceiro.scanntech.com/products.apibackend.rest.server/api/minoristas/31206/articulos/00503563/precios
Response.StatusCode = 400
RequestStr = {"descuento":false,"precioVenta":0,"truncamiento":false,"locales":[{"codigoLocal":1}]}
ResponseStr = {"appErrorCode":"ARTICULO_NO_ENCONTRADO","url":null,"message":"No se encontro el articulo de codigo 000000000503563"}
----------------------------------------------------------------------------------
THREAD = 0
ITEM = 1
TENTATIVA = 0
URL = http://test.parceiro.scanntech.com/products.apibackend.rest.server/api/minoristas/31206/articulos/00503587/precios
Response.StatusCode = 400
RequestStr = {"descuento":false,"precioVenta":0,"truncamiento":false,"locales":[{"codigoLocal":1}]}
ResponseStr = {"appErrorCode":"ARTICULO_NO_ENCONTRADO","url":null,"message":"No se encontro el articulo de codigo 000000000503587"}
----------------------------------------------------------------------------------
 
THREAD = 1
ITEM = 2
TENTATIVA = 0
URL = http://test.parceiro.scanntech.com/products.apibackend.rest.server/api/minoristas/31206/articulos/00503600/precios
Response.StatusCode = 400
RequestStr = {"descuento":false,"precioVenta":0,"truncamiento":false,"locales":[{"codigoLocal":1}]}
ResponseStr = {"appErrorCode":"ARTICULO_NO_ENCONTRADO","url":null,"message":"No se encontro el articulo de codigo 000000000503600"}
----------------------------------------------------------------------------------
THREAD = 1
ITEM = 3
TENTATIVA = 0
URL = http://test.parceiro.scanntech.com/products.apibackend.rest.server/api/minoristas/31206/articulos/00503617/precios
Response.StatusCode = 400
RequestStr = {"descuento":false,"precioVenta":0,"truncamiento":false,"locales":[{"codigoLocal":1}]}
ResponseStr = {"appErrorCode":"ARTICULO_NO_ENCONTRADO","url":null,"message":"No se encontro el articulo de codigo 000000000503617"}
----------------------------------------------------------------------------------
 
THREAD = 2
ITEM = 4
TENTATIVA = 0
URL = http://test.parceiro.scanntech.com/products.apibackend.rest.server/api/minoristas/31206/articulos/00503631/precios
Response.StatusCode = 400
RequestStr = {"descuento":false,"precioVenta":0,"truncamiento":false,"locales":[{"codigoLocal":1}]}
ResponseStr = {"appErrorCode":"ARTICULO_NO_ENCONTRADO","url":null,"message":"No se encontro el articulo de codigo 000000000503631"}
----------------------------------------------------------------------------------
THREAD = 2
ITEM = 5
TENTATIVA = 0
URL = http://test.parceiro.scanntech.com/products.apibackend.rest.server/api/minoristas/31206/articulos/00503655/precios
Response.StatusCode = 400
RequestStr = {"descuento":false,"precioVenta":0,"truncamiento":false,"locales":[{"codigoLocal":1}]}
ResponseStr = {"appErrorCode":"ARTICULO_NO_ENCONTRADO","url":null,"message":"No se encontro el articulo de codigo 000000000503655"}
----------------------------------------------------------------------------------
 
THREAD = 3
ITEM = 6
TENTATIVA = 0
URL = http://test.parceiro.scanntech.com/products.apibackend.rest.server/api/minoristas/31206/articulos/00503662/precios
Response.StatusCode = 400
RequestStr = {"descuento":false,"precioVenta":0,"truncamiento":false,"locales":[{"codigoLocal":1}]}
ResponseStr = {"appErrorCode":"ARTICULO_NO_ENCONTRADO","url":null,"message":"No se encontro el articulo de codigo 000000000503662"}
----------------------------------------------------------------------------------
THREAD = 3
ITEM = 7
TENTATIVA = 0
URL = http://test.parceiro.scanntech.com/products.apibackend.rest.server/api/minoristas/31206/articulos/00503679/precios
Response.StatusCode = 400
RequestStr = {"descuento":false,"precioVenta":0,"truncamiento":false,"locales":[{"codigoLocal":1}]}
ResponseStr = {"appErrorCode":"ARTICULO_NO_ENCONTRADO","url":null,"message":"No se encontro el articulo de codigo 000000000503679"}
----------------------------------------------------------------------------------
 
THREAD = 4
ITEM = 8
TENTATIVA = 0
URL = http://test.parceiro.scanntech.com/products.apibackend.rest.server/api/minoristas/31206/articulos/00503686/precios
Response.StatusCode = 400
RequestStr = {"descuento":false,"precioVenta":0,"truncamiento":false,"locales":[{"codigoLocal":1}]}
ResponseStr = {"appErrorCode":"ARTICULO_NO_ENCONTRADO","url":null,"message":"No se encontro el articulo de codigo 000000000503686"}
----------------------------------------------------------------------------------
THREAD = 4
ITEM = 9
TENTATIVA = 0
URL = http://test.parceiro.scanntech.com/products.apibackend.rest.server/api/minoristas/31206/articulos/00503693/precios
Response.StatusCode = 400
RequestStr = {"descuento":false,"precioVenta":0,"truncamiento":false,"locales":[{"codigoLocal":1}]}
ResponseStr = {"appErrorCode":"ARTICULO_NO_ENCONTRADO","url":null,"message":"No se encontro el articulo de codigo 000000000503693"}
----------------------------------------------------------------------------------
THREAD = 4
ITEM = 10
TENTATIVA = 0
URL = http://test.parceiro.scanntech.com/products.apibackend.rest.server/api/minoristas/31206/articulos/00503723/precios
Response.StatusCode = 400
RequestStr = {"descuento":false,"precioVenta":0,"truncamiento":false,"locales":[{"codigoLocal":1}]}
ResponseStr = {"appErrorCode":"ARTICULO_NO_ENCONTRADO","url":null,"message":"No se encontro el articulo de codigo 000000000503723"}
----------------------------------------------------------------------------------
THREAD = 4
ITEM = 11
TENTATIVA = 0
URL = http://test.parceiro.scanntech.com/products.apibackend.rest.server/api/minoristas/31206/articulos/00503747/precios
Response.StatusCode = 400
RequestStr = {"descuento":false,"precioVenta":0,"truncamiento":false,"locales":[{"codigoLocal":1}]}
ResponseStr = {"appErrorCode":"ARTICULO_NO_ENCONTRADO","url":null,"message":"No se encontro el articulo de codigo 000000000503747"}
----------------------------------------------------------------------------------
THREAD = 4
ITEM = 12
TENTATIVA = 0
URL = http://test.parceiro.scanntech.com/products.apibackend.rest.server/api/minoristas/31206/articulos/00503754/precios
Response.StatusCode = 400
RequestStr = {"descuento":false,"precioVenta":0,"truncamiento":false,"locales":[{"codigoLocal":1}]}
ResponseStr = {"appErrorCode":"ARTICULO_NO_ENCONTRADO","url":null,"message":"No se encontro el articulo de codigo 000000000503754"}
----------------------------------------------------------------------------------
THREAD = 4
ITEM = 13
TENTATIVA = 0
URL = http://test.parceiro.scanntech.com/products.apibackend.rest.server/api/minoristas/31206/articulos/00503761/precios
Response.StatusCode = 400
RequestStr = {"descuento":false,"precioVenta":0,"truncamiento":false,"locales":[{"codigoLocal":1}]}
ResponseStr = {"appErrorCode":"ARTICULO_NO_ENCONTRADO","url":null,"message":"No se encontro el articulo de codigo 000000000503761"}
----------------------------------------------------------------------------------
 
01/06/2017 11:11:42(00:00:01.132) #1865, **********************************************************************************
01/06/2017 11:11:42(00:00:01.132) #1865, Rotina: Código de barras
01/06/2017 11:11:42(00:00:01.132) #1865, Log: Envio de Código de barras(Loja matriz: 1)
01/06/2017 11:11:42(00:00:01.132) #1865, Concluído com Sucesso? N, Status: (Sucesso = 0/ Falha = 16/ Total = 16)
01/06/2017 11:11:43(00:00:00.000) #1866, **********************************************************************************
01/06/2017 11:11:43(00:00:00.000) #1866, Rotina: Execução
01/06/2017 11:11:43(00:00:00.000) #1866, Log: Rotina executado com alguns erros(3), verifique o arquivo de logs.

Erro(s) ocorrido(s) durante a execução da rotina:

THREAD = 0
ITEM = 0
TENTATIVA = 0
URL = http://test.parceiro.scanntech.com/products.apibackend.rest.server/api/minoristas/31206/articulos/00326841/barras
Response.StatusCode = 400
RequestStr = {"codigoGtin":"7896341101970","codigoArticulo":"00326841"}
ResponseStr = {"appErrorCode":"CODIGO_BARRAS_ASOCIADO_A_OTRO_ARTICULO","url":null,"message":null}
----------------------------------------------------------------------------------
THREAD = 0
ITEM = 1
TENTATIVA = 0
URL = http://test.parceiro.scanntech.com/products.apibackend.rest.server/api/minoristas/31206/articulos/00059916/barras
Response.StatusCode = 400
RequestStr = {"codigoGtin":"7891095017331","codigoArticulo":"00059916"}
ResponseStr = {"appErrorCode":"CODIGO_BARRAS_ASOCIADO_A_OTRO_ARTICULO","url":null,"message":null}
----------------------------------------------------------------------------------
THREAD = 0
ITEM = 2
TENTATIVA = 0
URL = http://test.parceiro.scanntech.com/products.apibackend.rest.server/api/minoristas/31206/articulos/00503747/barras
Response.StatusCode = 400
RequestStr = {"codigoGtin":"7897217400470","codigoArticulo":"00503747"}
ResponseStr = {"appErrorCode":"ARTICULO_NO_ENCONTRADO","url":null,"message":"No se encontro el articulo de codigo 000000000503747"}
----------------------------------------------------------------------------------
 
THREAD = 1
ITEM = 3
TENTATIVA = 0
URL = http://test.parceiro.scanntech.com/products.apibackend.rest.server/api/minoristas/31206/articulos/00503617/barras
Response.StatusCode = 400
RequestStr = {"codigoGtin":"7896256080483","codigoArticulo":"00503617"}
ResponseStr = {"appErrorCode":"ARTICULO_NO_ENCONTRADO","url":null,"message":"No se encontro el articulo de codigo 000000000503617"}
----------------------------------------------------------------------------------
THREAD = 1
ITEM = 4
TENTATIVA = 0
URL = http://test.parceiro.scanntech.com/products.apibackend.rest.server/api/minoristas/31206/articulos/00503686/barras
Response.StatusCode = 400
RequestStr = {"codigoGtin":"7891155008903","codigoArticulo":"00503686"}
ResponseStr = {"appErrorCode":"ARTICULO_NO_ENCONTRADO","url":null,"message":"No se encontro el articulo de codigo 000000000503686"}
----------------------------------------------------------------------------------
THREAD = 1
ITEM = 5
TENTATIVA = 0
URL = http://test.parceiro.scanntech.com/products.apibackend.rest.server/api/minoristas/31206/articulos/00503662/barras
Response.StatusCode = 400
RequestStr = {"codigoGtin":"7897190305496","codigoArticulo":"00503662"}
ResponseStr = {"appErrorCode":"ARTICULO_NO_ENCONTRADO","url":null,"message":"No se encontro el articulo de codigo 000000000503662"}
----------------------------------------------------------------------------------
 
THREAD = 2
ITEM = 6
TENTATIVA = 0
URL = http://test.parceiro.scanntech.com/products.apibackend.rest.server/api/minoristas/31206/articulos/00503754/barras
Response.StatusCode = 400
RequestStr = {"codigoGtin":"7897217400425","codigoArticulo":"00503754"}
ResponseStr = {"appErrorCode":"ARTICULO_NO_ENCONTRADO","url":null,"message":"No se encontro el articulo de codigo 000000000503754"}
----------------------------------------------------------------------------------
THREAD = 2
ITEM = 7
TENTATIVA = 0
URL = http://test.parceiro.scanntech.com/products.apibackend.rest.server/api/minoristas/31206/articulos/00503655/barras
Response.StatusCode = 400
RequestStr = {"codigoGtin":"7897190304628","codigoArticulo":"00503655"}
ResponseStr = {"appErrorCode":"ARTICULO_NO_ENCONTRADO","url":null,"message":"No se encontro el articulo de codigo 000000000503655"}
----------------------------------------------------------------------------------
THREAD = 2
ITEM = 8
TENTATIVA = 0
URL = http://test.parceiro.scanntech.com/products.apibackend.rest.server/api/minoristas/31206/articulos/00503679/barras
Response.StatusCode = 400
RequestStr = {"codigoGtin":"7896263501407","codigoArticulo":"00503679"}
ResponseStr = {"appErrorCode":"ARTICULO_NO_ENCONTRADO","url":null,"message":"No se encontro el articulo de codigo 000000000503679"}
----------------------------------------------------------------------------------
 
THREAD = 3
ITEM = 9
TENTATIVA = 0
URL = http://test.parceiro.scanntech.com/products.apibackend.rest.server/api/minoristas/31206/articulos/00503587/barras
Response.StatusCode = 400
RequestStr = {"codigoGtin":"7896256080346","codigoArticulo":"00503587"}
ResponseStr = {"appErrorCode":"ARTICULO_NO_ENCONTRADO","url":null,"message":"No se encontro el articulo de codigo 000000000503587"}
----------------------------------------------------------------------------------
THREAD = 3
ITEM = 10
TENTATIVA = 0
URL = http://test.parceiro.scanntech.com/products.apibackend.rest.server/api/minoristas/31206/articulos/00503600/barras
Response.StatusCode = 400
RequestStr = {"codigoGtin":"7896256080421","codigoArticulo":"00503600"}
ResponseStr = {"appErrorCode":"ARTICULO_NO_ENCONTRADO","url":null,"message":"No se encontro el articulo de codigo 000000000503600"}
----------------------------------------------------------------------------------
THREAD = 3
ITEM = 11
TENTATIVA = 0
URL = http://test.parceiro.scanntech.com/products.apibackend.rest.server/api/minoristas/31206/articulos/00503631/barras
Response.StatusCode = 400
RequestStr = {"codigoGtin":"7896256080681","codigoArticulo":"00503631"}
ResponseStr = {"appErrorCode":"ARTICULO_NO_ENCONTRADO","url":null,"message":"No se encontro el articulo de codigo 000000000503631"}
----------------------------------------------------------------------------------
 
THREAD = 4
ITEM = 12
TENTATIVA = 0
URL = http://test.parceiro.scanntech.com/products.apibackend.rest.server/api/minoristas/31206/articulos/00503563/barras
Response.StatusCode = 400
RequestStr = {"codigoGtin":"7896022205393","codigoArticulo":"00503563"}
ResponseStr = {"appErrorCode":"ARTICULO_NO_ENCONTRADO","url":null,"message":"No se encontro el articulo de codigo 000000000503563"}
----------------------------------------------------------------------------------
THREAD = 4
ITEM = 13
TENTATIVA = 0
URL = http://test.parceiro.scanntech.com/products.apibackend.rest.server/api/minoristas/31206/articulos/00503761/barras
Response.StatusCode = 400
RequestStr = {"codigoGtin":"7897217400487","codigoArticulo":"00503761"}
ResponseStr = {"appErrorCode":"ARTICULO_NO_ENCONTRADO","url":null,"message":"No se encontro el articulo de codigo 000000000503761"}
----------------------------------------------------------------------------------
THREAD = 4
ITEM = 14
TENTATIVA = 0
URL = http://test.parceiro.scanntech.com/products.apibackend.rest.server/api/minoristas/31206/articulos/00503693/barras
Response.StatusCode = 400
RequestStr = {"codigoGtin":"7898036492257","codigoArticulo":"00503693"}
ResponseStr = {"appErrorCode":"ARTICULO_NO_ENCONTRADO","url":null,"message":"No se encontro el articulo de codigo 000000000503693"}
----------------------------------------------------------------------------------
THREAD = 4
ITEM = 15
TENTATIVA = 0
URL = http://test.parceiro.scanntech.com/products.apibackend.rest.server/api/minoristas/31206/articulos/00503723/barras
Response.StatusCode = 400
RequestStr = {"codigoGtin":"7897217400302","codigoArticulo":"00503723"}
ResponseStr = {"appErrorCode":"ARTICULO_NO_ENCONTRADO","url":null,"message":"No se encontro el articulo de codigo 000000000503723"}
----------------------------------------------------------------------------------
 
01/06/2017 11:11:43(00:00:01.562) #1867, **********************************************************************************
01/06/2017 11:11:43(00:00:01.562) #1867, Rotina: Promoções
01/06/2017 11:11:43(00:00:01.562) #1867, Log: Sincronização de Promoções(Loja: 1)
01/06/2017 11:11:43(00:00:01.562) #1867, Concluído com Sucesso? S, Status: (Sucesso = 2/ Falha = 0/ Total = 2)
01/06/2017 11:11:45(00:00:00.000) #1868, **********************************************************************************
01/06/2017 11:11:45(00:00:00.000) #1868, Rotina: Execução
01/06/2017 11:11:45(00:00:00.000) #1868, Log: Rotina executado com alguns avisos(1), verifique o arquivo de logs.

Avisos(s) ocorrido(s) durante a execução da rotina:

Log ocorrido ao executar o processo: 
THREAD = 0
ITEM = 3
MÉTODO = ATUALIZAÇÃO DA PROGRAMAÇÃO
Programação(Scanntech) = 5741
Programação = 1247
Loja = 1
Código de barras = 7898515600272
Aviso = Código de barras não encontrado, o produto não foi adicionado a oferta.
----------------------------------------------------------------------------------
 
01/06/2017 11:11:34(00:00:10.950) #1869, **********************************************************************************
01/06/2017 11:11:34(00:00:10.950) #1869, Rotina: Manual: Fim do Envio
01/06/2017 11:11:34(00:00:10.950) #1869, Log: Tipo de envio: Vendas
01/06/2017 11:11:34(00:00:10.950) #1869, Data de Envio: 17/11/2016
