************************************************************************************
Aplicativo inicializado as 24/08/2018 11:33:22
************************************************************************************
Servidor do autêntica(9999) iniciado as 24/08/2018 11:33:22
__________________________________________________________________________________
Cliente DESKTOP-GMQPVO2 conectado as 24/08/2018 11:34:40
__________________________________________________________________________________
Erro inesperado no Cliente DESKTOP-GMQPVO2 as 24/08/2018 11:37:00:
 - 10053: Software caused connection abort
__________________________________________________________________________________
Cliente DESKTOP-GMQPVO2 conectado as 24/08/2018 14:57:58
__________________________________________________________________________________
Cliente DESKTOP-GMQPVO2 desconectado as 24/08/2018 14:58:14
__________________________________________________________________________________
Cliente DESKTOP-GMQPVO2 conectado as 24/08/2018 15:04:48
__________________________________________________________________________________
Cliente DESKTOP-GMQPVO2 desconectado as 24/08/2018 15:05:55
__________________________________________________________________________________
Cliente DESKTOP-GMQPVO2 conectado as 24/08/2018 15:06:06
__________________________________________________________________________________
Cliente DESKTOP-GMQPVO2 desconectado as 24/08/2018 15:06:49
__________________________________________________________________________________
Cliente DESKTOP-GMQPVO2 conectado as 24/08/2018 15:07:04
__________________________________________________________________________________
Cliente DESKTOP-GMQPVO2 desconectado as 24/08/2018 15:07:35
__________________________________________________________________________________
Cliente DESKTOP-GMQPVO2 conectado as 24/08/2018 15:07:54
