************************************************************************************
Aplicativo inicializado as 27/11/2018 09:46:21
************************************************************************************
Servidor do autêntica(9999) iniciado as 27/11/2018 09:46:21
__________________________________________________________________________________
Cliente DESKTOP-1BJ11C0 conectado as 27/11/2018 09:46:49
__________________________________________________________________________________
Cliente DESKTOP-1BJ11C0 desconectado as 27/11/2018 09:47:12
__________________________________________________________________________________
Cliente DESKTOP-1BJ11C0 conectado as 27/11/2018 09:47:57
__________________________________________________________________________________
Cliente DESKTOP-1BJ11C0 desconectado as 27/11/2018 10:24:51
************************************************************************************
Aplicativo inicializado as 27/11/2018 15:26:42
************************************************************************************
Servidor do autêntica(9999) iniciado as 27/11/2018 15:26:42
__________________________________________________________________________________
Cliente DESKTOP-1BJ11C0 conectado as 27/11/2018 15:27:32
__________________________________________________________________________________
Cliente DESKTOP-1BJ11C0 conectado as 27/11/2018 17:48:04
__________________________________________________________________________________
Cliente DESKTOP-1BJ11C0 desconectado as 27/11/2018 17:48:20
__________________________________________________________________________________
Cliente DESKTOP-1BJ11C0 conectado as 27/11/2018 17:49:40
__________________________________________________________________________________
Cliente DESKTOP-1BJ11C0 desconectado as 27/11/2018 17:59:59
__________________________________________________________________________________
Cliente DESKTOP-1BJ11C0 desconectado as 27/11/2018 18:40:28
