************************************************************************************
Aplicativo inicializado as 16/10/2018 12:04:14
************************************************************************************
Servidor do autêntica(9999) iniciado as 16/10/2018 12:04:14
__________________________________________________________________________________
Cliente DESKTOP-1BJ11C0 conectado as 16/10/2018 12:11:13
__________________________________________________________________________________
Cliente DESKTOP-1BJ11C0 desconectado as 16/10/2018 12:14:54
__________________________________________________________________________________
Cliente DESKTOP-1BJ11C0 conectado as 16/10/2018 12:18:08
__________________________________________________________________________________
Cliente DESKTOP-1BJ11C0 desconectado as 16/10/2018 12:18:27
__________________________________________________________________________________
Cliente DESKTOP-1BJ11C0 conectado as 16/10/2018 12:18:40
__________________________________________________________________________________
Cliente DESKTOP-1BJ11C0 desconectado as 16/10/2018 14:21:17
__________________________________________________________________________________
Cliente DESKTOP-1BJ11C0 conectado as 16/10/2018 15:43:20
__________________________________________________________________________________
Cliente DESKTOP-1BJ11C0 desconectado as 16/10/2018 18:08:33
