************************************************************************************
Aplicativo inicializado as 09/10/2018 10:46:07
************************************************************************************
Servidor do autêntica(9999) iniciado as 09/10/2018 10:46:07
__________________________________________________________________________________
Cliente BrunoMendes conectado as 09/10/2018 10:56:40
__________________________________________________________________________________
Cliente BrunoMendes desconectado as 09/10/2018 12:17:59
__________________________________________________________________________________
Cliente BrunoMendes conectado as 09/10/2018 13:56:37
__________________________________________________________________________________
Cliente BrunoMendes desconectado as 09/10/2018 14:17:21
__________________________________________________________________________________
Cliente BrunoMendes conectado as 09/10/2018 14:44:52
__________________________________________________________________________________
Cliente BrunoMendes desconectado as 09/10/2018 15:05:07
************************************************************************************
Aplicativo inicializado as 09/10/2018 15:24:42
************************************************************************************
Servidor do autêntica(9999) iniciado as 09/10/2018 15:24:42
__________________________________________________________________________________
Cliente BrunoMendes conectado as 09/10/2018 15:26:03
__________________________________________________________________________________
Cliente BrunoMendes desconectado as 09/10/2018 17:51:50
************************************************************************************
Aplicativo inicializado as 09/10/2018 20:12:27
************************************************************************************
Servidor do autêntica(9999) iniciado as 09/10/2018 20:12:27
__________________________________________________________________________________
Cliente BrunoMendes conectado as 09/10/2018 20:12:44
__________________________________________________________________________________
Cliente BrunoMendes desconectado as 09/10/2018 20:32:33
