************************************************************************************
Aplicativo inicializado as 10/09/2018 13:28:11
************************************************************************************
Servidor do autêntica(9999) iniciado as 10/09/2018 13:28:11
__________________________________________________________________________________
Cliente DESKTOP-GMQPVO2 conectado as 10/09/2018 13:29:07
__________________________________________________________________________________
Erro inesperado no Cliente DESKTOP-GMQPVO2 as 10/09/2018 14:16:46:
 - 10053: Software caused connection abort
__________________________________________________________________________________
Cliente DESKTOP-GMQPVO2 conectado as 10/09/2018 14:16:57
__________________________________________________________________________________
Erro inesperado no Cliente DESKTOP-GMQPVO2 as 10/09/2018 15:09:39:
 - 10053: Software caused connection abort
__________________________________________________________________________________
Cliente DESKTOP-GMQPVO2 conectado as 10/09/2018 15:25:37
__________________________________________________________________________________
Cliente DESKTOP-GMQPVO2 desconectado as 10/09/2018 16:36:11
__________________________________________________________________________________
Cliente DESKTOP-GMQPVO2 conectado as 10/09/2018 16:37:06
