************************************************************************************
Aplicativo inicializado as 12/12/2018 08:08:32
************************************************************************************
Servidor do autêntica(9999) iniciado as 12/12/2018 08:08:32
__________________________________________________________________________________
Cliente DESKTOP-1BJ11C0 conectado as 12/12/2018 08:08:50
__________________________________________________________________________________
Cliente DESKTOP-1BJ11C0 desconectado as 12/12/2018 08:09:06
__________________________________________________________________________________
Cliente DESKTOP-1BJ11C0 conectado as 12/12/2018 08:09:36
__________________________________________________________________________________
Cliente DESKTOP-1BJ11C0 desconectado as 12/12/2018 13:26:01
************************************************************************************
Aplicativo inicializado as 12/12/2018 16:45:32
************************************************************************************
Servidor do autêntica(9999) iniciado as 12/12/2018 16:45:32
__________________________________________________________________________________
Cliente DESKTOP-1BJ11C0 conectado as 12/12/2018 16:46:39
__________________________________________________________________________________
Cliente DESKTOP-1BJ11C0 desconectado as 12/12/2018 17:02:11
************************************************************************************
Aplicativo inicializado as 12/12/2018 17:49:12
************************************************************************************
Servidor do autêntica(9999) iniciado as 12/12/2018 17:49:12
__________________________________________________________________________________
Cliente DESKTOP-1BJ11C0 conectado as 12/12/2018 17:49:51
