************************************************************************************
Aplicativo inicializado as 27/09/2018 07:20:26
************************************************************************************
Servidor do autêntica(9999) iniciado as 27/09/2018 07:20:26
__________________________________________________________________________________
Cliente BrunoMendes conectado as 27/09/2018 07:20:40
__________________________________________________________________________________
Cliente BrunoMendes desconectado as 27/09/2018 07:20:57
__________________________________________________________________________________
Cliente BrunoMendes conectado as 27/09/2018 08:28:51
__________________________________________________________________________________
Erro inesperado no Cliente BrunoMendes as 27/09/2018 08:36:57:
 - 10053: Software caused connection abort
__________________________________________________________________________________
Cliente BrunoMendes conectado as 27/09/2018 08:45:59
__________________________________________________________________________________
Cliente BrunoMendes desconectado as 27/09/2018 09:09:08
__________________________________________________________________________________
Cliente BrunoMendes conectado as 27/09/2018 09:19:55
__________________________________________________________________________________
Cliente BrunoMendes conectado as 27/09/2018 11:53:30
__________________________________________________________________________________
Erro inesperado no Cliente BrunoMendes as 27/09/2018 14:42:56:
 - 10053: Software caused connection abort
__________________________________________________________________________________
Cliente BrunoMendes conectado as 27/09/2018 14:43:35
__________________________________________________________________________________
Cliente BrunoMendes desconectado as 27/09/2018 15:27:19
__________________________________________________________________________________
Erro inesperado no Cliente BrunoMendes as 27/09/2018 15:27:24:
 - 10053: Software caused connection abort
