__________________________________________________________________________________
Erro inesperado no Cliente DESKTOP-GMQPVO2 as 03/09/2018 08:14:43:
 - 10053: Software caused connection abort
__________________________________________________________________________________
Cliente DESKTOP-GMQPVO2 conectado as 03/09/2018 08:42:22
__________________________________________________________________________________
Cliente DESKTOP-GMQPVO2 desconectado as 03/09/2018 08:42:34
__________________________________________________________________________________
Cliente DESKTOP-GMQPVO2 conectado as 03/09/2018 08:43:56
__________________________________________________________________________________
Cliente DESKTOP-GMQPVO2 desconectado as 03/09/2018 09:59:36
__________________________________________________________________________________
Cliente DESKTOP-GMQPVO2 conectado as 03/09/2018 14:25:15
__________________________________________________________________________________
Cliente DESKTOP-GMQPVO2 desconectado as 03/09/2018 14:30:24
__________________________________________________________________________________
Cliente DESKTOP-GMQPVO2 conectado as 03/09/2018 14:33:08
__________________________________________________________________________________
Cliente DESKTOP-GMQPVO2 desconectado as 03/09/2018 14:33:50
__________________________________________________________________________________
Cliente DESKTOP-GMQPVO2 conectado as 03/09/2018 14:36:31
__________________________________________________________________________________
Cliente DESKTOP-GMQPVO2 desconectado as 03/09/2018 14:36:33
__________________________________________________________________________________
Cliente DESKTOP-GMQPVO2 conectado as 03/09/2018 14:38:27
__________________________________________________________________________________
Cliente DESKTOP-GMQPVO2 desconectado as 03/09/2018 14:38:39
__________________________________________________________________________________
Cliente DESKTOP-GMQPVO2 conectado as 03/09/2018 14:45:12
__________________________________________________________________________________
Cliente DESKTOP-GMQPVO2 desconectado as 03/09/2018 14:45:24
__________________________________________________________________________________
Cliente DESKTOP-GMQPVO2 conectado as 03/09/2018 14:45:48
__________________________________________________________________________________
Cliente DESKTOP-GMQPVO2 desconectado as 03/09/2018 14:46:01
__________________________________________________________________________________
Cliente DESKTOP-GMQPVO2 conectado as 03/09/2018 15:31:22
__________________________________________________________________________________
Cliente DESKTOP-GMQPVO2 desconectado as 03/09/2018 15:31:36
__________________________________________________________________________________
Cliente DESKTOP-GMQPVO2 conectado as 03/09/2018 15:32:14
__________________________________________________________________________________
Cliente DESKTOP-GMQPVO2 conectado as 03/09/2018 16:08:14
__________________________________________________________________________________
Erro inesperado no Cliente DESKTOP-GMQPVO2 as 03/09/2018 16:08:17:
 - 10053: Software caused connection abort
__________________________________________________________________________________
Cliente DESKTOP-GMQPVO2 desconectado as 03/09/2018 16:08:27
__________________________________________________________________________________
Cliente DESKTOP-GMQPVO2 conectado as 03/09/2018 16:09:02
__________________________________________________________________________________
Cliente DESKTOP-GMQPVO2 desconectado as 03/09/2018 16:16:24
__________________________________________________________________________________
Cliente DESKTOP-GMQPVO2 conectado as 03/09/2018 16:21:20
__________________________________________________________________________________
Erro inesperado no Cliente DESKTOP-GMQPVO2 as 03/09/2018 16:23:26:
 - 10053: Software caused connection abort
__________________________________________________________________________________
Cliente DESKTOP-GMQPVO2 conectado as 03/09/2018 16:34:52
__________________________________________________________________________________
Erro inesperado no Cliente DESKTOP-GMQPVO2 as 03/09/2018 16:48:33:
 - 10053: Software caused connection abort
__________________________________________________________________________________
Cliente DESKTOP-GMQPVO2 conectado as 03/09/2018 16:52:41
__________________________________________________________________________________
Erro inesperado no Cliente DESKTOP-GMQPVO2 as 03/09/2018 16:54:48:
 - 10053: Software caused connection abort
__________________________________________________________________________________
Cliente DESKTOP-GMQPVO2 conectado as 03/09/2018 16:55:14
__________________________________________________________________________________
Cliente DESKTOP-GMQPVO2 desconectado as 03/09/2018 16:55:49
