__________________________________________________________________________________
Erro inesperado no Cliente DESKTOP-GMQPVO2 as 26/09/2018 07:13:19:
 - 10053: Software caused connection abort
************************************************************************************
Aplicativo inicializado as 26/09/2018 08:14:19
************************************************************************************
Servidor do autêntica(9999) iniciado as 26/09/2018 08:14:19
__________________________________________________________________________________
Cliente DESKTOP-GMQPVO2 conectado as 26/09/2018 08:16:30
__________________________________________________________________________________
Cliente DESKTOP-GMQPVO2 desconectado as 26/09/2018 11:11:18
************************************************************************************
Aplicativo inicializado as 26/09/2018 13:38:12
************************************************************************************
Servidor do autêntica(9999) iniciado as 26/09/2018 13:38:12
__________________________________________________________________________________
Cliente BrunoMendes conectado as 26/09/2018 13:49:25
__________________________________________________________________________________
Erro inesperado no Cliente BrunoMendes as 26/09/2018 14:18:14:
 - 10053: Software caused connection abort
__________________________________________________________________________________
Cliente BrunoMendes conectado as 26/09/2018 14:26:19
__________________________________________________________________________________
Erro inesperado no Cliente BrunoMendes as 26/09/2018 14:41:25:
 - 10053: Software caused connection abort
__________________________________________________________________________________
Cliente BrunoMendes conectado as 26/09/2018 14:41:37
__________________________________________________________________________________
Erro inesperado no Cliente BrunoMendes as 26/09/2018 15:07:29:
 - 10053: Software caused connection abort
__________________________________________________________________________________
Cliente BrunoMendes conectado as 26/09/2018 15:14:14
__________________________________________________________________________________
Erro inesperado no Cliente BrunoMendes as 26/09/2018 15:16:20:
 - 10053: Software caused connection abort
__________________________________________________________________________________
Cliente BrunoMendes conectado as 26/09/2018 15:16:35
************************************************************************************
Aplicativo inicializado as 26/09/2018 21:01:43
************************************************************************************
Servidor do autêntica(9999) iniciado as 26/09/2018 21:01:44
