************************************************************************************
Aplicativo inicializado as 06/12/2018 09:37:02
************************************************************************************
Servidor do autêntica(9999) iniciado as 06/12/2018 09:37:02
__________________________________________________________________________________
Cliente DESKTOP-1BJ11C0 conectado as 06/12/2018 09:37:15
__________________________________________________________________________________
Cliente DESKTOP-1BJ11C0 desconectado as 06/12/2018 09:37:37
__________________________________________________________________________________
Cliente DESKTOP-1BJ11C0 conectado as 06/12/2018 09:38:15
__________________________________________________________________________________
Cliente DESKTOP-1BJ11C0 conectado as 06/12/2018 14:28:57
__________________________________________________________________________________
Cliente DESKTOP-1BJ11C0 desconectado as 06/12/2018 14:29:17
__________________________________________________________________________________
Cliente DESKTOP-1BJ11C0 desconectado as 06/12/2018 14:33:36
__________________________________________________________________________________
Cliente DESKTOP-1BJ11C0 conectado as 06/12/2018 14:36:15
__________________________________________________________________________________
Cliente DESKTOP-1BJ11C0 conectado as 06/12/2018 14:45:41
__________________________________________________________________________________
Cliente DESKTOP-1BJ11C0 desconectado as 06/12/2018 18:25:09
__________________________________________________________________________________
Cliente DESKTOP-1BJ11C0 desconectado as 06/12/2018 18:25:10
