************************************************************************************
Aplicativo inicializado as 31/08/2018 11:06:48
************************************************************************************
Servidor do autêntica(9999) iniciado as 31/08/2018 11:06:49
************************************************************************************
Aplicativo inicializado as 31/08/2018 11:07:52
************************************************************************************
Servidor do autêntica(9999) iniciado as 31/08/2018 11:07:52
************************************************************************************
Aplicativo inicializado as 31/08/2018 11:18:42
************************************************************************************
Servidor do autêntica(9999) iniciado as 31/08/2018 11:18:42
************************************************************************************
Aplicativo inicializado as 31/08/2018 11:27:21
************************************************************************************
Servidor do autêntica(9999) iniciado as 31/08/2018 11:27:21
************************************************************************************
Aplicativo inicializado as 31/08/2018 14:11:31
************************************************************************************
Servidor do autêntica(9999) iniciado as 31/08/2018 14:11:31
__________________________________________________________________________________
Cliente DESKTOP-GMQPVO2 conectado as 31/08/2018 14:11:50
