************************************************************************************
Aplicativo inicializado as 24/10/2018 08:51:44
************************************************************************************
Servidor do autêntica(9999) iniciado as 24/10/2018 08:51:44
__________________________________________________________________________________
Cliente DESKTOP-1BJ11C0 conectado as 24/10/2018 08:52:01
__________________________________________________________________________________
Erro inesperado no Cliente DESKTOP-1BJ11C0 as 24/10/2018 09:10:24:
 - 10053: Software caused connection abort
__________________________________________________________________________________
Cliente DESKTOP-1BJ11C0 conectado as 24/10/2018 09:10:43
__________________________________________________________________________________
Cliente DESKTOP-1BJ11C0 desconectado as 24/10/2018 09:10:57
__________________________________________________________________________________
Cliente DESKTOP-1BJ11C0 conectado as 24/10/2018 09:11:49
__________________________________________________________________________________
Cliente DESKTOP-1BJ11C0 desconectado as 24/10/2018 09:49:11
************************************************************************************
Aplicativo inicializado as 24/10/2018 10:39:19
************************************************************************************
Servidor do autêntica(9999) iniciado as 24/10/2018 10:39:19
__________________________________________________________________________________
Cliente DESKTOP-1BJ11C0 conectado as 24/10/2018 10:39:36
__________________________________________________________________________________
Cliente DESKTOP-1BJ11C0 desconectado as 24/10/2018 10:39:49
__________________________________________________________________________________
Cliente DESKTOP-1BJ11C0 conectado as 24/10/2018 10:40:03
__________________________________________________________________________________
Cliente DESKTOP-1BJ11C0 desconectado as 24/10/2018 13:53:22
__________________________________________________________________________________
Cliente DESKTOP-1BJ11C0 conectado as 24/10/2018 13:53:44
__________________________________________________________________________________
Cliente DESKTOP-1BJ11C0 desconectado as 24/10/2018 14:23:52
__________________________________________________________________________________
Cliente DESKTOP-1BJ11C0 conectado as 24/10/2018 15:10:00
__________________________________________________________________________________
Cliente DESKTOP-1BJ11C0 desconectado as 24/10/2018 15:10:16
__________________________________________________________________________________
Cliente DESKTOP-1BJ11C0 conectado as 24/10/2018 15:10:22
__________________________________________________________________________________
Cliente DESKTOP-1BJ11C0 desconectado as 24/10/2018 15:28:12
************************************************************************************
Aplicativo inicializado as 24/10/2018 21:35:54
************************************************************************************
Servidor do autêntica(9999) iniciado as 24/10/2018 21:35:54
__________________________________________________________________________________
Cliente DESKTOP-1BJ11C0 conectado as 24/10/2018 21:37:14
__________________________________________________________________________________
Cliente DESKTOP-1BJ11C0 desconectado as 24/10/2018 21:37:56
__________________________________________________________________________________
Cliente DESKTOP-1BJ11C0 conectado as 24/10/2018 21:38:30
__________________________________________________________________________________
Cliente DESKTOP-1BJ11C0 desconectado as 24/10/2018 22:21:08
