************************************************************************************
Aplicativo inicializado as 11/12/2018 13:19:35
************************************************************************************
Servidor do autêntica(9999) iniciado as 11/12/2018 13:19:35
__________________________________________________________________________________
Cliente DESKTOP-1BJ11C0 conectado as 11/12/2018 13:20:31
__________________________________________________________________________________
Cliente DESKTOP-1BJ11C0 conectado as 11/12/2018 13:25:46
__________________________________________________________________________________
Cliente DESKTOP-1BJ11C0 desconectado as 11/12/2018 13:25:46
__________________________________________________________________________________
Cliente DESKTOP-1BJ11C0 desconectado as 11/12/2018 13:26:05
__________________________________________________________________________________
Cliente DESKTOP-1BJ11C0 conectado as 11/12/2018 13:26:23
__________________________________________________________________________________
Cliente DESKTOP-1BJ11C0 desconectado as 11/12/2018 14:02:40
************************************************************************************
Aplicativo inicializado as 11/12/2018 14:37:10
************************************************************************************
Servidor do autêntica(9999) iniciado as 11/12/2018 14:37:10
__________________________________________________________________________________
Cliente DESKTOP-1BJ11C0 conectado as 11/12/2018 14:37:38
