__________________________________________________________________________________
Cliente DESKTOP-1BJ11C0 conectado as 23/11/2018 09:39:56
__________________________________________________________________________________
Cliente DESKTOP-1BJ11C0 desconectado as 23/11/2018 09:40:25
__________________________________________________________________________________
Cliente DESKTOP-1BJ11C0 conectado as 23/11/2018 09:41:12
__________________________________________________________________________________
Cliente DESKTOP-1BJ11C0 desconectado as 23/11/2018 09:41:18
__________________________________________________________________________________
Cliente DESKTOP-1BJ11C0 conectado as 23/11/2018 09:41:46
__________________________________________________________________________________
Cliente DESKTOP-1BJ11C0 desconectado as 23/11/2018 09:42:07
__________________________________________________________________________________
Cliente DESKTOP-1BJ11C0 conectado as 23/11/2018 09:42:44
__________________________________________________________________________________
Cliente DESKTOP-1BJ11C0 desconectado as 23/11/2018 09:43:02
__________________________________________________________________________________
Cliente DESKTOP-1BJ11C0 conectado as 23/11/2018 12:18:37
__________________________________________________________________________________
Cliente DESKTOP-1BJ11C0 desconectado as 23/11/2018 12:18:52
__________________________________________________________________________________
Cliente DESKTOP-1BJ11C0 conectado as 23/11/2018 12:20:21
__________________________________________________________________________________
Cliente DESKTOP-1BJ11C0 desconectado as 23/11/2018 12:40:39
************************************************************************************
Aplicativo inicializado as 23/11/2018 13:01:35
************************************************************************************
Servidor do autêntica(9999) iniciado as 23/11/2018 13:01:35
__________________________________________________________________________________
Cliente DESKTOP-1BJ11C0 conectado as 23/11/2018 13:02:47
