__________________________________________________________________________________
Erro inesperado no Cliente DESKTOP-GMQPVO2 as 11/09/2018 07:43:00:
 - 10053: Software caused connection abort
__________________________________________________________________________________
Cliente DESKTOP-GMQPVO2 conectado as 11/09/2018 07:52:26
__________________________________________________________________________________
Cliente DESKTOP-GMQPVO2 desconectado as 11/09/2018 07:52:41
__________________________________________________________________________________
Cliente DESKTOP-GMQPVO2 conectado as 11/09/2018 07:53:59
__________________________________________________________________________________
Erro inesperado no Cliente DESKTOP-GMQPVO2 as 11/09/2018 13:20:17:
 - 10053: Software caused connection abort
************************************************************************************
Aplicativo inicializado as 11/09/2018 15:03:57
************************************************************************************
Servidor do autêntica(9999) iniciado as 11/09/2018 15:03:57
__________________________________________________________________________________
Cliente DESKTOP-GMQPVO2 conectado as 11/09/2018 15:04:24
__________________________________________________________________________________
Erro inesperado no Cliente DESKTOP-GMQPVO2 as 11/09/2018 16:25:03:
 - 10053: Software caused connection abort
