************************************************************************************
Aplicativo inicializado as 12/11/2018 09:16:40
************************************************************************************
Servidor do autêntica(9999) iniciado as 12/11/2018 09:16:40
__________________________________________________________________________________
Cliente DESKTOP-1BJ11C0 conectado as 12/11/2018 09:16:58
__________________________________________________________________________________
Cliente DESKTOP-1BJ11C0 desconectado as 12/11/2018 09:19:05
__________________________________________________________________________________
Cliente DESKTOP-1BJ11C0 conectado as 12/11/2018 09:19:50
__________________________________________________________________________________
Cliente DESKTOP-1BJ11C0 desconectado as 12/11/2018 09:33:16
__________________________________________________________________________________
Cliente DESKTOP-1BJ11C0 conectado as 12/11/2018 09:37:02
__________________________________________________________________________________
Cliente DESKTOP-1BJ11C0 desconectado as 12/11/2018 10:58:03
__________________________________________________________________________________
Cliente DESKTOP-1BJ11C0 conectado as 12/11/2018 10:58:55
__________________________________________________________________________________
Erro inesperado no Cliente DESKTOP-1BJ11C0 as 12/11/2018 11:06:55:
 - 10053: Software caused connection abort
__________________________________________________________________________________
Cliente DESKTOP-1BJ11C0 conectado as 12/11/2018 11:09:35
__________________________________________________________________________________
Cliente DESKTOP-1BJ11C0 desconectado as 12/11/2018 12:17:14
__________________________________________________________________________________
Cliente DESKTOP-1BJ11C0 conectado as 12/11/2018 12:17:23
__________________________________________________________________________________
Cliente DESKTOP-1BJ11C0 desconectado as 12/11/2018 16:44:47
