************************************************************************************
Aplicativo inicializado as 11/10/2018 08:44:09
************************************************************************************
Servidor do autêntica(9999) iniciado as 11/10/2018 08:44:09
__________________________________________________________________________________
Cliente BrunoMendes conectado as 11/10/2018 08:44:39
__________________________________________________________________________________
Cliente BrunoMendes desconectado as 11/10/2018 08:44:56
__________________________________________________________________________________
Cliente BrunoMendes conectado as 11/10/2018 08:46:37
__________________________________________________________________________________
Cliente BrunoMendes desconectado as 11/10/2018 14:24:24
__________________________________________________________________________________
Cliente BrunoMendes conectado as 11/10/2018 14:46:16
__________________________________________________________________________________
Cliente BrunoMendes desconectado as 11/10/2018 15:03:49
__________________________________________________________________________________
Cliente BrunoMendes conectado as 11/10/2018 15:04:56
__________________________________________________________________________________
Cliente BrunoMendes desconectado as 11/10/2018 17:05:21
