************************************************************************************
Aplicativo inicializado as 30/11/2018 11:33:39
************************************************************************************
Servidor do autêntica(9999) iniciado as 30/11/2018 11:33:39
__________________________________________________________________________________
Cliente DESKTOP-1BJ11C0 conectado as 30/11/2018 11:34:44
__________________________________________________________________________________
Cliente DESKTOP-1BJ11C0 desconectado as 30/11/2018 15:01:58
__________________________________________________________________________________
Cliente DESKTOP-1BJ11C0 conectado as 30/11/2018 15:03:18
__________________________________________________________________________________
Cliente DESKTOP-1BJ11C0 desconectado as 30/11/2018 15:04:40
__________________________________________________________________________________
Cliente DESKTOP-1BJ11C0 conectado as 30/11/2018 15:05:38
__________________________________________________________________________________
Cliente DESKTOP-1BJ11C0 desconectado as 30/11/2018 15:10:52
__________________________________________________________________________________
Cliente DESKTOP-1BJ11C0 conectado as 30/11/2018 15:36:04
__________________________________________________________________________________
Cliente DESKTOP-1BJ11C0 desconectado as 30/11/2018 15:37:42
__________________________________________________________________________________
Cliente DESKTOP-1BJ11C0 conectado as 30/11/2018 15:37:53
