************************************************************************************
Aplicativo inicializado as 17/12/2018 08:39:33
************************************************************************************
Servidor do autêntica(9999) iniciado as 17/12/2018 08:39:33
__________________________________________________________________________________
Cliente DESKTOP-1BJ11C0 conectado as 17/12/2018 08:39:47
__________________________________________________________________________________
Erro inesperado no Cliente DESKTOP-1BJ11C0 as 17/12/2018 08:39:47:
 - 10053: Software caused connection abort
__________________________________________________________________________________
Cliente DESKTOP-1BJ11C0 conectado as 17/12/2018 08:40:29
__________________________________________________________________________________
Cliente DESKTOP-1BJ11C0 desconectado as 17/12/2018 08:40:49
__________________________________________________________________________________
Cliente DESKTOP-1BJ11C0 conectado as 17/12/2018 08:41:29
__________________________________________________________________________________
Erro inesperado no Cliente DESKTOP-1BJ11C0 as 17/12/2018 09:00:42:
 - 10053: Software caused connection abort
__________________________________________________________________________________
Cliente DESKTOP-1BJ11C0 conectado as 17/12/2018 09:01:56
__________________________________________________________________________________
Cliente DESKTOP-1BJ11C0 desconectado as 17/12/2018 09:21:45
__________________________________________________________________________________
Cliente DESKTOP-1BJ11C0 conectado as 17/12/2018 09:21:51
__________________________________________________________________________________
Cliente DESKTOP-1BJ11C0 desconectado as 17/12/2018 09:25:30
__________________________________________________________________________________
Cliente DESKTOP-1BJ11C0 conectado as 17/12/2018 09:25:32
__________________________________________________________________________________
Cliente DESKTOP-1BJ11C0 desconectado as 17/12/2018 09:26:19
__________________________________________________________________________________
Cliente DESKTOP-1BJ11C0 conectado as 17/12/2018 09:27:19
__________________________________________________________________________________
Cliente DESKTOP-1BJ11C0 conectado as 17/12/2018 09:35:35
__________________________________________________________________________________
Cliente DESKTOP-1BJ11C0 desconectado as 17/12/2018 09:35:35
__________________________________________________________________________________
Cliente DESKTOP-1BJ11C0 desconectado as 17/12/2018 09:35:51
__________________________________________________________________________________
Cliente DESKTOP-1BJ11C0 conectado as 17/12/2018 09:36:05
__________________________________________________________________________________
Cliente DESKTOP-1BJ11C0 desconectado as 17/12/2018 09:42:36
__________________________________________________________________________________
Cliente DESKTOP-1BJ11C0 conectado as 17/12/2018 09:43:07
__________________________________________________________________________________
Cliente DESKTOP-1BJ11C0 desconectado as 17/12/2018 09:45:32
__________________________________________________________________________________
Cliente DESKTOP-1BJ11C0 conectado as 17/12/2018 09:45:56
__________________________________________________________________________________
Cliente DESKTOP-1BJ11C0 desconectado as 17/12/2018 09:50:22
__________________________________________________________________________________
Cliente DESKTOP-1BJ11C0 conectado as 17/12/2018 15:42:26
__________________________________________________________________________________
Cliente DESKTOP-1BJ11C0 desconectado as 17/12/2018 17:50:58
