************************************************************************************
Aplicativo inicializado as 06/09/2018 08:40:02
************************************************************************************
Servidor do autêntica(9999) iniciado as 06/09/2018 08:40:02
__________________________________________________________________________________
Cliente DESKTOP-GMQPVO2 conectado as 06/09/2018 08:40:14
__________________________________________________________________________________
Cliente DESKTOP-GMQPVO2 desconectado as 06/09/2018 08:40:36
__________________________________________________________________________________
Cliente DESKTOP-GMQPVO2 conectado as 06/09/2018 09:03:17
__________________________________________________________________________________
Cliente DESKTOP-GMQPVO2 desconectado as 06/09/2018 12:09:26
__________________________________________________________________________________
Cliente DESKTOP-GMQPVO2 conectado as 06/09/2018 14:50:59
__________________________________________________________________________________
Cliente DESKTOP-GMQPVO2 desconectado as 06/09/2018 15:12:20
__________________________________________________________________________________
Cliente DESKTOP-GMQPVO2 conectado as 06/09/2018 15:13:50
__________________________________________________________________________________
Cliente DESKTOP-GMQPVO2 desconectado as 06/09/2018 17:23:47
