************************************************************************************
Aplicativo inicializado as 15/07/2019 08:27:11
************************************************************************************
Servidor do autêntica(9999) iniciado as 15/07/2019 08:27:11
__________________________________________________________________________________
Cliente DESKTOP-8VQQ7BH conectado as 15/07/2019 08:27:57
__________________________________________________________________________________
Cliente DESKTOP-8VQQ7BH desconectado as 15/07/2019 09:21:19
__________________________________________________________________________________
Cliente DESKTOP-8VQQ7BH conectado as 15/07/2019 09:25:04
__________________________________________________________________________________
Cliente DESKTOP-8VQQ7BH desconectado as 15/07/2019 09:25:16
__________________________________________________________________________________
Cliente DESKTOP-8VQQ7BH conectado as 15/07/2019 09:29:17
__________________________________________________________________________________
Cliente DESKTOP-8VQQ7BH desconectado as 15/07/2019 09:34:37
__________________________________________________________________________________
Cliente DESKTOP-8VQQ7BH conectado as 15/07/2019 09:35:30
__________________________________________________________________________________
Cliente DESKTOP-8VQQ7BH desconectado as 15/07/2019 13:14:13
__________________________________________________________________________________
Cliente DESKTOP-8VQQ7BH conectado as 15/07/2019 16:30:47
__________________________________________________________________________________
Cliente DESKTOP-8VQQ7BH desconectado as 15/07/2019 16:31:23
__________________________________________________________________________________
Cliente DESKTOP-8VQQ7BH conectado as 15/07/2019 16:31:41
__________________________________________________________________________________
Cliente DESKTOP-8VQQ7BH desconectado as 15/07/2019 16:33:29
__________________________________________________________________________________
Cliente DESKTOP-8VQQ7BH conectado as 15/07/2019 21:14:58
__________________________________________________________________________________
Cliente DESKTOP-8VQQ7BH desconectado as 15/07/2019 23:44:50
