************************************************************************************
Aplicativo inicializado as 02/07/2019 08:47:35
************************************************************************************
Servidor do autêntica(9999) iniciado as 02/07/2019 08:47:35
__________________________________________________________________________________
Cliente DESKTOP-8VQQ7BH conectado as 02/07/2019 08:48:30
__________________________________________________________________________________
Cliente DESKTOP-8VQQ7BH conectado as 02/07/2019 09:03:21
__________________________________________________________________________________
Cliente DESKTOP-8VQQ7BH desconectado as 02/07/2019 09:03:34
__________________________________________________________________________________
Cliente DESKTOP-8VQQ7BH conectado as 02/07/2019 09:04:56
__________________________________________________________________________________
Cliente DESKTOP-8VQQ7BH desconectado as 02/07/2019 09:06:07
__________________________________________________________________________________
Cliente DESKTOP-8VQQ7BH conectado as 02/07/2019 09:06:16
__________________________________________________________________________________
Cliente DESKTOP-8VQQ7BH desconectado as 02/07/2019 09:08:18
__________________________________________________________________________________
Cliente DESKTOP-8VQQ7BH conectado as 02/07/2019 09:37:43
__________________________________________________________________________________
Cliente DESKTOP-8VQQ7BH desconectado as 02/07/2019 10:22:08
__________________________________________________________________________________
Cliente DESKTOP-8VQQ7BH desconectado as 02/07/2019 14:14:38
