__________________________________________________________________________________
Cliente DESKTOP-1BJ11C0 conectado as 13/02/2019 08:07:39
************************************************************************************
Aplicativo inicializado as 13/02/2019 10:11:31
************************************************************************************
Servidor do autêntica(9999) iniciado as 13/02/2019 10:11:31
__________________________________________________________________________________
Cliente DESKTOP-1BJ11C0 conectado as 13/02/2019 10:12:13
************************************************************************************
Aplicativo inicializado as 13/02/2019 15:56:50
************************************************************************************
Servidor do autêntica(9999) iniciado as 13/02/2019 15:56:50
__________________________________________________________________________________
Cliente DESKTOP-1BJ11C0 conectado as 13/02/2019 15:57:47
************************************************************************************
Aplicativo inicializado as 13/02/2019 16:15:50
************************************************************************************
Servidor do autêntica(9999) iniciado as 13/02/2019 16:15:50
__________________________________________________________________________________
Cliente DESKTOP-1BJ11C0 conectado as 13/02/2019 16:16:01
************************************************************************************
Aplicativo inicializado as 13/02/2019 17:00:09
************************************************************************************
Servidor do autêntica(9999) iniciado as 13/02/2019 17:00:09
__________________________________________________________________________________
Cliente DESKTOP-1BJ11C0 conectado as 13/02/2019 17:00:29
__________________________________________________________________________________
Cliente DESKTOP-1BJ11C0 desconectado as 13/02/2019 17:00:59
__________________________________________________________________________________
Cliente DESKTOP-1BJ11C0 conectado as 13/02/2019 17:01:17
__________________________________________________________________________________
Cliente DESKTOP-1BJ11C0 desconectado as 13/02/2019 17:01:58
__________________________________________________________________________________
Cliente DESKTOP-1BJ11C0 conectado as 13/02/2019 17:02:50
__________________________________________________________________________________
Erro inesperado no Cliente DESKTOP-1BJ11C0 as 13/02/2019 17:09:41:
 - 10053: Software caused connection abort
__________________________________________________________________________________
Cliente DESKTOP-1BJ11C0 conectado as 13/02/2019 17:11:07
__________________________________________________________________________________
Cliente DESKTOP-1BJ11C0 desconectado as 13/02/2019 19:46:34
