************************************************************************************
Aplicativo inicializado as 10/10/2019 10:16:05
************************************************************************************
Servidor do autêntica(9999) iniciado as 10/10/2019 10:16:05
************************************************************************************
Aplicativo inicializado as 10/10/2019 10:30:31
************************************************************************************
Servidor do autêntica(9999) iniciado as 10/10/2019 10:30:31
__________________________________________________________________________________
Cliente DESKTOP-NT5MBRJ conectado as 10/10/2019 10:31:39
************************************************************************************
Aplicativo inicializado as 10/10/2019 14:34:44
************************************************************************************
Servidor do autêntica(9999) iniciado as 10/10/2019 14:34:44
__________________________________________________________________________________
Cliente DESKTOP-NT5MBRJ conectado as 10/10/2019 14:42:38
__________________________________________________________________________________
Cliente DESKTOP-NT5MBRJ desconectado as 10/10/2019 14:43:22
__________________________________________________________________________________
Cliente DESKTOP-NT5MBRJ conectado as 10/10/2019 16:13:06
__________________________________________________________________________________
Cliente DESKTOP-NT5MBRJ desconectado as 10/10/2019 16:34:44
