__________________________________________________________________________________
Cliente DESKTOP-8VQQ7BH conectado as 01/07/2019 09:50:18
__________________________________________________________________________________
Erro inesperado no Cliente DESKTOP-8VQQ7BH as 01/07/2019 09:50:26:
 - 10053: Software caused connection abort
__________________________________________________________________________________
Cliente DESKTOP-8VQQ7BH conectado as 01/07/2019 09:50:43
__________________________________________________________________________________
Erro inesperado no Cliente DESKTOP-8VQQ7BH as 01/07/2019 09:50:49:
 - 10053: Software caused connection abort
__________________________________________________________________________________
Cliente DESKTOP-8VQQ7BH conectado as 01/07/2019 09:51:36
__________________________________________________________________________________
Erro inesperado no Cliente DESKTOP-8VQQ7BH as 01/07/2019 10:45:23:
 - 10053: Software caused connection abort
__________________________________________________________________________________
Cliente DESKTOP-8VQQ7BH conectado as 01/07/2019 10:45:38
__________________________________________________________________________________
Erro inesperado no Cliente DESKTOP-8VQQ7BH as 01/07/2019 10:57:26:
 - 10053: Software caused connection abort
__________________________________________________________________________________
Cliente DESKTOP-8VQQ7BH conectado as 01/07/2019 11:01:59
__________________________________________________________________________________
Cliente DESKTOP-8VQQ7BH desconectado as 01/07/2019 11:45:08
__________________________________________________________________________________
Cliente DESKTOP-8VQQ7BH conectado as 01/07/2019 14:21:58
__________________________________________________________________________________
Cliente DESKTOP-8VQQ7BH desconectado as 01/07/2019 17:16:55
