************************************************************************************
Aplicativo inicializado as 28/08/2019 10:21:23
************************************************************************************
Servidor do autêntica(9999) iniciado as 28/08/2019 10:21:23
__________________________________________________________________________________
Cliente DESKTOP-NT5MBRJ conectado as 28/08/2019 10:21:46
__________________________________________________________________________________
Cliente DESKTOP-NT5MBRJ desconectado as 28/08/2019 13:48:18
************************************************************************************
Aplicativo inicializado as 28/08/2019 16:47:45
************************************************************************************
Servidor do autêntica(9999) iniciado as 28/08/2019 16:47:45
__________________________________________________________________________________
Cliente DESKTOP-NT5MBRJ conectado as 28/08/2019 16:48:44
__________________________________________________________________________________
Erro inesperado no Cliente DESKTOP-NT5MBRJ as 28/08/2019 16:51:45:
 - 10053: Software caused connection abort
__________________________________________________________________________________
Cliente DESKTOP-NT5MBRJ conectado as 28/08/2019 16:52:11
__________________________________________________________________________________
Erro inesperado no Cliente DESKTOP-NT5MBRJ as 28/08/2019 16:52:44:
 - 10053: Software caused connection abort
__________________________________________________________________________________
Cliente DESKTOP-NT5MBRJ conectado as 28/08/2019 16:53:02
__________________________________________________________________________________
Erro inesperado no Cliente DESKTOP-NT5MBRJ as 28/08/2019 16:55:07:
 - 10053: Software caused connection abort
__________________________________________________________________________________
Cliente DESKTOP-NT5MBRJ conectado as 28/08/2019 16:55:38
