************************************************************************************
Aplicativo inicializado as 05/02/2019 10:29:29
************************************************************************************
Servidor do autêntica(9999) iniciado as 05/02/2019 10:29:29
__________________________________________________________________________________
Cliente DESKTOP-1BJ11C0 conectado as 05/02/2019 10:31:48
__________________________________________________________________________________
Cliente DESKTOP-1BJ11C0 desconectado as 05/02/2019 11:19:15
************************************************************************************
Aplicativo inicializado as 05/02/2019 13:56:33
************************************************************************************
Servidor do autêntica(9999) iniciado as 05/02/2019 13:56:33
__________________________________________________________________________________
Cliente DESKTOP-1BJ11C0 conectado as 05/02/2019 13:56:50
__________________________________________________________________________________
Cliente DESKTOP-1BJ11C0 desconectado as 05/02/2019 13:57:01
__________________________________________________________________________________
Cliente DESKTOP-1BJ11C0 conectado as 05/02/2019 13:57:41
__________________________________________________________________________________
Cliente DESKTOP-1BJ11C0 desconectado as 05/02/2019 17:53:06
