************************************************************************************
Aplicativo inicializado as 09/09/2019 10:08:16
************************************************************************************
Servidor do autêntica(9999) iniciado as 09/09/2019 10:08:16
__________________________________________________________________________________
Cliente DESKTOP-NT5MBRJ conectado as 09/09/2019 10:09:02
__________________________________________________________________________________
Cliente DESKTOP-NT5MBRJ desconectado as 09/09/2019 10:10:36
__________________________________________________________________________________
Cliente DESKTOP-NT5MBRJ conectado as 09/09/2019 10:12:11
__________________________________________________________________________________
Cliente DESKTOP-NT5MBRJ desconectado as 09/09/2019 10:23:50
__________________________________________________________________________________
Cliente DESKTOP-NT5MBRJ conectado as 09/09/2019 10:25:53
__________________________________________________________________________________
Cliente DESKTOP-NT5MBRJ desconectado as 09/09/2019 11:02:28
__________________________________________________________________________________
Cliente DESKTOP-NT5MBRJ conectado as 09/09/2019 12:57:11
__________________________________________________________________________________
Cliente DESKTOP-NT5MBRJ desconectado as 09/09/2019 12:57:44
__________________________________________________________________________________
Cliente DESKTOP-NT5MBRJ conectado as 09/09/2019 12:58:34
__________________________________________________________________________________
Cliente DESKTOP-NT5MBRJ desconectado as 09/09/2019 12:59:34
__________________________________________________________________________________
Cliente DESKTOP-NT5MBRJ conectado as 09/09/2019 13:36:03
__________________________________________________________________________________
Erro inesperado no Cliente DESKTOP-NT5MBRJ as 09/09/2019 13:36:41:
 - 10053: Software caused connection abort
__________________________________________________________________________________
Cliente DESKTOP-NT5MBRJ conectado as 09/09/2019 13:37:08
__________________________________________________________________________________
Cliente DESKTOP-NT5MBRJ desconectado as 09/09/2019 17:03:50
