************************************************************************************
Aplicativo inicializado as 11/04/2019 14:37:34
************************************************************************************
Servidor do autêntica(9999) iniciado as 11/04/2019 14:37:34
__________________________________________________________________________________
Cliente DESKTOP-1BJ11C0 conectado as 11/04/2019 14:37:52
__________________________________________________________________________________
Cliente DESKTOP-1BJ11C0 desconectado as 11/04/2019 14:38:38
__________________________________________________________________________________
Cliente DESKTOP-1BJ11C0 conectado as 11/04/2019 14:39:22
__________________________________________________________________________________
Cliente DESKTOP-1BJ11C0 desconectado as 11/04/2019 14:39:47
__________________________________________________________________________________
Cliente DESKTOP-1BJ11C0 conectado as 11/04/2019 14:39:48
__________________________________________________________________________________
Cliente DESKTOP-1BJ11C0 desconectado as 11/04/2019 14:40:18
__________________________________________________________________________________
Cliente DESKTOP-1BJ11C0 conectado as 11/04/2019 14:40:52
__________________________________________________________________________________
Cliente DESKTOP-1BJ11C0 desconectado as 11/04/2019 15:12:02
