************************************************************************************
Aplicativo inicializado as 15/04/2019 08:36:32
************************************************************************************
Servidor do autêntica(9999) iniciado as 15/04/2019 08:36:32
__________________________________________________________________________________
Cliente DESKTOP-8VQQ7BH conectado as 15/04/2019 08:40:33
__________________________________________________________________________________
Cliente DESKTOP-8VQQ7BH desconectado as 15/04/2019 08:40:54
__________________________________________________________________________________
Cliente DESKTOP-8VQQ7BH conectado as 15/04/2019 08:41:30
__________________________________________________________________________________
Cliente DESKTOP-8VQQ7BH desconectado as 15/04/2019 08:53:03
__________________________________________________________________________________
Cliente DESKTOP-8VQQ7BH conectado as 15/04/2019 09:01:00
__________________________________________________________________________________
Cliente DESKTOP-8VQQ7BH desconectado as 15/04/2019 09:01:14
__________________________________________________________________________________
Cliente DESKTOP-8VQQ7BH conectado as 15/04/2019 09:01:27
__________________________________________________________________________________
Erro inesperado no Cliente DESKTOP-8VQQ7BH as 15/04/2019 09:03:36:
 - 10053: Software caused connection abort
__________________________________________________________________________________
Cliente DESKTOP-8VQQ7BH conectado as 15/04/2019 09:12:00
__________________________________________________________________________________
Cliente DESKTOP-8VQQ7BH desconectado as 15/04/2019 09:12:08
__________________________________________________________________________________
Cliente DESKTOP-8VQQ7BH conectado as 15/04/2019 09:15:13
__________________________________________________________________________________
Cliente DESKTOP-8VQQ7BH desconectado as 15/04/2019 09:16:03
__________________________________________________________________________________
Cliente DESKTOP-8VQQ7BH conectado as 15/04/2019 09:17:27
__________________________________________________________________________________
Cliente DESKTOP-8VQQ7BH desconectado as 15/04/2019 09:32:48
__________________________________________________________________________________
Cliente DESKTOP-8VQQ7BH conectado as 15/04/2019 09:41:49
__________________________________________________________________________________
Erro inesperado no Cliente DESKTOP-8VQQ7BH as 15/04/2019 10:52:53:
 - 10053: Software caused connection abort
************************************************************************************
Aplicativo inicializado as 15/04/2019 17:39:49
************************************************************************************
Servidor do autêntica(9999) iniciado as 15/04/2019 17:39:49
__________________________________________________________________________________
Cliente DESKTOP-8VQQ7BH conectado as 15/04/2019 17:40:13
__________________________________________________________________________________
Cliente DESKTOP-8VQQ7BH desconectado as 15/04/2019 17:55:06
