************************************************************************************
Aplicativo inicializado as 15/02/2019 08:29:57
************************************************************************************
Servidor do autêntica(9999) iniciado as 15/02/2019 08:29:57
__________________________________________________________________________________
Cliente DESKTOP-1BJ11C0 conectado as 15/02/2019 08:31:27
__________________________________________________________________________________
Cliente DESKTOP-1BJ11C0 desconectado as 15/02/2019 09:10:40
************************************************************************************
Aplicativo inicializado as 15/02/2019 19:13:32
************************************************************************************
Servidor do autêntica(9999) iniciado as 15/02/2019 19:13:32
__________________________________________________________________________________
Cliente DESKTOP-1BJ11C0 conectado as 15/02/2019 19:13:43
__________________________________________________________________________________
Cliente DESKTOP-1BJ11C0 desconectado as 15/02/2019 19:14:19
__________________________________________________________________________________
Cliente DESKTOP-1BJ11C0 conectado as 15/02/2019 19:14:55
__________________________________________________________________________________
Cliente DESKTOP-1BJ11C0 desconectado as 15/02/2019 21:49:01
