************************************************************************************
Aplicativo inicializado as 15/10/2019 14:20:40
************************************************************************************
Servidor do autêntica(9999) iniciado as 15/10/2019 14:20:40
__________________________________________________________________________________
Cliente DESKTOP-NT5MBRJ conectado as 15/10/2019 14:21:06
__________________________________________________________________________________
Cliente DESKTOP-NT5MBRJ desconectado as 15/10/2019 14:22:24
__________________________________________________________________________________
Cliente DESKTOP-NT5MBRJ conectado as 15/10/2019 14:25:13
__________________________________________________________________________________
Cliente DESKTOP-NT5MBRJ desconectado as 15/10/2019 14:25:25
__________________________________________________________________________________
Cliente DESKTOP-NT5MBRJ conectado as 15/10/2019 16:50:46
__________________________________________________________________________________
Cliente DESKTOP-NT5MBRJ desconectado as 15/10/2019 16:51:47
__________________________________________________________________________________
Cliente DESKTOP-NT5MBRJ conectado as 15/10/2019 16:52:13
__________________________________________________________________________________
Cliente DESKTOP-NT5MBRJ desconectado as 15/10/2019 19:16:20
