************************************************************************************
Aplicativo inicializado as 22/11/2019 08:05:41
************************************************************************************
Servidor do autêntica(9999) iniciado as 22/11/2019 08:05:41
__________________________________________________________________________________
Cliente DESKTOP-NT5MBRJ conectado as 22/11/2019 08:06:10
__________________________________________________________________________________
Cliente DESKTOP-NT5MBRJ desconectado as 22/11/2019 08:06:47
__________________________________________________________________________________
Cliente DESKTOP-NT5MBRJ conectado as 22/11/2019 10:54:25
__________________________________________________________________________________
Cliente DESKTOP-NT5MBRJ desconectado as 22/11/2019 11:07:51
__________________________________________________________________________________
Cliente DESKTOP-NT5MBRJ conectado as 22/11/2019 11:18:38
__________________________________________________________________________________
Cliente DESKTOP-NT5MBRJ desconectado as 22/11/2019 15:26:46
__________________________________________________________________________________
Cliente DESKTOP-NT5MBRJ conectado as 22/11/2019 15:28:07
__________________________________________________________________________________
Cliente DESKTOP-NT5MBRJ desconectado as 22/11/2019 15:28:37
__________________________________________________________________________________
Cliente DESKTOP-NT5MBRJ conectado as 22/11/2019 15:30:00
__________________________________________________________________________________
Cliente DESKTOP-NT5MBRJ desconectado as 22/11/2019 17:09:01
