************************************************************************************
Aplicativo inicializado as 22/07/2019 10:50:13
************************************************************************************
Servidor do autêntica(9999) iniciado as 22/07/2019 10:50:13
__________________________________________________________________________________
Cliente DESKTOP-8VQQ7BH conectado as 22/07/2019 10:51:08
__________________________________________________________________________________
Cliente DESKTOP-8VQQ7BH desconectado as 22/07/2019 10:51:40
__________________________________________________________________________________
Cliente DESKTOP-8VQQ7BH conectado as 22/07/2019 10:52:17
__________________________________________________________________________________
Cliente DESKTOP-8VQQ7BH desconectado as 22/07/2019 10:52:33
__________________________________________________________________________________
Cliente DESKTOP-8VQQ7BH conectado as 22/07/2019 10:53:27
__________________________________________________________________________________
Erro inesperado no Cliente DESKTOP-8VQQ7BH as 22/07/2019 11:50:47:
 - 10053: Software caused connection abort
__________________________________________________________________________________
Cliente DESKTOP-8VQQ7BH conectado as 22/07/2019 11:50:56
__________________________________________________________________________________
Cliente DESKTOP-8VQQ7BH desconectado as 22/07/2019 20:22:26
