__________________________________________________________________________________
Cliente DESKTOP-NT5MBRJ conectado as 28/11/2019 09:46:37
__________________________________________________________________________________
Cliente DESKTOP-NT5MBRJ desconectado as 28/11/2019 09:46:45
__________________________________________________________________________________
Cliente DESKTOP-NT5MBRJ conectado as 28/11/2019 09:46:53
__________________________________________________________________________________
Cliente DESKTOP-NT5MBRJ desconectado as 28/11/2019 09:47:27
__________________________________________________________________________________
Cliente DESKTOP-NT5MBRJ conectado as 28/11/2019 09:56:52
__________________________________________________________________________________
Cliente DESKTOP-NT5MBRJ desconectado as 28/11/2019 11:47:30
************************************************************************************
Aplicativo inicializado as 28/11/2019 13:54:32
************************************************************************************
Servidor do autêntica(9999) iniciado as 28/11/2019 13:54:32
__________________________________________________________________________________
Cliente DESKTOP-NT5MBRJ conectado as 28/11/2019 13:54:40
__________________________________________________________________________________
Cliente DESKTOP-NT5MBRJ desconectado as 28/11/2019 13:54:53
__________________________________________________________________________________
Cliente DESKTOP-NT5MBRJ conectado as 28/11/2019 13:55:14
__________________________________________________________________________________
Cliente DESKTOP-NT5MBRJ desconectado as 28/11/2019 13:55:23
__________________________________________________________________________________
Cliente DESKTOP-NT5MBRJ conectado as 28/11/2019 14:04:31
__________________________________________________________________________________
Cliente DESKTOP-NT5MBRJ desconectado as 28/11/2019 14:04:37
__________________________________________________________________________________
Cliente DESKTOP-NT5MBRJ conectado as 28/11/2019 14:04:55
__________________________________________________________________________________
Cliente DESKTOP-NT5MBRJ desconectado as 28/11/2019 14:15:36
__________________________________________________________________________________
Cliente DESKTOP-NT5MBRJ conectado as 28/11/2019 14:17:42
__________________________________________________________________________________
Cliente DESKTOP-NT5MBRJ desconectado as 28/11/2019 14:19:35
__________________________________________________________________________________
Cliente DESKTOP-NT5MBRJ conectado as 28/11/2019 14:20:47
__________________________________________________________________________________
Cliente DESKTOP-NT5MBRJ desconectado as 28/11/2019 14:23:35
__________________________________________________________________________________
Cliente DESKTOP-NT5MBRJ conectado as 28/11/2019 14:26:02
__________________________________________________________________________________
Cliente DESKTOP-NT5MBRJ desconectado as 28/11/2019 14:26:25
__________________________________________________________________________________
Cliente DESKTOP-NT5MBRJ conectado as 28/11/2019 14:27:39
__________________________________________________________________________________
Cliente DESKTOP-NT5MBRJ desconectado as 28/11/2019 15:14:04
__________________________________________________________________________________
Cliente DESKTOP-NT5MBRJ conectado as 28/11/2019 15:15:19
__________________________________________________________________________________
Cliente DESKTOP-NT5MBRJ desconectado as 28/11/2019 15:30:53
