************************************************************************************
Aplicativo inicializado as 30/05/2019 08:35:51
************************************************************************************
Servidor do autêntica(9999) iniciado as 30/05/2019 08:35:51
__________________________________________________________________________________
Cliente DESKTOP-8VQQ7BH conectado as 30/05/2019 08:36:01
__________________________________________________________________________________
Cliente DESKTOP-8VQQ7BH desconectado as 30/05/2019 08:36:02
__________________________________________________________________________________
Cliente DESKTOP-8VQQ7BH conectado as 30/05/2019 08:39:27
__________________________________________________________________________________
Cliente DESKTOP-8VQQ7BH desconectado as 30/05/2019 08:39:37
__________________________________________________________________________________
Cliente DESKTOP-8VQQ7BH conectado as 30/05/2019 08:41:08
__________________________________________________________________________________
Cliente DESKTOP-8VQQ7BH desconectado as 30/05/2019 12:06:46
__________________________________________________________________________________
Cliente DESKTOP-8VQQ7BH conectado as 30/05/2019 16:31:53
__________________________________________________________________________________
Cliente DESKTOP-8VQQ7BH desconectado as 30/05/2019 16:34:41
__________________________________________________________________________________
Cliente DESKTOP-8VQQ7BH conectado as 30/05/2019 16:37:13
__________________________________________________________________________________
Cliente DESKTOP-8VQQ7BH desconectado as 30/05/2019 16:39:08
__________________________________________________________________________________
Cliente DESKTOP-8VQQ7BH conectado as 30/05/2019 16:40:30
__________________________________________________________________________________
Cliente DESKTOP-8VQQ7BH desconectado as 30/05/2019 17:50:27
