************************************************************************************
Aplicativo inicializado as 07/08/2019 00:06:17
************************************************************************************
Servidor do autêntica(9999) iniciado as 07/08/2019 00:06:17
__________________________________________________________________________________
Cliente DESKTOP-NT5MBRJ conectado as 07/08/2019 09:49:43
__________________________________________________________________________________
Cliente DESKTOP-NT5MBRJ desconectado as 07/08/2019 09:49:58
__________________________________________________________________________________
Cliente DESKTOP-NT5MBRJ conectado as 07/08/2019 09:53:58
__________________________________________________________________________________
Cliente DESKTOP-NT5MBRJ desconectado as 07/08/2019 10:16:53
************************************************************************************
Aplicativo inicializado as 07/08/2019 11:46:29
************************************************************************************
Servidor do autêntica(9999) iniciado as 07/08/2019 11:46:29
__________________________________________________________________________________
Cliente DESKTOP-NT5MBRJ conectado as 07/08/2019 11:46:43
__________________________________________________________________________________
Cliente DESKTOP-NT5MBRJ conectado as 07/08/2019 15:19:17
__________________________________________________________________________________
Cliente DESKTOP-NT5MBRJ desconectado as 07/08/2019 15:19:35
__________________________________________________________________________________
Cliente DESKTOP-NT5MBRJ conectado as 07/08/2019 15:23:51
__________________________________________________________________________________
Cliente DESKTOP-NT5MBRJ desconectado as 07/08/2019 15:24:13
__________________________________________________________________________________
Cliente DESKTOP-NT5MBRJ conectado as 07/08/2019 15:25:31
__________________________________________________________________________________
Cliente DESKTOP-NT5MBRJ desconectado as 07/08/2019 15:25:44
__________________________________________________________________________________
Cliente DESKTOP-NT5MBRJ conectado as 07/08/2019 15:27:14
__________________________________________________________________________________
Cliente DESKTOP-NT5MBRJ desconectado as 07/08/2019 15:27:24
__________________________________________________________________________________
Cliente DESKTOP-NT5MBRJ conectado as 07/08/2019 15:28:30
__________________________________________________________________________________
Cliente DESKTOP-NT5MBRJ desconectado as 07/08/2019 15:28:38
__________________________________________________________________________________
Cliente DESKTOP-NT5MBRJ conectado as 07/08/2019 15:28:51
__________________________________________________________________________________
Cliente DESKTOP-NT5MBRJ desconectado as 07/08/2019 15:28:59
__________________________________________________________________________________
Cliente DESKTOP-NT5MBRJ conectado as 07/08/2019 15:30:54
__________________________________________________________________________________
Cliente DESKTOP-NT5MBRJ desconectado as 07/08/2019 15:31:20
__________________________________________________________________________________
Cliente DESKTOP-NT5MBRJ conectado as 07/08/2019 15:35:19
__________________________________________________________________________________
Cliente DESKTOP-NT5MBRJ desconectado as 07/08/2019 15:38:33
__________________________________________________________________________________
Cliente DESKTOP-NT5MBRJ desconectado as 07/08/2019 17:24:55
