************************************************************************************
Aplicativo inicializado as 06/03/2019 11:45:00
************************************************************************************
Servidor do autêntica(9999) iniciado as 06/03/2019 11:45:00
__________________________________________________________________________________
Cliente DESKTOP-1BJ11C0 conectado as 06/03/2019 11:45:26
__________________________________________________________________________________
Cliente DESKTOP-1BJ11C0 desconectado as 06/03/2019 11:45:27
__________________________________________________________________________________
Cliente DESKTOP-1BJ11C0 conectado as 06/03/2019 11:52:07
__________________________________________________________________________________
Cliente DESKTOP-1BJ11C0 desconectado as 06/03/2019 12:02:54
************************************************************************************
Aplicativo inicializado as 06/03/2019 09:27:55
************************************************************************************
Servidor do autêntica(9999) iniciado as 06/03/2019 09:27:55
__________________________________________________________________________________
Cliente DESKTOP-1BJ11C0 conectado as 06/03/2019 09:28:37
__________________________________________________________________________________
Cliente DESKTOP-1BJ11C0 desconectado as 06/03/2019 10:05:22
************************************************************************************
Aplicativo inicializado as 06/03/2019 10:23:42
************************************************************************************
Servidor do autêntica(9999) iniciado as 06/03/2019 10:23:42
__________________________________________________________________________________
Cliente DESKTOP-1BJ11C0 conectado as 06/03/2019 10:24:03
************************************************************************************
Aplicativo inicializado as 06/03/2019 16:05:21
************************************************************************************
Servidor do autêntica(9999) iniciado as 06/03/2019 16:05:22
__________________________________________________________________________________
Cliente DESKTOP-1BJ11C0 conectado as 06/03/2019 16:05:43
__________________________________________________________________________________
Cliente DESKTOP-1BJ11C0 desconectado as 06/03/2019 16:06:38
__________________________________________________________________________________
Cliente DESKTOP-1BJ11C0 conectado as 06/03/2019 16:07:27
__________________________________________________________________________________
Cliente DESKTOP-1BJ11C0 desconectado as 06/03/2019 16:08:15
__________________________________________________________________________________
Cliente DESKTOP-1BJ11C0 conectado as 06/03/2019 16:11:49
__________________________________________________________________________________
Erro inesperado no Cliente DESKTOP-1BJ11C0 as 06/03/2019 16:25:14:
 - 10053: Software caused connection abort
