************************************************************************************
Aplicativo inicializado as 09/04/2019 12:42:53
************************************************************************************
Servidor do autêntica(9999) iniciado as 09/04/2019 12:42:53
__________________________________________________________________________________
Cliente DESKTOP-1BJ11C0 conectado as 09/04/2019 12:44:33
__________________________________________________________________________________
Cliente DESKTOP-1BJ11C0 desconectado as 09/04/2019 12:44:55
__________________________________________________________________________________
Cliente DESKTOP-1BJ11C0 conectado as 09/04/2019 12:45:26
************************************************************************************
Aplicativo inicializado as 09/04/2019 14:09:12
************************************************************************************
Servidor do autêntica(9999) iniciado as 09/04/2019 14:09:12
__________________________________________________________________________________
Cliente DESKTOP-1BJ11C0 conectado as 09/04/2019 14:09:42
__________________________________________________________________________________
Erro inesperado no Cliente DESKTOP-1BJ11C0 as 09/04/2019 15:12:48:
 - 10053: Software caused connection abort
__________________________________________________________________________________
Cliente DESKTOP-1BJ11C0 conectado as 09/04/2019 15:17:16
__________________________________________________________________________________
Cliente DESKTOP-1BJ11C0 desconectado as 09/04/2019 17:59:36
