************************************************************************************
Aplicativo inicializado as 04/03/2019 08:46:26
************************************************************************************
Servidor do autêntica(9999) iniciado as 04/03/2019 08:46:26
__________________________________________________________________________________
Cliente DESKTOP-1BJ11C0 conectado as 04/03/2019 08:49:22
__________________________________________________________________________________
Cliente DESKTOP-1BJ11C0 desconectado as 04/03/2019 11:49:55
__________________________________________________________________________________
Cliente DESKTOP-1BJ11C0 conectado as 04/03/2019 11:52:36
__________________________________________________________________________________
Erro inesperado no Cliente DESKTOP-1BJ11C0 as 04/03/2019 13:51:56:
 - 10053: Software caused connection abort
__________________________________________________________________________________
Cliente DESKTOP-1BJ11C0 conectado as 04/03/2019 13:52:45
__________________________________________________________________________________
Erro inesperado no Cliente DESKTOP-1BJ11C0 as 04/03/2019 14:07:00:
 - 10053: Software caused connection abort
__________________________________________________________________________________
Cliente DESKTOP-1BJ11C0 conectado as 04/03/2019 14:07:40
__________________________________________________________________________________
Erro inesperado no Cliente DESKTOP-1BJ11C0 as 04/03/2019 14:17:38:
 - 10053: Software caused connection abort
__________________________________________________________________________________
Cliente DESKTOP-1BJ11C0 conectado as 04/03/2019 14:18:04
__________________________________________________________________________________
Erro inesperado no Cliente DESKTOP-1BJ11C0 as 04/03/2019 14:21:28:
 - 10053: Software caused connection abort
__________________________________________________________________________________
Cliente DESKTOP-1BJ11C0 conectado as 04/03/2019 14:25:08
__________________________________________________________________________________
Cliente DESKTOP-1BJ11C0 desconectado as 04/03/2019 14:27:49
__________________________________________________________________________________
Cliente DESKTOP-1BJ11C0 conectado as 04/03/2019 14:28:08
