__________________________________________________________________________________
Cliente DESKTOP-8VQQ7BH conectado as 24/06/2019 08:27:35
__________________________________________________________________________________
Cliente DESKTOP-8VQQ7BH desconectado as 24/06/2019 08:28:36
__________________________________________________________________________________
Cliente DESKTOP-8VQQ7BH conectado as 24/06/2019 08:28:50
__________________________________________________________________________________
Cliente DESKTOP-8VQQ7BH desconectado as 24/06/2019 08:29:37
__________________________________________________________________________________
Cliente DESKTOP-8VQQ7BH conectado as 24/06/2019 08:29:52
__________________________________________________________________________________
Erro inesperado no Cliente DESKTOP-8VQQ7BH as 24/06/2019 09:00:32:
 - 10053: Software caused connection abort
__________________________________________________________________________________
Cliente DESKTOP-8VQQ7BH conectado as 24/06/2019 09:00:52
__________________________________________________________________________________
Erro inesperado no Cliente DESKTOP-8VQQ7BH as 24/06/2019 09:05:41:
 - 10053: Software caused connection abort
__________________________________________________________________________________
Cliente DESKTOP-8VQQ7BH conectado as 24/06/2019 09:06:09
__________________________________________________________________________________
Cliente DESKTOP-8VQQ7BH conectado as 24/06/2019 10:48:20
__________________________________________________________________________________
Cliente DESKTOP-8VQQ7BH desconectado as 24/06/2019 10:48:55
__________________________________________________________________________________
Cliente DESKTOP-8VQQ7BH conectado as 24/06/2019 10:49:21
__________________________________________________________________________________
Cliente DESKTOP-8VQQ7BH desconectado as 24/06/2019 10:49:29
__________________________________________________________________________________
Cliente DESKTOP-8VQQ7BH conectado as 24/06/2019 10:49:47
__________________________________________________________________________________
Cliente DESKTOP-8VQQ7BH desconectado as 24/06/2019 10:50:02
__________________________________________________________________________________
Cliente DESKTOP-8VQQ7BH conectado as 24/06/2019 10:50:38
__________________________________________________________________________________
Cliente DESKTOP-8VQQ7BH desconectado as 24/06/2019 10:50:44
__________________________________________________________________________________
Cliente DESKTOP-8VQQ7BH desconectado as 24/06/2019 11:10:26
__________________________________________________________________________________
Cliente DESKTOP-8VQQ7BH conectado as 24/06/2019 14:10:06
__________________________________________________________________________________
Erro inesperado no Cliente DESKTOP-8VQQ7BH as 24/06/2019 14:12:33:
 - 10053: Software caused connection abort
__________________________________________________________________________________
Cliente DESKTOP-8VQQ7BH conectado as 24/06/2019 14:12:40
__________________________________________________________________________________
Cliente DESKTOP-8VQQ7BH desconectado as 24/06/2019 14:12:59
__________________________________________________________________________________
Cliente DESKTOP-8VQQ7BH conectado as 24/06/2019 14:13:48
__________________________________________________________________________________
Cliente DESKTOP-8VQQ7BH desconectado as 24/06/2019 14:14:28
__________________________________________________________________________________
Cliente DESKTOP-8VQQ7BH conectado as 24/06/2019 14:14:37
__________________________________________________________________________________
Cliente DESKTOP-8VQQ7BH desconectado as 24/06/2019 14:14:43
__________________________________________________________________________________
Cliente DESKTOP-8VQQ7BH conectado as 24/06/2019 14:15:02
__________________________________________________________________________________
Erro inesperado no Cliente DESKTOP-8VQQ7BH as 24/06/2019 14:16:17:
 - 10053: Software caused connection abort
__________________________________________________________________________________
Cliente DESKTOP-8VQQ7BH conectado as 24/06/2019 14:38:01
__________________________________________________________________________________
Cliente DESKTOP-8VQQ7BH desconectado as 24/06/2019 14:59:02
************************************************************************************
Aplicativo inicializado as 24/06/2019 15:00:59
************************************************************************************
Servidor do autêntica(9999) iniciado as 24/06/2019 15:00:59
__________________________________________________________________________________
Cliente DESKTOP-8VQQ7BH conectado as 24/06/2019 15:01:50
__________________________________________________________________________________
Erro inesperado no Cliente DESKTOP-8VQQ7BH as 24/06/2019 15:02:36:
 - 10053: Software caused connection abort
__________________________________________________________________________________
Cliente DESKTOP-8VQQ7BH conectado as 24/06/2019 15:04:22
__________________________________________________________________________________
Cliente DESKTOP-8VQQ7BH desconectado as 24/06/2019 15:36:31
__________________________________________________________________________________
Cliente DESKTOP-8VQQ7BH conectado as 24/06/2019 15:37:00
__________________________________________________________________________________
Cliente DESKTOP-8VQQ7BH desconectado as 24/06/2019 15:37:17
__________________________________________________________________________________
Cliente DESKTOP-8VQQ7BH conectado as 24/06/2019 15:37:42
__________________________________________________________________________________
Cliente DESKTOP-8VQQ7BH desconectado as 24/06/2019 16:32:35
__________________________________________________________________________________
Cliente DESKTOP-8VQQ7BH conectado as 24/06/2019 16:32:42
__________________________________________________________________________________
Cliente DESKTOP-8VQQ7BH desconectado as 24/06/2019 17:36:02
