************************************************************************************
Aplicativo inicializado as 19/11/2019 09:09:33
************************************************************************************
Servidor do autêntica(9999) iniciado as 19/11/2019 09:09:33
__________________________________________________________________________________
Cliente DESKTOP-NT5MBRJ conectado as 19/11/2019 09:09:56
__________________________________________________________________________________
Cliente DESKTOP-NT5MBRJ desconectado as 19/11/2019 09:10:24
__________________________________________________________________________________
Cliente DESKTOP-NT5MBRJ conectado as 19/11/2019 09:10:54
__________________________________________________________________________________
Cliente DESKTOP-NT5MBRJ desconectado as 19/11/2019 13:06:25
__________________________________________________________________________________
Cliente DESKTOP-NT5MBRJ conectado as 19/11/2019 13:16:46
__________________________________________________________________________________
Cliente DESKTOP-NT5MBRJ desconectado as 19/11/2019 13:21:37
__________________________________________________________________________________
Cliente DESKTOP-NT5MBRJ conectado as 19/11/2019 14:43:26
__________________________________________________________________________________
Cliente DESKTOP-NT5MBRJ desconectado as 19/11/2019 16:50:27
