************************************************************************************
Aplicativo inicializado as 12/04/2019 09:24:54
************************************************************************************
Servidor do autêntica(9999) iniciado as 12/04/2019 09:24:54
************************************************************************************
Aplicativo inicializado as 12/04/2019 09:43:01
************************************************************************************
Servidor do autêntica(9999) iniciado as 12/04/2019 09:43:01
__________________________________________________________________________________
Cliente DESKTOP-8VQQ7BH conectado as 12/04/2019 09:43:22
__________________________________________________________________________________
Cliente DESKTOP-8VQQ7BH desconectado as 12/04/2019 09:46:28
__________________________________________________________________________________
Cliente DESKTOP-8VQQ7BH conectado as 12/04/2019 10:35:41
__________________________________________________________________________________
Cliente DESKTOP-8VQQ7BH desconectado as 12/04/2019 10:41:36
__________________________________________________________________________________
Cliente DESKTOP-8VQQ7BH conectado as 12/04/2019 10:42:11
__________________________________________________________________________________
Erro inesperado no Cliente DESKTOP-8VQQ7BH as 12/04/2019 10:42:57:
 - 10053: Software caused connection abort
__________________________________________________________________________________
Cliente DESKTOP-8VQQ7BH conectado as 12/04/2019 10:43:20
__________________________________________________________________________________
Cliente DESKTOP-8VQQ7BH desconectado as 12/04/2019 12:32:13
************************************************************************************
Aplicativo inicializado as 12/04/2019 16:57:11
************************************************************************************
Servidor do autêntica(9999) iniciado as 12/04/2019 16:57:11
__________________________________________________________________________________
Cliente DESKTOP-8VQQ7BH conectado as 12/04/2019 16:57:54
