************************************************************************************
Aplicativo inicializado as 24/09/2019 07:53:13
************************************************************************************
Servidor do autêntica(9999) iniciado as 24/09/2019 07:53:13
__________________________________________________________________________________
Cliente DESKTOP-NT5MBRJ conectado as 24/09/2019 07:59:06
__________________________________________________________________________________
Cliente DESKTOP-NT5MBRJ desconectado as 24/09/2019 07:59:09
__________________________________________________________________________________
Cliente DESKTOP-NT5MBRJ conectado as 24/09/2019 08:10:46
__________________________________________________________________________________
Cliente DESKTOP-NT5MBRJ desconectado as 24/09/2019 08:10:56
__________________________________________________________________________________
Cliente DESKTOP-NT5MBRJ conectado as 24/09/2019 08:11:27
__________________________________________________________________________________
Erro inesperado no Cliente DESKTOP-NT5MBRJ as 24/09/2019 09:56:33:
 - 10053: Software caused connection abort
__________________________________________________________________________________
Cliente DESKTOP-NT5MBRJ conectado as 24/09/2019 09:56:42
__________________________________________________________________________________
Cliente DESKTOP-NT5MBRJ desconectado as 24/09/2019 13:32:40
