************************************************************************************
Aplicativo inicializado as 17/12/2019 09:51:35
************************************************************************************
Servidor do autêntica(9999) iniciado as 17/12/2019 09:51:35
__________________________________________________________________________________
Cliente DESKTOP-NT5MBRJ conectado as 17/12/2019 09:53:31
__________________________________________________________________________________
Cliente DESKTOP-NT5MBRJ desconectado as 17/12/2019 09:53:57
__________________________________________________________________________________
Cliente DESKTOP-NT5MBRJ conectado as 17/12/2019 09:54:46
__________________________________________________________________________________
Cliente DESKTOP-NT5MBRJ desconectado as 17/12/2019 11:01:55
************************************************************************************
Aplicativo inicializado as 17/12/2019 14:10:59
************************************************************************************
Servidor do autêntica(9999) iniciado as 17/12/2019 14:10:59
__________________________________________________________________________________
Cliente DESKTOP-NT5MBRJ conectado as 17/12/2019 14:14:06
__________________________________________________________________________________
Cliente DESKTOP-NT5MBRJ conectado as 17/12/2019 15:54:42
__________________________________________________________________________________
Cliente DESKTOP-NT5MBRJ desconectado as 17/12/2019 16:00:39
__________________________________________________________________________________
Cliente DESKTOP-NT5MBRJ desconectado as 17/12/2019 16:00:39
__________________________________________________________________________________
Cliente DESKTOP-NT5MBRJ conectado as 17/12/2019 16:02:10
__________________________________________________________________________________
Cliente DESKTOP-NT5MBRJ desconectado as 17/12/2019 16:35:25
