************************************************************************************
Aplicativo inicializado as 18/07/2019 09:59:42
************************************************************************************
Servidor do autêntica(9999) iniciado as 18/07/2019 09:59:42
__________________________________________________________________________________
Cliente DESKTOP-8VQQ7BH conectado as 18/07/2019 10:01:06
__________________________________________________________________________________
Cliente DESKTOP-8VQQ7BH desconectado as 18/07/2019 10:01:47
__________________________________________________________________________________
Cliente DESKTOP-8VQQ7BH conectado as 18/07/2019 10:02:36
__________________________________________________________________________________
Cliente DESKTOP-8VQQ7BH desconectado as 18/07/2019 15:05:22
__________________________________________________________________________________
Cliente DESKTOP-8VQQ7BH conectado as 18/07/2019 15:06:20
__________________________________________________________________________________
Cliente DESKTOP-8VQQ7BH desconectado as 18/07/2019 15:09:07
__________________________________________________________________________________
Cliente DESKTOP-8VQQ7BH conectado as 18/07/2019 15:09:35
__________________________________________________________________________________
Cliente DESKTOP-8VQQ7BH desconectado as 18/07/2019 18:48:51
