************************************************************************************
Aplicativo inicializado as 26/11/2019 10:58:26
************************************************************************************
Servidor do autêntica(9999) iniciado as 26/11/2019 10:58:26
__________________________________________________________________________________
Cliente DESKTOP-NT5MBRJ conectado as 26/11/2019 10:58:56
__________________________________________________________________________________
Erro inesperado no Cliente DESKTOP-NT5MBRJ as 26/11/2019 10:59:34:
 - 10053: Software caused connection abort
__________________________________________________________________________________
Cliente DESKTOP-NT5MBRJ conectado as 26/11/2019 10:59:50
__________________________________________________________________________________
Cliente DESKTOP-NT5MBRJ desconectado as 26/11/2019 14:01:14
************************************************************************************
Aplicativo inicializado as 26/11/2019 16:12:43
************************************************************************************
Servidor do autêntica(9999) iniciado as 26/11/2019 16:12:43
__________________________________________________________________________________
Cliente DESKTOP-NT5MBRJ conectado as 26/11/2019 16:13:44
__________________________________________________________________________________
Cliente DESKTOP-NT5MBRJ desconectado as 26/11/2019 16:15:20
__________________________________________________________________________________
Cliente DESKTOP-NT5MBRJ conectado as 26/11/2019 16:16:44
