************************************************************************************
Aplicativo inicializado as 11/12/2019 09:54:14
************************************************************************************
Servidor do autêntica(9999) iniciado as 11/12/2019 09:54:14
__________________________________________________________________________________
Cliente DESKTOP-NT5MBRJ conectado as 11/12/2019 09:54:45
__________________________________________________________________________________
Cliente DESKTOP-NT5MBRJ desconectado as 11/12/2019 09:55:01
__________________________________________________________________________________
Cliente DESKTOP-NT5MBRJ conectado as 11/12/2019 09:55:39
__________________________________________________________________________________
Cliente DESKTOP-NT5MBRJ desconectado as 11/12/2019 09:56:20
__________________________________________________________________________________
Cliente DESKTOP-NT5MBRJ conectado as 11/12/2019 09:56:37
************************************************************************************
Aplicativo inicializado as 11/12/2019 15:24:09
************************************************************************************
Servidor do autêntica(9999) iniciado as 11/12/2019 15:24:09
__________________________________________________________________________________
Cliente DESKTOP-NT5MBRJ conectado as 11/12/2019 15:24:27
__________________________________________________________________________________
Cliente DESKTOP-NT5MBRJ conectado as 11/12/2019 15:51:43
__________________________________________________________________________________
Cliente DESKTOP-NT5MBRJ desconectado as 11/12/2019 16:13:45
__________________________________________________________________________________
Erro inesperado no Cliente DESKTOP-NT5MBRJ as 11/12/2019 19:15:58:
 - 10053: Software caused connection abort
