************************************************************************************
Aplicativo inicializado as 28/03/2019 16:29:31
************************************************************************************
Servidor do autêntica(9999) iniciado as 28/03/2019 16:29:31
__________________________________________________________________________________
Cliente DESKTOP-1BJ11C0 conectado as 28/03/2019 16:29:58
__________________________________________________________________________________
Cliente DESKTOP-1BJ11C0 desconectado as 28/03/2019 16:30:43
__________________________________________________________________________________
Cliente DESKTOP-1BJ11C0 conectado as 28/03/2019 16:34:38
__________________________________________________________________________________
Cliente DESKTOP-1BJ11C0 desconectado as 28/03/2019 16:36:07
__________________________________________________________________________________
Cliente DESKTOP-1BJ11C0 conectado as 28/03/2019 16:36:20
__________________________________________________________________________________
Cliente DESKTOP-1BJ11C0 desconectado as 28/03/2019 16:37:02
__________________________________________________________________________________
Cliente DESKTOP-1BJ11C0 conectado as 28/03/2019 16:37:28
__________________________________________________________________________________
Cliente DESKTOP-1BJ11C0 desconectado as 28/03/2019 18:14:56
