************************************************************************************
Aplicativo inicializado as 03/04/2019 15:11:37
************************************************************************************
Servidor do autêntica(9999) iniciado as 03/04/2019 15:11:37
__________________________________________________________________________________
Cliente DESKTOP-1BJ11C0 conectado as 03/04/2019 15:12:22
__________________________________________________________________________________
Cliente DESKTOP-1BJ11C0 desconectado as 03/04/2019 16:07:34
__________________________________________________________________________________
Cliente DESKTOP-1BJ11C0 conectado as 03/04/2019 16:07:56
__________________________________________________________________________________
Cliente DESKTOP-1BJ11C0 desconectado as 03/04/2019 16:08:11
__________________________________________________________________________________
Cliente DESKTOP-1BJ11C0 conectado as 03/04/2019 16:37:44
__________________________________________________________________________________
Cliente DESKTOP-1BJ11C0 desconectado as 03/04/2019 16:38:34
__________________________________________________________________________________
Cliente DESKTOP-1BJ11C0 conectado as 03/04/2019 16:38:53
__________________________________________________________________________________
Erro inesperado no Cliente DESKTOP-1BJ11C0 as 03/04/2019 16:44:38:
 - 10053: Software caused connection abort
__________________________________________________________________________________
Cliente DESKTOP-1BJ11C0 conectado as 03/04/2019 16:44:58
__________________________________________________________________________________
Cliente DESKTOP-1BJ11C0 desconectado as 03/04/2019 16:45:49
__________________________________________________________________________________
Cliente DESKTOP-1BJ11C0 conectado as 03/04/2019 16:47:35
__________________________________________________________________________________
Cliente DESKTOP-1BJ11C0 desconectado as 03/04/2019 17:01:04
