************************************************************************************
Aplicativo inicializado as 30/07/2019 10:29:58
************************************************************************************
Servidor do autêntica(9999) iniciado as 30/07/2019 10:29:58
__________________________________________________________________________________
Cliente DESKTOP-8VQQ7BH conectado as 30/07/2019 10:30:51
__________________________________________________________________________________
Cliente DESKTOP-8VQQ7BH desconectado as 30/07/2019 11:00:53
************************************************************************************
Aplicativo inicializado as 30/07/2019 13:05:45
************************************************************************************
Servidor do autêntica(9999) iniciado as 30/07/2019 13:05:45
__________________________________________________________________________________
Cliente DESKTOP-8VQQ7BH conectado as 30/07/2019 13:05:52
__________________________________________________________________________________
Cliente DESKTOP-8VQQ7BH desconectado as 30/07/2019 13:07:59
__________________________________________________________________________________
Cliente DESKTOP-8VQQ7BH conectado as 30/07/2019 13:09:00
__________________________________________________________________________________
Erro inesperado no Cliente DESKTOP-8VQQ7BH as 30/07/2019 14:38:40:
 - 10053: Software caused connection abort
__________________________________________________________________________________
Cliente DESKTOP-8VQQ7BH conectado as 30/07/2019 16:37:11
__________________________________________________________________________________
Cliente DESKTOP-8VQQ7BH desconectado as 30/07/2019 18:01:02
