************************************************************************************
Aplicativo inicializado as 08/10/2019 10:56:28
************************************************************************************
Servidor do autêntica(9999) iniciado as 08/10/2019 10:56:28
__________________________________________________________________________________
Cliente DESKTOP-NT5MBRJ conectado as 08/10/2019 10:57:10
__________________________________________________________________________________
Cliente DESKTOP-NT5MBRJ desconectado as 08/10/2019 10:57:25
__________________________________________________________________________________
Cliente DESKTOP-NT5MBRJ conectado as 08/10/2019 10:58:18
__________________________________________________________________________________
Cliente DESKTOP-NT5MBRJ desconectado as 08/10/2019 11:36:54
__________________________________________________________________________________
Cliente DESKTOP-NT5MBRJ conectado as 08/10/2019 12:09:12
__________________________________________________________________________________
Cliente DESKTOP-NT5MBRJ desconectado as 08/10/2019 12:09:24
__________________________________________________________________________________
Cliente DESKTOP-NT5MBRJ conectado as 08/10/2019 12:12:26
__________________________________________________________________________________
Cliente DESKTOP-NT5MBRJ desconectado as 08/10/2019 12:40:38
__________________________________________________________________________________
Cliente DESKTOP-NT5MBRJ conectado as 08/10/2019 13:02:59
__________________________________________________________________________________
Cliente DESKTOP-NT5MBRJ desconectado as 08/10/2019 17:14:09
