************************************************************************************
Aplicativo inicializado as 04/01/2019 08:57:16
************************************************************************************
Servidor do autêntica(9999) iniciado as 04/01/2019 08:57:16
__________________________________________________________________________________
Cliente DESKTOP-1BJ11C0 conectado as 04/01/2019 08:57:37
__________________________________________________________________________________
Cliente DESKTOP-1BJ11C0 desconectado as 04/01/2019 08:57:47
__________________________________________________________________________________
Cliente DESKTOP-1BJ11C0 conectado as 04/01/2019 08:58:23
__________________________________________________________________________________
Cliente DESKTOP-1BJ11C0 desconectado as 04/01/2019 09:22:58
************************************************************************************
Aplicativo inicializado as 04/01/2019 15:54:45
************************************************************************************
Servidor do autêntica(9999) iniciado as 04/01/2019 15:54:45
__________________________________________________________________________________
Cliente DESKTOP-1BJ11C0 conectado as 04/01/2019 15:55:25
__________________________________________________________________________________
Cliente DESKTOP-1BJ11C0 desconectado as 04/01/2019 16:51:35
