************************************************************************************
Aplicativo inicializado as 16/01/2019 09:47:21
************************************************************************************
Servidor do autêntica(9999) iniciado as 16/01/2019 09:47:21
__________________________________________________________________________________
Cliente DESKTOP-1BJ11C0 conectado as 16/01/2019 09:48:05
************************************************************************************
Aplicativo inicializado as 16/01/2019 14:21:16
************************************************************************************
Servidor do autêntica(9999) iniciado as 16/01/2019 14:21:16
__________________________________________________________________________________
Cliente DESKTOP-1BJ11C0 conectado as 16/01/2019 14:22:06
__________________________________________________________________________________
Cliente DESKTOP-1BJ11C0 desconectado as 16/01/2019 15:43:41
__________________________________________________________________________________
Cliente DESKTOP-1BJ11C0 conectado as 16/01/2019 15:55:29
__________________________________________________________________________________
Cliente DESKTOP-1BJ11C0 conectado as 16/01/2019 16:02:43
__________________________________________________________________________________
Cliente DESKTOP-1BJ11C0 desconectado as 16/01/2019 17:43:48
__________________________________________________________________________________
Cliente DESKTOP-1BJ11C0 desconectado as 16/01/2019 17:43:49
