************************************************************************************
Aplicativo inicializado as 18/02/2019 09:25:44
************************************************************************************
Servidor do autêntica(9999) iniciado as 18/02/2019 09:25:44
__________________________________________________________________________________
Cliente DESKTOP-1BJ11C0 conectado as 18/02/2019 09:25:56
__________________________________________________________________________________
Cliente DESKTOP-1BJ11C0 desconectado as 18/02/2019 09:26:29
__________________________________________________________________________________
Cliente DESKTOP-1BJ11C0 conectado as 18/02/2019 09:27:16
__________________________________________________________________________________
Cliente DESKTOP-1BJ11C0 desconectado as 18/02/2019 11:26:44
__________________________________________________________________________________
Cliente DESKTOP-1BJ11C0 conectado as 18/02/2019 11:28:38
__________________________________________________________________________________
Cliente DESKTOP-1BJ11C0 desconectado as 18/02/2019 11:28:51
__________________________________________________________________________________
Cliente DESKTOP-1BJ11C0 conectado as 18/02/2019 11:30:03
__________________________________________________________________________________
Cliente DESKTOP-1BJ11C0 desconectado as 18/02/2019 17:40:52
