************************************************************************************
Aplicativo inicializado as 12/03/2019 12:06:18
************************************************************************************
Servidor do autêntica(9999) iniciado as 12/03/2019 12:06:18
__________________________________________________________________________________
Cliente DESKTOP-1BJ11C0 conectado as 12/03/2019 12:06:28
__________________________________________________________________________________
Cliente DESKTOP-1BJ11C0 desconectado as 12/03/2019 12:06:41
__________________________________________________________________________________
Cliente DESKTOP-1BJ11C0 conectado as 12/03/2019 12:07:13
__________________________________________________________________________________
Cliente DESKTOP-1BJ11C0 desconectado as 12/03/2019 12:28:40
************************************************************************************
Aplicativo inicializado as 12/03/2019 14:46:22
************************************************************************************
Servidor do autêntica(9999) iniciado as 12/03/2019 14:46:22
__________________________________________________________________________________
Cliente DESKTOP-1BJ11C0 conectado as 12/03/2019 14:47:10
__________________________________________________________________________________
Cliente DESKTOP-1BJ11C0 desconectado as 12/03/2019 17:27:33
