************************************************************************************
Aplicativo inicializado as 08/04/2019 08:21:22
************************************************************************************
Servidor do autêntica(9999) iniciado as 08/04/2019 08:21:22
__________________________________________________________________________________
Cliente DESKTOP-1BJ11C0 conectado as 08/04/2019 08:35:54
__________________________________________________________________________________
Cliente DESKTOP-1BJ11C0 desconectado as 08/04/2019 08:36:11
__________________________________________________________________________________
Cliente DESKTOP-1BJ11C0 conectado as 08/04/2019 08:36:53
__________________________________________________________________________________
Cliente DESKTOP-1BJ11C0 desconectado as 08/04/2019 12:16:14
************************************************************************************
Aplicativo inicializado as 08/04/2019 17:20:39
************************************************************************************
Servidor do autêntica(9999) iniciado as 08/04/2019 17:20:40
__________________________________________________________________________________
Cliente DESKTOP-1BJ11C0 conectado as 08/04/2019 17:21:22
__________________________________________________________________________________
Cliente DESKTOP-1BJ11C0 desconectado as 08/04/2019 17:50:39
