************************************************************************************
Aplicativo inicializado as 19/08/2019 08:22:17
************************************************************************************
Servidor do autêntica(9999) iniciado as 19/08/2019 08:22:17
************************************************************************************
Aplicativo inicializado as 19/08/2019 08:23:47
************************************************************************************
Servidor do autêntica(9999) iniciado as 19/08/2019 08:23:47
************************************************************************************
Aplicativo inicializado as 19/08/2019 08:26:42
************************************************************************************
Servidor do autêntica(9999) iniciado as 19/08/2019 08:26:42
************************************************************************************
Aplicativo inicializado as 19/08/2019 10:07:42
************************************************************************************
Servidor do autêntica(9999) iniciado as 19/08/2019 10:07:42
__________________________________________________________________________________
Cliente DESKTOP-NT5MBRJ conectado as 19/08/2019 10:08:12
************************************************************************************
Aplicativo inicializado as 19/08/2019 14:44:02
************************************************************************************
Servidor do autêntica(9999) iniciado as 19/08/2019 14:44:02
__________________________________________________________________________________
Cliente DESKTOP-NT5MBRJ conectado as 19/08/2019 14:44:37
__________________________________________________________________________________
Cliente DESKTOP-NT5MBRJ desconectado as 19/08/2019 15:07:57
__________________________________________________________________________________
Cliente DESKTOP-NT5MBRJ conectado as 19/08/2019 15:29:00
__________________________________________________________________________________
Cliente DESKTOP-NT5MBRJ desconectado as 19/08/2019 15:29:19
__________________________________________________________________________________
Cliente DESKTOP-NT5MBRJ conectado as 19/08/2019 17:15:22
__________________________________________________________________________________
Cliente DESKTOP-NT5MBRJ desconectado as 19/08/2019 17:21:05
__________________________________________________________________________________
Cliente DESKTOP-NT5MBRJ conectado as 19/08/2019 17:21:31
__________________________________________________________________________________
Cliente DESKTOP-NT5MBRJ desconectado as 19/08/2019 17:57:31
__________________________________________________________________________________
Cliente DESKTOP-NT5MBRJ conectado as 19/08/2019 17:58:12
