************************************************************************************
Aplicativo inicializado as 30/09/2019 09:25:18
************************************************************************************
Servidor do autêntica(9999) iniciado as 30/09/2019 09:25:18
__________________________________________________________________________________
Cliente DESKTOP-NT5MBRJ conectado as 30/09/2019 09:25:37
__________________________________________________________________________________
Cliente DESKTOP-NT5MBRJ desconectado as 30/09/2019 09:27:10
__________________________________________________________________________________
Cliente DESKTOP-NT5MBRJ conectado as 30/09/2019 09:28:01
__________________________________________________________________________________
Cliente DESKTOP-NT5MBRJ desconectado as 30/09/2019 09:37:31
__________________________________________________________________________________
Cliente DESKTOP-NT5MBRJ conectado as 30/09/2019 09:39:03
__________________________________________________________________________________
Cliente DESKTOP-NT5MBRJ conectado as 30/09/2019 09:55:51
__________________________________________________________________________________
Cliente DESKTOP-NT5MBRJ desconectado as 30/09/2019 10:05:55
__________________________________________________________________________________
Cliente DESKTOP-NT5MBRJ desconectado as 30/09/2019 12:16:33
__________________________________________________________________________________
Cliente DESKTOP-NT5MBRJ conectado as 30/09/2019 12:17:00
__________________________________________________________________________________
Cliente DESKTOP-NT5MBRJ desconectado as 30/09/2019 12:17:08
__________________________________________________________________________________
Cliente DESKTOP-NT5MBRJ conectado as 30/09/2019 12:43:45
__________________________________________________________________________________
Cliente DESKTOP-NT5MBRJ desconectado as 30/09/2019 12:43:51
__________________________________________________________________________________
Cliente DESKTOP-NT5MBRJ conectado as 30/09/2019 12:44:21
__________________________________________________________________________________
Cliente DESKTOP-NT5MBRJ desconectado as 30/09/2019 12:44:41
__________________________________________________________________________________
Cliente DESKTOP-NT5MBRJ conectado as 30/09/2019 12:44:55
__________________________________________________________________________________
Cliente DESKTOP-NT5MBRJ desconectado as 30/09/2019 12:45:10
__________________________________________________________________________________
Cliente DESKTOP-NT5MBRJ conectado as 30/09/2019 12:45:54
__________________________________________________________________________________
Cliente DESKTOP-NT5MBRJ desconectado as 30/09/2019 13:00:51
__________________________________________________________________________________
Cliente DESKTOP-NT5MBRJ conectado as 30/09/2019 14:29:49
************************************************************************************
Aplicativo inicializado as 30/09/2019 16:17:48
************************************************************************************
Servidor do autêntica(9999) iniciado as 30/09/2019 16:17:48
__________________________________________________________________________________
Cliente DESKTOP-NT5MBRJ conectado as 30/09/2019 16:28:51
__________________________________________________________________________________
Cliente DESKTOP-NT5MBRJ desconectado as 30/09/2019 16:29:29
__________________________________________________________________________________
Cliente DESKTOP-NT5MBRJ conectado as 30/09/2019 16:30:14
__________________________________________________________________________________
Cliente DESKTOP-NT5MBRJ desconectado as 30/09/2019 16:31:42
__________________________________________________________________________________
Cliente DESKTOP-NT5MBRJ conectado as 30/09/2019 16:33:18
__________________________________________________________________________________
Erro inesperado no Cliente DESKTOP-NT5MBRJ as 30/09/2019 16:39:10:
 - 10053: Software caused connection abort
