************************************************************************************
Aplicativo inicializado as 01/03/2019 09:04:38
************************************************************************************
Servidor do autêntica(9999) iniciado as 01/03/2019 09:04:38
__________________________________________________________________________________
Cliente DESKTOP-1BJ11C0 conectado as 01/03/2019 09:05:30
__________________________________________________________________________________
Cliente DESKTOP-1BJ11C0 desconectado as 01/03/2019 09:06:07
__________________________________________________________________________________
Cliente DESKTOP-1BJ11C0 conectado as 01/03/2019 09:06:47
__________________________________________________________________________________
Cliente DESKTOP-1BJ11C0 desconectado as 01/03/2019 13:22:51
************************************************************************************
Aplicativo inicializado as 01/03/2019 15:44:48
************************************************************************************
Servidor do autêntica(9999) iniciado as 01/03/2019 15:44:48
__________________________________________________________________________________
Cliente DESKTOP-1BJ11C0 conectado as 01/03/2019 15:45:38
__________________________________________________________________________________
Cliente DESKTOP-1BJ11C0 desconectado as 01/03/2019 16:20:26
