************************************************************************************
Aplicativo inicializado as 04/11/2019 09:01:43
************************************************************************************
Servidor do autêntica(9999) iniciado as 04/11/2019 09:01:43
__________________________________________________________________________________
Cliente DESKTOP-NT5MBRJ conectado as 04/11/2019 09:02:24
__________________________________________________________________________________
Cliente DESKTOP-NT5MBRJ desconectado as 04/11/2019 09:06:11
__________________________________________________________________________________
Cliente DESKTOP-NT5MBRJ conectado as 04/11/2019 09:06:12
__________________________________________________________________________________
Cliente DESKTOP-NT5MBRJ desconectado as 04/11/2019 09:06:22
__________________________________________________________________________________
Cliente DESKTOP-NT5MBRJ conectado as 04/11/2019 09:06:55
__________________________________________________________________________________
Cliente DESKTOP-NT5MBRJ desconectado as 04/11/2019 09:08:33
__________________________________________________________________________________
Cliente DESKTOP-NT5MBRJ conectado as 04/11/2019 09:09:24
__________________________________________________________________________________
Erro inesperado no Cliente DESKTOP-NT5MBRJ as 04/11/2019 09:09:35:
 - 10053: Software caused connection abort
__________________________________________________________________________________
Cliente DESKTOP-NT5MBRJ conectado as 04/11/2019 09:10:26
__________________________________________________________________________________
Cliente DESKTOP-NT5MBRJ desconectado as 04/11/2019 09:36:36
