************************************************************************************
Aplicativo inicializado as 13/05/2019 11:32:18
************************************************************************************
Servidor do autêntica(9999) iniciado as 13/05/2019 11:32:18
__________________________________________________________________________________
Cliente DESKTOP-8VQQ7BH conectado as 13/05/2019 11:33:11
__________________________________________________________________________________
Cliente DESKTOP-8VQQ7BH desconectado as 13/05/2019 11:37:49
__________________________________________________________________________________
Cliente DESKTOP-8VQQ7BH conectado as 13/05/2019 13:59:11
__________________________________________________________________________________
Cliente DESKTOP-8VQQ7BH desconectado as 13/05/2019 13:59:27
__________________________________________________________________________________
Cliente DESKTOP-8VQQ7BH conectado as 13/05/2019 14:01:53
__________________________________________________________________________________
Cliente DESKTOP-8VQQ7BH desconectado as 13/05/2019 14:02:51
__________________________________________________________________________________
Cliente DESKTOP-8VQQ7BH conectado as 13/05/2019 14:08:18
__________________________________________________________________________________
Cliente DESKTOP-8VQQ7BH desconectado as 13/05/2019 14:08:30
__________________________________________________________________________________
Cliente DESKTOP-8VQQ7BH conectado as 13/05/2019 14:19:27
__________________________________________________________________________________
Cliente DESKTOP-8VQQ7BH desconectado as 13/05/2019 17:35:03
