************************************************************************************
Aplicativo inicializado as 08/05/2019 08:26:03
************************************************************************************
Servidor do autêntica(9999) iniciado as 08/05/2019 08:26:03
__________________________________________________________________________________
Cliente DESKTOP-8VQQ7BH conectado as 08/05/2019 08:26:21
__________________________________________________________________________________
Cliente DESKTOP-8VQQ7BH desconectado as 08/05/2019 08:27:27
__________________________________________________________________________________
Cliente DESKTOP-8VQQ7BH conectado as 08/05/2019 08:28:11
__________________________________________________________________________________
Cliente DESKTOP-8VQQ7BH desconectado as 08/05/2019 11:18:36
__________________________________________________________________________________
Cliente DESKTOP-8VQQ7BH conectado as 08/05/2019 11:19:13
__________________________________________________________________________________
Cliente DESKTOP-8VQQ7BH desconectado as 08/05/2019 14:41:04
__________________________________________________________________________________
Cliente DESKTOP-8VQQ7BH conectado as 08/05/2019 14:48:13
__________________________________________________________________________________
Erro inesperado no Cliente DESKTOP-8VQQ7BH as 08/05/2019 14:55:43:
 - 10053: Software caused connection abort
__________________________________________________________________________________
Cliente DESKTOP-8VQQ7BH conectado as 08/05/2019 14:56:17
__________________________________________________________________________________
Cliente DESKTOP-8VQQ7BH desconectado as 08/05/2019 18:19:14
