************************************************************************************
Aplicativo inicializado as 05/06/2020 08:48:21
************************************************************************************
Servidor do autêntica(9999) iniciado as 05/06/2020 08:48:21
__________________________________________________________________________________
Cliente DESKTOP-DK6RCAG conectado as 05/06/2020 08:49:28
__________________________________________________________________________________
Cliente DESKTOP-DK6RCAG desconectado as 05/06/2020 09:04:10
__________________________________________________________________________________
Cliente DESKTOP-DK6RCAG conectado as 05/06/2020 09:16:25
__________________________________________________________________________________
Cliente DESKTOP-DK6RCAG desconectado as 05/06/2020 09:52:08
__________________________________________________________________________________
Cliente DESKTOP-DK6RCAG conectado as 05/06/2020 09:52:48
__________________________________________________________________________________
Erro inesperado no Cliente DESKTOP-DK6RCAG as 05/06/2020 12:22:02:
 - 10053: Software caused connection abort
__________________________________________________________________________________
Cliente DESKTOP-DK6RCAG conectado as 05/06/2020 12:22:30
__________________________________________________________________________________
Cliente DESKTOP-DK6RCAG desconectado as 05/06/2020 12:31:27
__________________________________________________________________________________
Cliente DESKTOP-DK6RCAG conectado as 05/06/2020 12:32:31
__________________________________________________________________________________
Erro inesperado no Cliente DESKTOP-DK6RCAG as 05/06/2020 13:27:01:
 - 10053: Software caused connection abort
__________________________________________________________________________________
Cliente DESKTOP-DK6RCAG conectado as 05/06/2020 13:28:16
__________________________________________________________________________________
Cliente DESKTOP-DK6RCAG desconectado as 05/06/2020 17:04:26
