__________________________________________________________________________________
Cliente DESKTOP-DK6RCAG conectado as 16/06/2020 08:02:02
__________________________________________________________________________________
Erro inesperado no Cliente DESKTOP-DK6RCAG as 16/06/2020 10:51:00:
 - 10053: Software caused connection abort
__________________________________________________________________________________
Cliente DESKTOP-DK6RCAG conectado as 16/06/2020 10:51:16
__________________________________________________________________________________
Erro inesperado no Cliente DESKTOP-DK6RCAG as 16/06/2020 12:42:21:
 - 10053: Software caused connection abort
************************************************************************************
Aplicativo inicializado as 16/06/2020 15:19:13
************************************************************************************
Servidor do autêntica(9999) iniciado as 16/06/2020 15:19:13
__________________________________________________________________________________
Cliente DESKTOP-DK6RCAG conectado as 16/06/2020 15:20:09
__________________________________________________________________________________
Cliente DESKTOP-DK6RCAG desconectado as 16/06/2020 17:57:03
__________________________________________________________________________________
Cliente DESKTOP-DK6RCAG conectado as 16/06/2020 18:26:12
__________________________________________________________________________________
Cliente DESKTOP-DK6RCAG desconectado as 16/06/2020 18:26:44
