__________________________________________________________________________________
Cliente DESKTOP-NT5MBRJ conectado as 05/02/2020 08:06:55
__________________________________________________________________________________
Cliente DESKTOP-NT5MBRJ desconectado as 05/02/2020 08:07:03
__________________________________________________________________________________
Cliente DESKTOP-NT5MBRJ conectado as 05/02/2020 08:29:56
__________________________________________________________________________________
Cliente DESKTOP-NT5MBRJ desconectado as 05/02/2020 08:52:56
__________________________________________________________________________________
Cliente DESKTOP-NT5MBRJ conectado as 05/02/2020 08:53:33
__________________________________________________________________________________
Cliente DESKTOP-NT5MBRJ desconectado as 05/02/2020 09:46:01
__________________________________________________________________________________
Cliente DESKTOP-NT5MBRJ conectado as 05/02/2020 09:48:43
************************************************************************************
Aplicativo inicializado as 05/02/2020 14:36:25
************************************************************************************
Servidor do autêntica(9999) iniciado as 05/02/2020 14:36:25
__________________________________________________________________________________
Cliente DESKTOP-NT5MBRJ conectado as 05/02/2020 14:37:36
__________________________________________________________________________________
Cliente DESKTOP-NT5MBRJ desconectado as 05/02/2020 17:12:32
__________________________________________________________________________________
Cliente DESKTOP-NT5MBRJ conectado as 05/02/2020 17:13:43
__________________________________________________________________________________
Cliente DESKTOP-NT5MBRJ desconectado as 05/02/2020 18:02:46
