************************************************************************************
Aplicativo inicializado as 27/01/2020 09:01:03
************************************************************************************
Servidor do autêntica(9999) iniciado as 27/01/2020 09:01:03
__________________________________________________________________________________
Cliente DESKTOP-NT5MBRJ conectado as 27/01/2020 09:02:09
__________________________________________________________________________________
Cliente DESKTOP-NT5MBRJ desconectado as 27/01/2020 12:09:24
__________________________________________________________________________________
Cliente DESKTOP-NT5MBRJ conectado as 27/01/2020 12:10:17
__________________________________________________________________________________
Erro inesperado no Cliente DESKTOP-NT5MBRJ as 27/01/2020 14:45:07:
 - 10053: Software caused connection abort
__________________________________________________________________________________
Cliente DESKTOP-NT5MBRJ conectado as 27/01/2020 14:45:27
__________________________________________________________________________________
Erro inesperado no Cliente DESKTOP-NT5MBRJ as 27/01/2020 14:47:02:
 - 10053: Software caused connection abort
__________________________________________________________________________________
Cliente DESKTOP-NT5MBRJ conectado as 27/01/2020 14:47:15
__________________________________________________________________________________
Cliente DESKTOP-NT5MBRJ desconectado as 27/01/2020 15:14:06
__________________________________________________________________________________
Cliente DESKTOP-NT5MBRJ conectado as 27/01/2020 15:16:25
__________________________________________________________________________________
Cliente DESKTOP-NT5MBRJ desconectado as 27/01/2020 16:41:35
__________________________________________________________________________________
Cliente DESKTOP-NT5MBRJ conectado as 27/01/2020 16:42:23
