************************************************************************************
Aplicativo inicializado as 11/02/2020 11:43:00
************************************************************************************
Servidor do autêntica(9999) iniciado as 11/02/2020 11:43:00
__________________________________________________________________________________
Cliente DESKTOP-NT5MBRJ conectado as 11/02/2020 11:43:10
__________________________________________________________________________________
Cliente DESKTOP-NT5MBRJ desconectado as 11/02/2020 11:43:50
__________________________________________________________________________________
Cliente DESKTOP-NT5MBRJ conectado as 11/02/2020 11:45:30
__________________________________________________________________________________
Cliente DESKTOP-NT5MBRJ desconectado as 11/02/2020 11:47:04
__________________________________________________________________________________
Cliente DESKTOP-NT5MBRJ conectado as 11/02/2020 11:47:54
__________________________________________________________________________________
Cliente DESKTOP-NT5MBRJ desconectado as 11/02/2020 13:04:18
************************************************************************************
Aplicativo inicializado as 11/02/2020 15:16:05
************************************************************************************
Servidor do autêntica(9999) iniciado as 11/02/2020 15:16:05
__________________________________________________________________________________
Cliente DESKTOP-NT5MBRJ conectado as 11/02/2020 15:16:23
__________________________________________________________________________________
Cliente DESKTOP-NT5MBRJ desconectado as 11/02/2020 15:16:28
__________________________________________________________________________________
Cliente DESKTOP-NT5MBRJ conectado as 11/02/2020 15:27:33
__________________________________________________________________________________
Cliente DESKTOP-NT5MBRJ desconectado as 11/02/2020 15:33:25
