************************************************************************************
Aplicativo inicializado as 06/02/2020 10:01:34
************************************************************************************
Servidor do autêntica(9999) iniciado as 06/02/2020 10:01:34
__________________________________________________________________________________
Cliente DESKTOP-NT5MBRJ conectado as 06/02/2020 10:02:35
__________________________________________________________________________________
Erro inesperado no Cliente DESKTOP-NT5MBRJ as 06/02/2020 10:04:40:
 - 10053: Software caused connection abort
__________________________________________________________________________________
Cliente DESKTOP-NT5MBRJ conectado as 06/02/2020 10:05:10
__________________________________________________________________________________
Cliente DESKTOP-NT5MBRJ desconectado as 06/02/2020 14:57:28
__________________________________________________________________________________
Cliente DESKTOP-NT5MBRJ conectado as 06/02/2020 15:00:47
__________________________________________________________________________________
Cliente DESKTOP-NT5MBRJ desconectado as 06/02/2020 15:25:19
__________________________________________________________________________________
Cliente DESKTOP-NT5MBRJ conectado as 06/02/2020 15:25:58
__________________________________________________________________________________
Cliente DESKTOP-NT5MBRJ desconectado as 06/02/2020 15:26:21
__________________________________________________________________________________
Cliente DESKTOP-NT5MBRJ conectado as 06/02/2020 15:27:32
__________________________________________________________________________________
Cliente DESKTOP-NT5MBRJ desconectado as 06/02/2020 16:17:26
