************************************************************************************
Aplicativo inicializado as 04/02/2020 08:38:25
************************************************************************************
Servidor do autêntica(9999) iniciado as 04/02/2020 08:38:25
__________________________________________________________________________________
Cliente DESKTOP-NT5MBRJ conectado as 04/02/2020 08:39:39
__________________________________________________________________________________
Cliente DESKTOP-NT5MBRJ desconectado as 04/02/2020 08:41:33
__________________________________________________________________________________
Cliente DESKTOP-NT5MBRJ conectado as 04/02/2020 08:42:01
__________________________________________________________________________________
Cliente DESKTOP-NT5MBRJ desconectado as 04/02/2020 08:57:49
__________________________________________________________________________________
Cliente DESKTOP-NT5MBRJ conectado as 04/02/2020 09:47:30
__________________________________________________________________________________
Cliente DESKTOP-NT5MBRJ desconectado as 04/02/2020 09:47:43
__________________________________________________________________________________
Cliente DESKTOP-NT5MBRJ conectado as 04/02/2020 13:03:46
__________________________________________________________________________________
Cliente DESKTOP-NT5MBRJ desconectado as 04/02/2020 13:04:03
__________________________________________________________________________________
Cliente DESKTOP-NT5MBRJ conectado as 04/02/2020 13:43:01
__________________________________________________________________________________
Cliente DESKTOP-NT5MBRJ desconectado as 04/02/2020 13:45:33
__________________________________________________________________________________
Cliente DESKTOP-NT5MBRJ conectado as 04/02/2020 13:52:12
__________________________________________________________________________________
Cliente DESKTOP-NT5MBRJ desconectado as 04/02/2020 16:26:14
