************************************************************************************
Aplicativo inicializado as 14/01/2020 13:55:42
************************************************************************************
Servidor do autêntica(9999) iniciado as 14/01/2020 13:55:42
__________________________________________________________________________________
Cliente DESKTOP-NT5MBRJ conectado as 14/01/2020 13:55:43
__________________________________________________________________________________
Cliente DESKTOP-NT5MBRJ desconectado as 14/01/2020 13:56:15
__________________________________________________________________________________
Cliente DESKTOP-NT5MBRJ conectado as 14/01/2020 13:56:27
__________________________________________________________________________________
Cliente DESKTOP-NT5MBRJ desconectado as 14/01/2020 14:17:55
__________________________________________________________________________________
Cliente DESKTOP-NT5MBRJ conectado as 14/01/2020 14:22:11
__________________________________________________________________________________
Cliente DESKTOP-NT5MBRJ desconectado as 14/01/2020 14:24:47
__________________________________________________________________________________
Cliente DESKTOP-NT5MBRJ conectado as 14/01/2020 14:25:11
__________________________________________________________________________________
Cliente DESKTOP-NT5MBRJ desconectado as 14/01/2020 14:45:00
__________________________________________________________________________________
Cliente DESKTOP-NT5MBRJ conectado as 14/01/2020 14:47:00
__________________________________________________________________________________
Cliente DESKTOP-NT5MBRJ desconectado as 14/01/2020 14:47:47
__________________________________________________________________________________
Cliente DESKTOP-NT5MBRJ conectado as 14/01/2020 14:48:20
__________________________________________________________________________________
Cliente DESKTOP-NT5MBRJ conectado as 14/01/2020 14:55:25
__________________________________________________________________________________
Cliente DESKTOP-NT5MBRJ desconectado as 14/01/2020 15:26:45
__________________________________________________________________________________
Cliente DESKTOP-NT5MBRJ desconectado as 14/01/2020 16:55:36
