************************************************************************************
Aplicativo inicializado as 19/02/2020 09:02:52
************************************************************************************
Servidor do autêntica(9999) iniciado as 19/02/2020 09:02:52
__________________________________________________________________________________
Cliente DESKTOP-NT5MBRJ conectado as 19/02/2020 09:04:23
__________________________________________________________________________________
Cliente DESKTOP-NT5MBRJ desconectado as 19/02/2020 10:46:52
__________________________________________________________________________________
Cliente DESKTOP-NT5MBRJ conectado as 19/02/2020 10:46:53
__________________________________________________________________________________
Cliente DESKTOP-NT5MBRJ desconectado as 19/02/2020 10:47:06
__________________________________________________________________________________
Cliente DESKTOP-NT5MBRJ conectado as 19/02/2020 10:47:23
__________________________________________________________________________________
Cliente DESKTOP-NT5MBRJ desconectado as 19/02/2020 12:50:12
__________________________________________________________________________________
Cliente DESKTOP-NT5MBRJ conectado as 19/02/2020 16:28:22
__________________________________________________________________________________
Erro inesperado no Cliente DESKTOP-NT5MBRJ as 19/02/2020 22:26:20:
 - 10053: Software caused connection abort
