************************************************************************************
Aplicativo inicializado as 02/03/2020 15:51:54
************************************************************************************
Servidor do autêntica(9999) iniciado as 02/03/2020 15:51:54
__________________________________________________________________________________
Cliente DESKTOP-NT5MBRJ conectado as 02/03/2020 15:52:17
__________________________________________________________________________________
Cliente DESKTOP-NT5MBRJ desconectado as 02/03/2020 15:55:02
__________________________________________________________________________________
Cliente DESKTOP-NT5MBRJ conectado as 02/03/2020 15:55:48
__________________________________________________________________________________
Cliente DESKTOP-NT5MBRJ desconectado as 02/03/2020 15:57:11
__________________________________________________________________________________
Cliente DESKTOP-NT5MBRJ conectado as 02/03/2020 16:02:10
__________________________________________________________________________________
Cliente DESKTOP-NT5MBRJ desconectado as 02/03/2020 16:02:31
__________________________________________________________________________________
Cliente DESKTOP-NT5MBRJ conectado as 02/03/2020 16:03:00
__________________________________________________________________________________
Cliente DESKTOP-NT5MBRJ desconectado as 02/03/2020 18:10:45
