************************************************************************************
Aplicativo inicializado as 31/01/2020 08:53:15
************************************************************************************
Servidor do autêntica(9999) iniciado as 31/01/2020 08:53:15
__________________________________________________________________________________
Cliente DESKTOP-NT5MBRJ conectado as 31/01/2020 08:55:18
__________________________________________________________________________________
Cliente DESKTOP-NT5MBRJ desconectado as 31/01/2020 09:05:16
__________________________________________________________________________________
Cliente DESKTOP-NT5MBRJ conectado as 31/01/2020 09:05:35
__________________________________________________________________________________
Cliente DESKTOP-NT5MBRJ desconectado as 31/01/2020 11:12:07
__________________________________________________________________________________
Cliente DESKTOP-NT5MBRJ conectado as 31/01/2020 11:14:59
__________________________________________________________________________________
Cliente DESKTOP-NT5MBRJ desconectado as 31/01/2020 11:15:22
__________________________________________________________________________________
Cliente DESKTOP-NT5MBRJ conectado as 31/01/2020 11:16:33
__________________________________________________________________________________
Cliente DESKTOP-NT5MBRJ desconectado as 31/01/2020 11:17:52
__________________________________________________________________________________
Cliente DESKTOP-NT5MBRJ conectado as 31/01/2020 11:18:22
