__________________________________________________________________________________
Cliente DESKTOP-NT5MBRJ desconectado as 28/01/2020 09:38:58
__________________________________________________________________________________
Cliente DESKTOP-NT5MBRJ conectado as 28/01/2020 09:43:20
__________________________________________________________________________________
Cliente DESKTOP-NT5MBRJ desconectado as 28/01/2020 10:01:55
__________________________________________________________________________________
Cliente DESKTOP-NT5MBRJ conectado as 28/01/2020 10:02:45
__________________________________________________________________________________
Cliente DESKTOP-NT5MBRJ desconectado as 28/01/2020 10:40:56
__________________________________________________________________________________
Cliente DESKTOP-NT5MBRJ conectado as 28/01/2020 10:41:16
__________________________________________________________________________________
Cliente DESKTOP-NT5MBRJ desconectado as 28/01/2020 10:47:48
__________________________________________________________________________________
Cliente DESKTOP-NT5MBRJ conectado as 28/01/2020 10:47:52
__________________________________________________________________________________
Cliente DESKTOP-NT5MBRJ desconectado as 28/01/2020 10:52:15
__________________________________________________________________________________
Cliente DESKTOP-NT5MBRJ conectado as 28/01/2020 10:55:50
__________________________________________________________________________________
Cliente DESKTOP-NT5MBRJ desconectado as 28/01/2020 10:58:13
__________________________________________________________________________________
Cliente DESKTOP-NT5MBRJ conectado as 28/01/2020 10:58:17
__________________________________________________________________________________
Cliente DESKTOP-NT5MBRJ desconectado as 28/01/2020 10:59:08
__________________________________________________________________________________
Cliente DESKTOP-NT5MBRJ conectado as 28/01/2020 10:59:24
__________________________________________________________________________________
Cliente DESKTOP-NT5MBRJ desconectado as 28/01/2020 10:59:36
__________________________________________________________________________________
Cliente DESKTOP-NT5MBRJ conectado as 28/01/2020 11:57:40
************************************************************************************
Aplicativo inicializado as 28/01/2020 13:16:42
************************************************************************************
Servidor do autêntica(9999) iniciado as 28/01/2020 13:16:42
__________________________________________________________________________________
Cliente DESKTOP-NT5MBRJ conectado as 28/01/2020 13:17:40
__________________________________________________________________________________
Cliente DESKTOP-NT5MBRJ desconectado as 28/01/2020 13:20:14
__________________________________________________________________________________
Cliente DESKTOP-NT5MBRJ conectado as 28/01/2020 13:20:46
__________________________________________________________________________________
Cliente DESKTOP-NT5MBRJ desconectado as 28/01/2020 13:23:37
__________________________________________________________________________________
Cliente DESKTOP-NT5MBRJ conectado as 28/01/2020 13:24:25
__________________________________________________________________________________
Cliente DESKTOP-NT5MBRJ desconectado as 28/01/2020 14:13:02
__________________________________________________________________________________
Cliente DESKTOP-NT5MBRJ conectado as 28/01/2020 14:16:01
__________________________________________________________________________________
Cliente DESKTOP-NT5MBRJ desconectado as 28/01/2020 14:19:06
__________________________________________________________________________________
Cliente DESKTOP-NT5MBRJ conectado as 28/01/2020 14:19:25
__________________________________________________________________________________
Cliente DESKTOP-NT5MBRJ desconectado as 28/01/2020 17:13:49
